<?xml version="1.0" encoding="UTF-8"?>
<testsuite name="com.bookstore.test.user.BookTagUnitTest" time="6.621" tests="1" errors="1" skipped="0" failures="0">
  <properties>
[...]
</properties>
  <testcase name="createBookTags" classname="com.bookstore.test.user.BookTagUnitTest" time="6.621">
    <error type="java.lang.NullPointerException:">java.lang.NullPointerException: null
	at com.bookstore.test.user.BookTagUnitTest.createBookTags(BookTagUnitTest.java:68)
</error>
    <system-out><![CDATA[01:56:05.477 [main] DEBUG org.springframework.test.context.junit4.SpringJUnit4ClassRunner - SpringJUnit4ClassRunner constructor called with [class com.bookstore.test.user.BookTagUnitTest]
01:56:05.488 [main] DEBUG org.springframework.test.context.BootstrapUtils - Instantiating CacheAwareContextLoaderDelegate from class [org.springframework.test.context.cache.DefaultCacheAwareContextLoaderDelegate]
01:56:05.550 [main] DEBUG org.springframework.test.context.BootstrapUtils - Instantiating BootstrapContext using constructor [public org.springframework.test.context.support.DefaultBootstrapContext(java.lang.Class,org.springframework.test.context.CacheAwareContextLoaderDelegate)]
01:56:05.575 [main] DEBUG org.springframework.test.context.BootstrapUtils - Instantiating TestContextBootstrapper for test class [com.bookstore.test.user.BookTagUnitTest] from class [org.springframework.test.context.web.WebTestContextBootstrapper]
01:56:05.711 [main] DEBUG org.springframework.test.context.support.AbstractDelegatingSmartContextLoader - Delegating to AnnotationConfigWebContextLoader to process context configuration [ContextConfigurationAttributes@64bf3bbf declaringClass = 'com.bookstore.test.user.BookTagUnitTest', classes = '{class com.bookstore.datalayer.config.RepositorySpringConfiguration}', locations = '{}', inheritLocations = true, initializers = '{}', inheritInitializers = true, name = [null], contextLoaderClass = 'org.springframework.test.context.ContextLoader'].
01:56:05.831 [main] DEBUG org.springframework.test.context.support.ActiveProfilesUtils - Could not find an 'annotation declaring class' for annotation type [org.springframework.test.context.ActiveProfiles] and class [com.bookstore.test.user.BookTagUnitTest]
01:56:05.833 [main] DEBUG org.springframework.test.context.web.WebTestContextBootstrapper - @TestExecutionListeners is not present for class [com.bookstore.test.user.BookTagUnitTest]: using defaults.
01:56:05.837 [main] INFO org.springframework.test.context.web.WebTestContextBootstrapper - Loaded default TestExecutionListener class names from location [META-INF/spring.factories]: [org.springframework.test.context.web.ServletTestExecutionListener, org.springframework.test.context.support.DirtiesContextBeforeModesTestExecutionListener, org.springframework.test.context.support.DependencyInjectionTestExecutionListener, org.springframework.test.context.support.DirtiesContextTestExecutionListener, org.springframework.test.context.transaction.TransactionalTestExecutionListener, org.springframework.test.context.jdbc.SqlScriptsTestExecutionListener]
01:56:05.910 [main] INFO org.springframework.test.context.web.WebTestContextBootstrapper - Using TestExecutionListeners: [org.springframework.test.context.web.ServletTestExecutionListener@2781e022, org.springframework.test.context.support.DirtiesContextBeforeModesTestExecutionListener@57e1b0c, org.springframework.test.context.support.DependencyInjectionTestExecutionListener@4232c52b, org.springframework.test.context.support.DirtiesContextTestExecutionListener@1877ab81, org.springframework.test.context.transaction.TransactionalTestExecutionListener@305fd85d, org.springframework.test.context.jdbc.SqlScriptsTestExecutionListener@458c1321]
01:56:05.921 [main] DEBUG org.springframework.test.context.junit4.SpringJUnit4ClassRunner - SpringJUnit4ClassRunner constructor called with [class com.bookstore.test.user.RoleUnitTest]
01:56:05.922 [main] DEBUG org.springframework.test.context.BootstrapUtils - Instantiating CacheAwareContextLoaderDelegate from class [org.springframework.test.context.cache.DefaultCacheAwareContextLoaderDelegate]
01:56:05.922 [main] DEBUG org.springframework.test.context.BootstrapUtils - Instantiating BootstrapContext using constructor [public org.springframework.test.context.support.DefaultBootstrapContext(java.lang.Class,org.springframework.test.context.CacheAwareContextLoaderDelegate)]
01:56:05.923 [main] DEBUG org.springframework.test.context.BootstrapUtils - Instantiating TestContextBootstrapper for test class [com.bookstore.test.user.RoleUnitTest] from class [org.springframework.test.context.web.WebTestContextBootstrapper]
01:56:05.925 [main] DEBUG org.springframework.test.context.support.AbstractDelegatingSmartContextLoader - Delegating to AnnotationConfigWebContextLoader to process context configuration [ContextConfigurationAttributes@34cd072c declaringClass = 'com.bookstore.test.user.RoleUnitTest', classes = '{class com.bookstore.datalayer.config.RepositorySpringConfiguration}', locations = '{}', inheritLocations = true, initializers = '{}', inheritInitializers = true, name = [null], contextLoaderClass = 'org.springframework.test.context.ContextLoader'].
01:56:05.930 [main] DEBUG org.springframework.test.context.support.ActiveProfilesUtils - Could not find an 'annotation declaring class' for annotation type [org.springframework.test.context.ActiveProfiles] and class [com.bookstore.test.user.RoleUnitTest]
01:56:05.931 [main] DEBUG org.springframework.test.context.web.WebTestContextBootstrapper - @TestExecutionListeners is not present for class [com.bookstore.test.user.RoleUnitTest]: using defaults.
01:56:05.935 [main] INFO org.springframework.test.context.web.WebTestContextBootstrapper - Loaded default TestExecutionListener class names from location [META-INF/spring.factories]: [org.springframework.test.context.web.ServletTestExecutionListener, org.springframework.test.context.support.DirtiesContextBeforeModesTestExecutionListener, org.springframework.test.context.support.DependencyInjectionTestExecutionListener, org.springframework.test.context.support.DirtiesContextTestExecutionListener, org.springframework.test.context.transaction.TransactionalTestExecutionListener, org.springframework.test.context.jdbc.SqlScriptsTestExecutionListener]
01:56:05.936 [main] INFO org.springframework.test.context.web.WebTestContextBootstrapper - Using TestExecutionListeners: [org.springframework.test.context.web.ServletTestExecutionListener@2353b3e6, org.springframework.test.context.support.DirtiesContextBeforeModesTestExecutionListener@631330c, org.springframework.test.context.support.DependencyInjectionTestExecutionListener@42f93a98, org.springframework.test.context.support.DirtiesContextTestExecutionListener@c46bcd4, org.springframework.test.context.transaction.TransactionalTestExecutionListener@3234e239, org.springframework.test.context.jdbc.SqlScriptsTestExecutionListener@3d921e20]
01:56:05.938 [main] DEBUG org.springframework.test.context.junit4.SpringJUnit4ClassRunner - SpringJUnit4ClassRunner constructor called with [class com.bookstore.test.user.UserBookTest]
01:56:05.939 [main] DEBUG org.springframework.test.context.BootstrapUtils - Instantiating CacheAwareContextLoaderDelegate from class [org.springframework.test.context.cache.DefaultCacheAwareContextLoaderDelegate]
01:56:05.939 [main] DEBUG org.springframework.test.context.BootstrapUtils - Instantiating BootstrapContext using constructor [public org.springframework.test.context.support.DefaultBootstrapContext(java.lang.Class,org.springframework.test.context.CacheAwareContextLoaderDelegate)]
01:56:05.939 [main] DEBUG org.springframework.test.context.BootstrapUtils - Instantiating TestContextBootstrapper for test class [com.bookstore.test.user.UserBookTest] from class [org.springframework.test.context.web.WebTestContextBootstrapper]
01:56:05.941 [main] DEBUG org.springframework.test.context.support.AbstractDelegatingSmartContextLoader - Delegating to AnnotationConfigWebContextLoader to process context configuration [ContextConfigurationAttributes@37d31475 declaringClass = 'com.bookstore.test.user.UserBookTest', classes = '{class com.bookstore.datalayer.config.RepositorySpringConfiguration}', locations = '{}', inheritLocations = true, initializers = '{}', inheritInitializers = true, name = [null], contextLoaderClass = 'org.springframework.test.context.ContextLoader'].
01:56:05.945 [main] DEBUG org.springframework.test.context.support.ActiveProfilesUtils - Could not find an 'annotation declaring class' for annotation type [org.springframework.test.context.ActiveProfiles] and class [com.bookstore.test.user.UserBookTest]
01:56:05.946 [main] DEBUG org.springframework.test.context.web.WebTestContextBootstrapper - @TestExecutionListeners is not present for class [com.bookstore.test.user.UserBookTest]: using defaults.
01:56:05.949 [main] INFO org.springframework.test.context.web.WebTestContextBootstrapper - Loaded default TestExecutionListener class names from location [META-INF/spring.factories]: [org.springframework.test.context.web.ServletTestExecutionListener, org.springframework.test.context.support.DirtiesContextBeforeModesTestExecutionListener, org.springframework.test.context.support.DependencyInjectionTestExecutionListener, org.springframework.test.context.support.DirtiesContextTestExecutionListener, org.springframework.test.context.transaction.TransactionalTestExecutionListener, org.springframework.test.context.jdbc.SqlScriptsTestExecutionListener]
01:56:05.950 [main] INFO org.springframework.test.context.web.WebTestContextBootstrapper - Using TestExecutionListeners: [org.springframework.test.context.web.ServletTestExecutionListener@4923ab24, org.springframework.test.context.support.DirtiesContextBeforeModesTestExecutionListener@44c8afef, org.springframework.test.context.support.DependencyInjectionTestExecutionListener@7b69c6ba, org.springframework.test.context.support.DirtiesContextTestExecutionListener@46daef40, org.springframework.test.context.transaction.TransactionalTestExecutionListener@12f41634, org.springframework.test.context.jdbc.SqlScriptsTestExecutionListener@13c27452]
01:56:05.952 [main] DEBUG org.springframework.test.context.junit4.SpringJUnit4ClassRunner - SpringJUnit4ClassRunner constructor called with [class com.bookstore.test.user.UserUnitTest]
01:56:05.952 [main] DEBUG org.springframework.test.context.BootstrapUtils - Instantiating CacheAwareContextLoaderDelegate from class [org.springframework.test.context.cache.DefaultCacheAwareContextLoaderDelegate]
01:56:05.952 [main] DEBUG org.springframework.test.context.BootstrapUtils - Instantiating BootstrapContext using constructor [public org.springframework.test.context.support.DefaultBootstrapContext(java.lang.Class,org.springframework.test.context.CacheAwareContextLoaderDelegate)]
01:56:05.953 [main] DEBUG org.springframework.test.context.BootstrapUtils - Instantiating TestContextBootstrapper for test class [com.bookstore.test.user.UserUnitTest] from class [org.springframework.test.context.web.WebTestContextBootstrapper]
01:56:05.955 [main] DEBUG org.springframework.test.context.support.AbstractDelegatingSmartContextLoader - Delegating to AnnotationConfigWebContextLoader to process context configuration [ContextConfigurationAttributes@371a67ec declaringClass = 'com.bookstore.test.user.UserUnitTest', classes = '{class com.bookstore.datalayer.config.RepositorySpringConfiguration}', locations = '{}', inheritLocations = true, initializers = '{}', inheritInitializers = true, name = [null], contextLoaderClass = 'org.springframework.test.context.ContextLoader'].
01:56:05.959 [main] DEBUG org.springframework.test.context.support.ActiveProfilesUtils - Could not find an 'annotation declaring class' for annotation type [org.springframework.test.context.ActiveProfiles] and class [com.bookstore.test.user.UserUnitTest]
01:56:05.970 [main] DEBUG org.springframework.test.context.web.WebTestContextBootstrapper - @TestExecutionListeners is not present for class [com.bookstore.test.user.UserUnitTest]: using defaults.
01:56:05.972 [main] INFO org.springframework.test.context.web.WebTestContextBootstrapper - Loaded default TestExecutionListener class names from location [META-INF/spring.factories]: [org.springframework.test.context.web.ServletTestExecutionListener, org.springframework.test.context.support.DirtiesContextBeforeModesTestExecutionListener, org.springframework.test.context.support.DependencyInjectionTestExecutionListener, org.springframework.test.context.support.DirtiesContextTestExecutionListener, org.springframework.test.context.transaction.TransactionalTestExecutionListener, org.springframework.test.context.jdbc.SqlScriptsTestExecutionListener]
01:56:05.973 [main] INFO org.springframework.test.context.web.WebTestContextBootstrapper - Using TestExecutionListeners: [org.springframework.test.context.web.ServletTestExecutionListener@42eca56e, org.springframework.test.context.support.DirtiesContextBeforeModesTestExecutionListener@52f759d7, org.springframework.test.context.support.DependencyInjectionTestExecutionListener@7cbd213e, org.springframework.test.context.support.DirtiesContextTestExecutionListener@192d3247, org.springframework.test.context.transaction.TransactionalTestExecutionListener@3ecd23d9, org.springframework.test.context.jdbc.SqlScriptsTestExecutionListener@569cfc36]
01:56:05.978 [main] DEBUG org.springframework.test.annotation.ProfileValueUtils - Retrieved @ProfileValueSourceConfiguration [null] for test class [com.bookstore.test.user.BookTagUnitTest]
01:56:05.978 [main] DEBUG org.springframework.test.annotation.ProfileValueUtils - Retrieved ProfileValueSource type [class org.springframework.test.annotation.SystemProfileValueSource] for class [com.bookstore.test.user.BookTagUnitTest]
01:56:05.979 [main] DEBUG org.springframework.test.annotation.ProfileValueUtils - Retrieved @ProfileValueSourceConfiguration [null] for test class [com.bookstore.test.user.RoleUnitTest]
01:56:05.979 [main] DEBUG org.springframework.test.annotation.ProfileValueUtils - Retrieved ProfileValueSource type [class org.springframework.test.annotation.SystemProfileValueSource] for class [com.bookstore.test.user.RoleUnitTest]
01:56:05.980 [main] DEBUG org.springframework.test.annotation.ProfileValueUtils - Retrieved @ProfileValueSourceConfiguration [null] for test class [com.bookstore.test.user.UserBookTest]
01:56:05.980 [main] DEBUG org.springframework.test.annotation.ProfileValueUtils - Retrieved ProfileValueSource type [class org.springframework.test.annotation.SystemProfileValueSource] for class [com.bookstore.test.user.UserBookTest]
01:56:05.981 [main] DEBUG org.springframework.test.annotation.ProfileValueUtils - Retrieved @ProfileValueSourceConfiguration [null] for test class [com.bookstore.test.user.UserUnitTest]
01:56:05.981 [main] DEBUG org.springframework.test.annotation.ProfileValueUtils - Retrieved ProfileValueSource type [class org.springframework.test.annotation.SystemProfileValueSource] for class [com.bookstore.test.user.UserUnitTest]
01:56:05.985 [main] DEBUG org.springframework.test.context.junit4.SpringJUnit4ClassRunner - SpringJUnit4ClassRunner constructor called with [class com.bookstore.test.user.BookTagUnitTest]
01:56:05.985 [main] DEBUG org.springframework.test.context.BootstrapUtils - Instantiating CacheAwareContextLoaderDelegate from class [org.springframework.test.context.cache.DefaultCacheAwareContextLoaderDelegate]
01:56:05.985 [main] DEBUG org.springframework.test.context.BootstrapUtils - Instantiating BootstrapContext using constructor [public org.springframework.test.context.support.DefaultBootstrapContext(java.lang.Class,org.springframework.test.context.CacheAwareContextLoaderDelegate)]
01:56:05.986 [main] DEBUG org.springframework.test.context.BootstrapUtils - Instantiating TestContextBootstrapper for test class [com.bookstore.test.user.BookTagUnitTest] from class [org.springframework.test.context.web.WebTestContextBootstrapper]
01:56:05.987 [main] DEBUG org.springframework.test.context.support.AbstractDelegatingSmartContextLoader - Delegating to AnnotationConfigWebContextLoader to process context configuration [ContextConfigurationAttributes@22eeefeb declaringClass = 'com.bookstore.test.user.BookTagUnitTest', classes = '{class com.bookstore.datalayer.config.RepositorySpringConfiguration}', locations = '{}', inheritLocations = true, initializers = '{}', inheritInitializers = true, name = [null], contextLoaderClass = 'org.springframework.test.context.ContextLoader'].
01:56:05.990 [main] DEBUG org.springframework.test.context.support.ActiveProfilesUtils - Could not find an 'annotation declaring class' for annotation type [org.springframework.test.context.ActiveProfiles] and class [com.bookstore.test.user.BookTagUnitTest]
01:56:05.991 [main] DEBUG org.springframework.test.context.web.WebTestContextBootstrapper - @TestExecutionListeners is not present for class [com.bookstore.test.user.BookTagUnitTest]: using defaults.
01:56:05.998 [main] INFO org.springframework.test.context.web.WebTestContextBootstrapper - Loaded default TestExecutionListener class names from location [META-INF/spring.factories]: [org.springframework.test.context.web.ServletTestExecutionListener, org.springframework.test.context.support.DirtiesContextBeforeModesTestExecutionListener, org.springframework.test.context.support.DependencyInjectionTestExecutionListener, org.springframework.test.context.support.DirtiesContextTestExecutionListener, org.springframework.test.context.transaction.TransactionalTestExecutionListener, org.springframework.test.context.jdbc.SqlScriptsTestExecutionListener]
01:56:05.999 [main] INFO org.springframework.test.context.web.WebTestContextBootstrapper - Using TestExecutionListeners: [org.springframework.test.context.web.ServletTestExecutionListener@4d1b0d2a, org.springframework.test.context.support.DirtiesContextBeforeModesTestExecutionListener@954b04f, org.springframework.test.context.support.DependencyInjectionTestExecutionListener@149494d8, org.springframework.test.context.support.DirtiesContextTestExecutionListener@710726a3, org.springframework.test.context.transaction.TransactionalTestExecutionListener@646007f4, org.springframework.test.context.jdbc.SqlScriptsTestExecutionListener@481a15ff]
01:56:06.000 [main] DEBUG org.springframework.test.annotation.ProfileValueUtils - Retrieved @ProfileValueSourceConfiguration [null] for test class [com.bookstore.test.user.BookTagUnitTest]
01:56:06.001 [main] DEBUG org.springframework.test.annotation.ProfileValueUtils - Retrieved ProfileValueSource type [class org.springframework.test.annotation.SystemProfileValueSource] for class [com.bookstore.test.user.BookTagUnitTest]
01:56:06.014 [main] DEBUG org.springframework.test.annotation.ProfileValueUtils - Retrieved @ProfileValueSourceConfiguration [null] for test class [com.bookstore.test.user.BookTagUnitTest]
01:56:06.014 [main] DEBUG org.springframework.test.annotation.ProfileValueUtils - Retrieved ProfileValueSource type [class org.springframework.test.annotation.SystemProfileValueSource] for class [com.bookstore.test.user.BookTagUnitTest]
01:56:06.018 [main] DEBUG org.springframework.test.context.support.AbstractDirtiesContextTestExecutionListener - Before test class: context [DefaultTestContext@727803de testClass = BookTagUnitTest, testInstance = [null], testMethod = [null], testException = [null], mergedContextConfiguration = [WebMergedContextConfiguration@704921a5 testClass = BookTagUnitTest, locations = '{}', classes = '{class com.bookstore.datalayer.config.RepositorySpringConfiguration}', contextInitializerClasses = '[]', activeProfiles = '{}', propertySourceLocations = '{}', propertySourceProperties = '{}', contextCustomizers = set[org.springframework.test.context.web.socket.MockServerContainerContextCustomizer@4b4523f8], resourceBasePath = 'src/main/webapp', contextLoader = 'org.springframework.test.context.web.WebDelegatingSmartContextLoader', parent = [null]]], class annotated with @DirtiesContext [false] with mode [null].
01:56:06.019 [main] DEBUG org.springframework.test.annotation.ProfileValueUtils - Retrieved @ProfileValueSourceConfiguration [null] for test class [com.bookstore.test.user.BookTagUnitTest]
01:56:06.020 [main] DEBUG org.springframework.test.annotation.ProfileValueUtils - Retrieved ProfileValueSource type [class org.springframework.test.annotation.SystemProfileValueSource] for class [com.bookstore.test.user.BookTagUnitTest]
01:56:06.040 [main] DEBUG org.springframework.test.context.support.AbstractDelegatingSmartContextLoader - Delegating to AnnotationConfigWebContextLoader to load context from [WebMergedContextConfiguration@704921a5 testClass = BookTagUnitTest, locations = '{}', classes = '{class com.bookstore.datalayer.config.RepositorySpringConfiguration}', contextInitializerClasses = '[]', activeProfiles = '{}', propertySourceLocations = '{}', propertySourceProperties = '{}', contextCustomizers = set[org.springframework.test.context.web.socket.MockServerContainerContextCustomizer@4b4523f8], resourceBasePath = 'src/main/webapp', contextLoader = 'org.springframework.test.context.web.WebDelegatingSmartContextLoader', parent = [null]].
01:56:06.041 [main] DEBUG org.springframework.test.context.web.AbstractGenericWebContextLoader - Loading WebApplicationContext for merged context configuration [WebMergedContextConfiguration@704921a5 testClass = BookTagUnitTest, locations = '{}', classes = '{class com.bookstore.datalayer.config.RepositorySpringConfiguration}', contextInitializerClasses = '[]', activeProfiles = '{}', propertySourceLocations = '{}', propertySourceProperties = '{}', contextCustomizers = set[org.springframework.test.context.web.socket.MockServerContainerContextCustomizer@4b4523f8], resourceBasePath = 'src/main/webapp', contextLoader = 'org.springframework.test.context.web.WebDelegatingSmartContextLoader', parent = [null]].
01:56:06.429 [main] DEBUG org.springframework.web.context.support.StandardServletEnvironment - Adding [servletConfigInitParams] PropertySource with lowest search precedence
01:56:06.429 [main] DEBUG org.springframework.web.context.support.StandardServletEnvironment - Adding [servletContextInitParams] PropertySource with lowest search precedence
01:56:06.434 [main] DEBUG org.springframework.web.context.support.StandardServletEnvironment - Adding [systemProperties] PropertySource with lowest search precedence
01:56:06.435 [main] DEBUG org.springframework.web.context.support.StandardServletEnvironment - Adding [systemEnvironment] PropertySource with lowest search precedence
01:56:06.436 [main] DEBUG org.springframework.web.context.support.StandardServletEnvironment - Initialized StandardServletEnvironment with PropertySources [servletConfigInitParams,servletContextInitParams,systemProperties,systemEnvironment]
01:56:06.436 [main] DEBUG org.springframework.test.context.web.AnnotationConfigWebContextLoader - Registering annotated classes: {class com.bookstore.datalayer.config.RepositorySpringConfiguration}
01:56:06.789 [main] INFO org.springframework.web.context.support.GenericWebApplicationContext - Refreshing org.springframework.web.context.support.GenericWebApplicationContext@48a242ce: startup date [Fri Dec 22 01:56:06 EET 2017]; root of context hierarchy
01:56:06.821 [main] DEBUG org.springframework.web.context.support.StandardServletEnvironment - Replacing [servletContextInitParams] PropertySource with [servletContextInitParams]
01:56:06.822 [main] DEBUG org.springframework.web.context.support.GenericWebApplicationContext - Bean factory for org.springframework.web.context.support.GenericWebApplicationContext@48a242ce: org.springframework.beans.factory.support.DefaultListableBeanFactory@16e7dcfd: defining beans [org.springframework.context.annotation.internalConfigurationAnnotationProcessor,org.springframework.context.annotation.internalAutowiredAnnotationProcessor,org.springframework.context.annotation.internalRequiredAnnotationProcessor,org.springframework.context.annotation.internalCommonAnnotationProcessor,org.springframework.context.annotation.internalPersistenceAnnotationProcessor,org.springframework.context.event.internalEventListenerProcessor,org.springframework.context.event.internalEventListenerFactory,repositorySpringConfiguration]; root of factory hierarchy
01:56:06.880 [main] DEBUG org.springframework.beans.factory.support.DefaultListableBeanFactory - Registering scope 'request' with implementation [org.springframework.web.context.request.RequestScope@4313f5bc]
01:56:06.881 [main] DEBUG org.springframework.beans.factory.support.DefaultListableBeanFactory - Registering scope 'session' with implementation [org.springframework.web.context.request.SessionScope@2b6faea6]
01:56:06.881 [main] DEBUG org.springframework.beans.factory.support.DefaultListableBeanFactory - Registering scope 'globalSession' with implementation [org.springframework.web.context.request.SessionScope@778d1062]
01:56:06.883 [main] DEBUG org.springframework.beans.factory.support.DefaultListableBeanFactory - Registering scope 'application' with implementation [org.springframework.web.context.support.ServletContextScope@49c386c8]
01:56:06.943 [main] DEBUG org.springframework.beans.factory.support.DefaultListableBeanFactory - Creating shared instance of singleton bean 'org.springframework.context.annotation.internalConfigurationAnnotationProcessor'
01:56:06.943 [main] DEBUG org.springframework.beans.factory.support.DefaultListableBeanFactory - Creating instance of bean 'org.springframework.context.annotation.internalConfigurationAnnotationProcessor'
01:56:07.037 [main] DEBUG org.springframework.beans.factory.support.DefaultListableBeanFactory - Eagerly caching bean 'org.springframework.context.annotation.internalConfigurationAnnotationProcessor' to allow for resolving potential circular references
01:56:07.040 [main] DEBUG org.springframework.beans.factory.support.DefaultListableBeanFactory - Finished creating instance of bean 'org.springframework.context.annotation.internalConfigurationAnnotationProcessor'
01:56:07.122 [main] DEBUG org.springframework.context.annotation.ClassPathBeanDefinitionScanner - JSR-250 'javax.annotation.ManagedBean' found and supported for component scanning
01:56:07.125 [main] DEBUG org.springframework.core.io.support.PathMatchingResourcePatternResolver - Resolved classpath location [com/bookstore/] to resources [URL [file:/Users/batux/Downloads/Bookstore_Web/target/test-classes/com/bookstore/], URL [file:/Users/batux/Downloads/Bookstore_Web/target/classes/com/bookstore/]]
01:56:07.126 [main] DEBUG org.springframework.core.io.support.PathMatchingResourcePatternResolver - Looking for matching resources in directory tree [/Users/batux/Downloads/Bookstore_Web/target/test-classes/com/bookstore]
01:56:07.127 [main] DEBUG org.springframework.core.io.support.PathMatchingResourcePatternResolver - Searching directory [/Users/batux/Downloads/Bookstore_Web/target/test-classes/com/bookstore] for files matching pattern [/Users/batux/Downloads/Bookstore_Web/target/test-classes/com/bookstore/**/*.class]
01:56:07.129 [main] DEBUG org.springframework.core.io.support.PathMatchingResourcePatternResolver - Searching directory [/Users/batux/Downloads/Bookstore_Web/target/test-classes/com/bookstore/test] for files matching pattern [/Users/batux/Downloads/Bookstore_Web/target/test-classes/com/bookstore/**/*.class]
01:56:07.130 [main] DEBUG org.springframework.core.io.support.PathMatchingResourcePatternResolver - Searching directory [/Users/batux/Downloads/Bookstore_Web/target/test-classes/com/bookstore/test/user] for files matching pattern [/Users/batux/Downloads/Bookstore_Web/target/test-classes/com/bookstore/**/*.class]
01:56:07.132 [main] DEBUG org.springframework.core.io.support.PathMatchingResourcePatternResolver - Looking for matching resources in directory tree [/Users/batux/Downloads/Bookstore_Web/target/classes/com/bookstore]
01:56:07.132 [main] DEBUG org.springframework.core.io.support.PathMatchingResourcePatternResolver - Searching directory [/Users/batux/Downloads/Bookstore_Web/target/classes/com/bookstore] for files matching pattern [/Users/batux/Downloads/Bookstore_Web/target/classes/com/bookstore/**/*.class]
01:56:07.132 [main] DEBUG org.springframework.core.io.support.PathMatchingResourcePatternResolver - Searching directory [/Users/batux/Downloads/Bookstore_Web/target/classes/com/bookstore/datalayer] for files matching pattern [/Users/batux/Downloads/Bookstore_Web/target/classes/com/bookstore/**/*.class]
01:56:07.133 [main] DEBUG org.springframework.core.io.support.PathMatchingResourcePatternResolver - Searching directory [/Users/batux/Downloads/Bookstore_Web/target/classes/com/bookstore/datalayer/config] for files matching pattern [/Users/batux/Downloads/Bookstore_Web/target/classes/com/bookstore/**/*.class]
01:56:07.133 [main] DEBUG org.springframework.core.io.support.PathMatchingResourcePatternResolver - Searching directory [/Users/batux/Downloads/Bookstore_Web/target/classes/com/bookstore/datalayer/entity] for files matching pattern [/Users/batux/Downloads/Bookstore_Web/target/classes/com/bookstore/**/*.class]
01:56:07.134 [main] DEBUG org.springframework.core.io.support.PathMatchingResourcePatternResolver - Searching directory [/Users/batux/Downloads/Bookstore_Web/target/classes/com/bookstore/datalayer/repository] for files matching pattern [/Users/batux/Downloads/Bookstore_Web/target/classes/com/bookstore/**/*.class]
01:56:07.135 [main] DEBUG org.springframework.core.io.support.PathMatchingResourcePatternResolver - Searching directory [/Users/batux/Downloads/Bookstore_Web/target/classes/com/bookstore/servicelayer] for files matching pattern [/Users/batux/Downloads/Bookstore_Web/target/classes/com/bookstore/**/*.class]
01:56:07.136 [main] DEBUG org.springframework.core.io.support.PathMatchingResourcePatternResolver - Searching directory [/Users/batux/Downloads/Bookstore_Web/target/classes/com/bookstore/weblayer] for files matching pattern [/Users/batux/Downloads/Bookstore_Web/target/classes/com/bookstore/**/*.class]
01:56:07.136 [main] DEBUG org.springframework.core.io.support.PathMatchingResourcePatternResolver - Searching directory [/Users/batux/Downloads/Bookstore_Web/target/classes/com/bookstore/weblayer/model] for files matching pattern [/Users/batux/Downloads/Bookstore_Web/target/classes/com/bookstore/**/*.class]
01:56:07.137 [main] DEBUG org.springframework.core.io.support.PathMatchingResourcePatternResolver - Resolved location pattern [classpath*:com/bookstore/**/*.class] to resources [file [/Users/batux/Downloads/Bookstore_Web/target/test-classes/com/bookstore/test/user/BookTagUnitTest.class], file [/Users/batux/Downloads/Bookstore_Web/target/test-classes/com/bookstore/test/user/RoleUnitTest.class], file [/Users/batux/Downloads/Bookstore_Web/target/test-classes/com/bookstore/test/user/UserBookTest.class], file [/Users/batux/Downloads/Bookstore_Web/target/test-classes/com/bookstore/test/user/UserUnitTest.class], file [/Users/batux/Downloads/Bookstore_Web/target/classes/com/bookstore/datalayer/config/RepositorySpringConfiguration.class], file [/Users/batux/Downloads/Bookstore_Web/target/classes/com/bookstore/datalayer/entity/Book.class], file [/Users/batux/Downloads/Bookstore_Web/target/classes/com/bookstore/datalayer/entity/BookTag.class], file [/Users/batux/Downloads/Bookstore_Web/target/classes/com/bookstore/datalayer/entity/BookTagId.class], file [/Users/batux/Downloads/Bookstore_Web/target/classes/com/bookstore/datalayer/entity/Role.class], file [/Users/batux/Downloads/Bookstore_Web/target/classes/com/bookstore/datalayer/entity/Tag.class], file [/Users/batux/Downloads/Bookstore_Web/target/classes/com/bookstore/datalayer/entity/User.class], file [/Users/batux/Downloads/Bookstore_Web/target/classes/com/bookstore/datalayer/entity/UserBook.class], file [/Users/batux/Downloads/Bookstore_Web/target/classes/com/bookstore/datalayer/entity/UserRole.class], file [/Users/batux/Downloads/Bookstore_Web/target/classes/com/bookstore/datalayer/repository/BookRepository.class], file [/Users/batux/Downloads/Bookstore_Web/target/classes/com/bookstore/datalayer/repository/BookTagQueryRepository.class], file [/Users/batux/Downloads/Bookstore_Web/target/classes/com/bookstore/datalayer/repository/BookTagRepository.class], file [/Users/batux/Downloads/Bookstore_Web/target/classes/com/bookstore/datalayer/repository/RoleRepository.class], file [/Users/batux/Downloads/Bookstore_Web/target/classes/com/bookstore/datalayer/repository/TagRepository.class], file [/Users/batux/Downloads/Bookstore_Web/target/classes/com/bookstore/datalayer/repository/UserBookRepository.class], file [/Users/batux/Downloads/Bookstore_Web/target/classes/com/bookstore/datalayer/repository/UserRepository.class], file [/Users/batux/Downloads/Bookstore_Web/target/classes/com/bookstore/servicelayer/BookService.class], file [/Users/batux/Downloads/Bookstore_Web/target/classes/com/bookstore/servicelayer/RoleService.class], file [/Users/batux/Downloads/Bookstore_Web/target/classes/com/bookstore/servicelayer/UserService.class], file [/Users/batux/Downloads/Bookstore_Web/target/classes/com/bookstore/weblayer/BookStoreController.class], file [/Users/batux/Downloads/Bookstore_Web/target/classes/com/bookstore/weblayer/model/BookTagPair.class], file [/Users/batux/Downloads/Bookstore_Web/target/classes/com/bookstore/weblayer/model/Registration.class], file [/Users/batux/Downloads/Bookstore_Web/target/classes/com/bookstore/weblayer/model/UserAuthentication.class]]
01:56:07.204 [main] DEBUG org.springframework.context.annotation.ClassPathBeanDefinitionScanner - Identified candidate component class: file [/Users/batux/Downloads/Bookstore_Web/target/classes/com/bookstore/datalayer/repository/BookTagQueryRepository.class]
01:56:07.205 [main] DEBUG org.springframework.context.annotation.ClassPathBeanDefinitionScanner - Ignored because not a concrete top-level class: file [/Users/batux/Downloads/Bookstore_Web/target/classes/com/bookstore/datalayer/repository/BookTagRepository.class]
01:56:07.206 [main] DEBUG org.springframework.context.annotation.ClassPathBeanDefinitionScanner - Ignored because not a concrete top-level class: file [/Users/batux/Downloads/Bookstore_Web/target/classes/com/bookstore/datalayer/repository/RoleRepository.class]
01:56:07.206 [main] DEBUG org.springframework.context.annotation.ClassPathBeanDefinitionScanner - Ignored because not a concrete top-level class: file [/Users/batux/Downloads/Bookstore_Web/target/classes/com/bookstore/datalayer/repository/TagRepository.class]
01:56:07.206 [main] DEBUG org.springframework.context.annotation.ClassPathBeanDefinitionScanner - Ignored because not a concrete top-level class: file [/Users/batux/Downloads/Bookstore_Web/target/classes/com/bookstore/datalayer/repository/UserBookRepository.class]
01:56:07.206 [main] DEBUG org.springframework.context.annotation.ClassPathBeanDefinitionScanner - Ignored because not a concrete top-level class: file [/Users/batux/Downloads/Bookstore_Web/target/classes/com/bookstore/datalayer/repository/UserRepository.class]
01:56:07.209 [main] DEBUG org.springframework.context.annotation.ClassPathBeanDefinitionScanner - Identified candidate component class: file [/Users/batux/Downloads/Bookstore_Web/target/classes/com/bookstore/servicelayer/BookService.class]
01:56:07.211 [main] DEBUG org.springframework.context.annotation.ClassPathBeanDefinitionScanner - Identified candidate component class: file [/Users/batux/Downloads/Bookstore_Web/target/classes/com/bookstore/servicelayer/RoleService.class]
01:56:07.212 [main] DEBUG org.springframework.context.annotation.ClassPathBeanDefinitionScanner - Identified candidate component class: file [/Users/batux/Downloads/Bookstore_Web/target/classes/com/bookstore/servicelayer/UserService.class]
01:56:07.247 [main] DEBUG org.springframework.context.annotation.ClassPathBeanDefinitionScanner - Identified candidate component class: file [/Users/batux/Downloads/Bookstore_Web/target/classes/com/bookstore/weblayer/BookStoreController.class]
01:56:07.499 [main] DEBUG org.springframework.context.annotation.ConfigurationClassBeanDefinitionReader - Registered bean definition for imported class 'org.springframework.web.servlet.config.annotation.DelegatingWebMvcConfiguration'
01:56:07.503 [main] DEBUG org.springframework.context.annotation.ConfigurationClassBeanDefinitionReader - Registering bean definition for @Bean method org.springframework.web.servlet.config.annotation.DelegatingWebMvcConfiguration.requestMappingHandlerMapping()
01:56:07.504 [main] DEBUG org.springframework.context.annotation.ConfigurationClassBeanDefinitionReader - Registering bean definition for @Bean method org.springframework.web.servlet.config.annotation.DelegatingWebMvcConfiguration.mvcPathMatcher()
01:56:07.505 [main] DEBUG org.springframework.context.annotation.ConfigurationClassBeanDefinitionReader - Registering bean definition for @Bean method org.springframework.web.servlet.config.annotation.DelegatingWebMvcConfiguration.mvcUrlPathHelper()
01:56:07.506 [main] DEBUG org.springframework.context.annotation.ConfigurationClassBeanDefinitionReader - Registering bean definition for @Bean method org.springframework.web.servlet.config.annotation.DelegatingWebMvcConfiguration.mvcContentNegotiationManager()
01:56:07.507 [main] DEBUG org.springframework.context.annotation.ConfigurationClassBeanDefinitionReader - Registering bean definition for @Bean method org.springframework.web.servlet.config.annotation.DelegatingWebMvcConfiguration.viewControllerHandlerMapping()
01:56:07.508 [main] DEBUG org.springframework.context.annotation.ConfigurationClassBeanDefinitionReader - Registering bean definition for @Bean method org.springframework.web.servlet.config.annotation.DelegatingWebMvcConfiguration.beanNameHandlerMapping()
01:56:07.508 [main] DEBUG org.springframework.context.annotation.ConfigurationClassBeanDefinitionReader - Registering bean definition for @Bean method org.springframework.web.servlet.config.annotation.DelegatingWebMvcConfiguration.resourceHandlerMapping()
01:56:07.509 [main] DEBUG org.springframework.context.annotation.ConfigurationClassBeanDefinitionReader - Registering bean definition for @Bean method org.springframework.web.servlet.config.annotation.DelegatingWebMvcConfiguration.mvcResourceUrlProvider()
01:56:07.509 [main] DEBUG org.springframework.context.annotation.ConfigurationClassBeanDefinitionReader - Registering bean definition for @Bean method org.springframework.web.servlet.config.annotation.DelegatingWebMvcConfiguration.defaultServletHandlerMapping()
01:56:07.510 [main] DEBUG org.springframework.context.annotation.ConfigurationClassBeanDefinitionReader - Registering bean definition for @Bean method org.springframework.web.servlet.config.annotation.DelegatingWebMvcConfiguration.requestMappingHandlerAdapter()
01:56:07.510 [main] DEBUG org.springframework.context.annotation.ConfigurationClassBeanDefinitionReader - Registering bean definition for @Bean method org.springframework.web.servlet.config.annotation.DelegatingWebMvcConfiguration.mvcConversionService()
01:56:07.511 [main] DEBUG org.springframework.context.annotation.ConfigurationClassBeanDefinitionReader - Registering bean definition for @Bean method org.springframework.web.servlet.config.annotation.DelegatingWebMvcConfiguration.mvcValidator()
01:56:07.511 [main] DEBUG org.springframework.context.annotation.ConfigurationClassBeanDefinitionReader - Registering bean definition for @Bean method org.springframework.web.servlet.config.annotation.DelegatingWebMvcConfiguration.mvcUriComponentsContributor()
01:56:07.512 [main] DEBUG org.springframework.context.annotation.ConfigurationClassBeanDefinitionReader - Registering bean definition for @Bean method org.springframework.web.servlet.config.annotation.DelegatingWebMvcConfiguration.httpRequestHandlerAdapter()
01:56:07.513 [main] DEBUG org.springframework.context.annotation.ConfigurationClassBeanDefinitionReader - Registering bean definition for @Bean method org.springframework.web.servlet.config.annotation.DelegatingWebMvcConfiguration.simpleControllerHandlerAdapter()
01:56:07.515 [main] DEBUG org.springframework.context.annotation.ConfigurationClassBeanDefinitionReader - Registering bean definition for @Bean method org.springframework.web.servlet.config.annotation.DelegatingWebMvcConfiguration.handlerExceptionResolver()
01:56:07.516 [main] DEBUG org.springframework.context.annotation.ConfigurationClassBeanDefinitionReader - Registering bean definition for @Bean method org.springframework.web.servlet.config.annotation.DelegatingWebMvcConfiguration.mvcViewResolver()
01:56:07.516 [main] DEBUG org.springframework.context.annotation.ConfigurationClassBeanDefinitionReader - Registered bean definition for imported class 'org.springframework.transaction.annotation.ProxyTransactionManagementConfiguration'
01:56:07.517 [main] DEBUG org.springframework.context.annotation.ConfigurationClassBeanDefinitionReader - Registering bean definition for @Bean method org.springframework.transaction.annotation.ProxyTransactionManagementConfiguration.org.springframework.transaction.config.internalTransactionAdvisor()
01:56:07.517 [main] DEBUG org.springframework.context.annotation.ConfigurationClassBeanDefinitionReader - Registering bean definition for @Bean method org.springframework.transaction.annotation.ProxyTransactionManagementConfiguration.transactionAttributeSource()
01:56:07.517 [main] DEBUG org.springframework.context.annotation.ConfigurationClassBeanDefinitionReader - Registering bean definition for @Bean method org.springframework.transaction.annotation.ProxyTransactionManagementConfiguration.transactionInterceptor()
01:56:07.518 [main] DEBUG org.springframework.context.annotation.ConfigurationClassBeanDefinitionReader - Registering bean definition for @Bean method org.springframework.transaction.annotation.ProxyTransactionManagementConfiguration.org.springframework.transaction.config.internalTransactionalEventListenerFactory()
01:56:07.519 [main] DEBUG org.springframework.context.annotation.ConfigurationClassBeanDefinitionReader - Registering bean definition for @Bean method com.bookstore.datalayer.config.RepositorySpringConfiguration.dataSource()
01:56:07.519 [main] DEBUG org.springframework.context.annotation.ConfigurationClassBeanDefinitionReader - Registering bean definition for @Bean method com.bookstore.datalayer.config.RepositorySpringConfiguration.jdbcTemplate()
01:56:07.520 [main] DEBUG org.springframework.context.annotation.ConfigurationClassBeanDefinitionReader - Registering bean definition for @Bean method com.bookstore.datalayer.config.RepositorySpringConfiguration.entityManagerFactory()
01:56:07.521 [main] DEBUG org.springframework.context.annotation.ConfigurationClassBeanDefinitionReader - Registering bean definition for @Bean method com.bookstore.datalayer.config.RepositorySpringConfiguration.transactionManager()
01:56:07.521 [main] DEBUG org.springframework.context.annotation.ConfigurationClassBeanDefinitionReader - Registering bean definition for @Bean method com.bookstore.datalayer.config.RepositorySpringConfiguration.hibernateExceptionTranslator()
01:56:07.578 [main] DEBUG org.springframework.core.env.StandardEnvironment - Adding [systemProperties] PropertySource with lowest search precedence
01:56:07.579 [main] DEBUG org.springframework.core.env.StandardEnvironment - Adding [systemEnvironment] PropertySource with lowest search precedence
01:56:07.579 [main] DEBUG org.springframework.core.env.StandardEnvironment - Initialized StandardEnvironment with PropertySources [systemProperties,systemEnvironment]
01:56:07.581 [main] DEBUG org.springframework.core.io.support.PathMatchingResourcePatternResolver - Resolved classpath location [com/bookstore/] to resources [URL [file:/Users/batux/Downloads/Bookstore_Web/target/test-classes/com/bookstore/], URL [file:/Users/batux/Downloads/Bookstore_Web/target/classes/com/bookstore/]]
01:56:07.582 [main] DEBUG org.springframework.core.io.support.PathMatchingResourcePatternResolver - Looking for matching resources in directory tree [/Users/batux/Downloads/Bookstore_Web/target/test-classes/com/bookstore]
01:56:07.582 [main] DEBUG org.springframework.core.io.support.PathMatchingResourcePatternResolver - Searching directory [/Users/batux/Downloads/Bookstore_Web/target/test-classes/com/bookstore] for files matching pattern [/Users/batux/Downloads/Bookstore_Web/target/test-classes/com/bookstore/**/*.class]
01:56:07.582 [main] DEBUG org.springframework.core.io.support.PathMatchingResourcePatternResolver - Searching directory [/Users/batux/Downloads/Bookstore_Web/target/test-classes/com/bookstore/test] for files matching pattern [/Users/batux/Downloads/Bookstore_Web/target/test-classes/com/bookstore/**/*.class]
01:56:07.583 [main] DEBUG org.springframework.core.io.support.PathMatchingResourcePatternResolver - Searching directory [/Users/batux/Downloads/Bookstore_Web/target/test-classes/com/bookstore/test/user] for files matching pattern [/Users/batux/Downloads/Bookstore_Web/target/test-classes/com/bookstore/**/*.class]
01:56:07.583 [main] DEBUG org.springframework.core.io.support.PathMatchingResourcePatternResolver - Looking for matching resources in directory tree [/Users/batux/Downloads/Bookstore_Web/target/classes/com/bookstore]
01:56:07.584 [main] DEBUG org.springframework.core.io.support.PathMatchingResourcePatternResolver - Searching directory [/Users/batux/Downloads/Bookstore_Web/target/classes/com/bookstore] for files matching pattern [/Users/batux/Downloads/Bookstore_Web/target/classes/com/bookstore/**/*.class]
01:56:07.584 [main] DEBUG org.springframework.core.io.support.PathMatchingResourcePatternResolver - Searching directory [/Users/batux/Downloads/Bookstore_Web/target/classes/com/bookstore/datalayer] for files matching pattern [/Users/batux/Downloads/Bookstore_Web/target/classes/com/bookstore/**/*.class]
01:56:07.584 [main] DEBUG org.springframework.core.io.support.PathMatchingResourcePatternResolver - Searching directory [/Users/batux/Downloads/Bookstore_Web/target/classes/com/bookstore/datalayer/config] for files matching pattern [/Users/batux/Downloads/Bookstore_Web/target/classes/com/bookstore/**/*.class]
01:56:07.585 [main] DEBUG org.springframework.core.io.support.PathMatchingResourcePatternResolver - Searching directory [/Users/batux/Downloads/Bookstore_Web/target/classes/com/bookstore/datalayer/entity] for files matching pattern [/Users/batux/Downloads/Bookstore_Web/target/classes/com/bookstore/**/*.class]
01:56:07.589 [main] DEBUG org.springframework.core.io.support.PathMatchingResourcePatternResolver - Searching directory [/Users/batux/Downloads/Bookstore_Web/target/classes/com/bookstore/datalayer/repository] for files matching pattern [/Users/batux/Downloads/Bookstore_Web/target/classes/com/bookstore/**/*.class]
01:56:07.590 [main] DEBUG org.springframework.core.io.support.PathMatchingResourcePatternResolver - Searching directory [/Users/batux/Downloads/Bookstore_Web/target/classes/com/bookstore/servicelayer] for files matching pattern [/Users/batux/Downloads/Bookstore_Web/target/classes/com/bookstore/**/*.class]
01:56:07.591 [main] DEBUG org.springframework.core.io.support.PathMatchingResourcePatternResolver - Searching directory [/Users/batux/Downloads/Bookstore_Web/target/classes/com/bookstore/weblayer] for files matching pattern [/Users/batux/Downloads/Bookstore_Web/target/classes/com/bookstore/**/*.class]
01:56:07.591 [main] DEBUG org.springframework.core.io.support.PathMatchingResourcePatternResolver - Searching directory [/Users/batux/Downloads/Bookstore_Web/target/classes/com/bookstore/weblayer/model] for files matching pattern [/Users/batux/Downloads/Bookstore_Web/target/classes/com/bookstore/**/*.class]
01:56:07.592 [main] DEBUG org.springframework.core.io.support.PathMatchingResourcePatternResolver - Resolved location pattern [classpath*:com/bookstore/**/*.class] to resources [file [/Users/batux/Downloads/Bookstore_Web/target/test-classes/com/bookstore/test/user/BookTagUnitTest.class], file [/Users/batux/Downloads/Bookstore_Web/target/test-classes/com/bookstore/test/user/RoleUnitTest.class], file [/Users/batux/Downloads/Bookstore_Web/target/test-classes/com/bookstore/test/user/UserBookTest.class], file [/Users/batux/Downloads/Bookstore_Web/target/test-classes/com/bookstore/test/user/UserUnitTest.class], file [/Users/batux/Downloads/Bookstore_Web/target/classes/com/bookstore/datalayer/config/RepositorySpringConfiguration.class], file [/Users/batux/Downloads/Bookstore_Web/target/classes/com/bookstore/datalayer/entity/Book.class], file [/Users/batux/Downloads/Bookstore_Web/target/classes/com/bookstore/datalayer/entity/BookTag.class], file [/Users/batux/Downloads/Bookstore_Web/target/classes/com/bookstore/datalayer/entity/BookTagId.class], file [/Users/batux/Downloads/Bookstore_Web/target/classes/com/bookstore/datalayer/entity/Role.class], file [/Users/batux/Downloads/Bookstore_Web/target/classes/com/bookstore/datalayer/entity/Tag.class], file [/Users/batux/Downloads/Bookstore_Web/target/classes/com/bookstore/datalayer/entity/User.class], file [/Users/batux/Downloads/Bookstore_Web/target/classes/com/bookstore/datalayer/entity/UserBook.class], file [/Users/batux/Downloads/Bookstore_Web/target/classes/com/bookstore/datalayer/entity/UserRole.class], file [/Users/batux/Downloads/Bookstore_Web/target/classes/com/bookstore/datalayer/repository/BookRepository.class], file [/Users/batux/Downloads/Bookstore_Web/target/classes/com/bookstore/datalayer/repository/BookTagQueryRepository.class], file [/Users/batux/Downloads/Bookstore_Web/target/classes/com/bookstore/datalayer/repository/BookTagRepository.class], file [/Users/batux/Downloads/Bookstore_Web/target/classes/com/bookstore/datalayer/repository/RoleRepository.class], file [/Users/batux/Downloads/Bookstore_Web/target/classes/com/bookstore/datalayer/repository/TagRepository.class], file [/Users/batux/Downloads/Bookstore_Web/target/classes/com/bookstore/datalayer/repository/UserBookRepository.class], file [/Users/batux/Downloads/Bookstore_Web/target/classes/com/bookstore/datalayer/repository/UserRepository.class], file [/Users/batux/Downloads/Bookstore_Web/target/classes/com/bookstore/servicelayer/BookService.class], file [/Users/batux/Downloads/Bookstore_Web/target/classes/com/bookstore/servicelayer/RoleService.class], file [/Users/batux/Downloads/Bookstore_Web/target/classes/com/bookstore/servicelayer/UserService.class], file [/Users/batux/Downloads/Bookstore_Web/target/classes/com/bookstore/weblayer/BookStoreController.class], file [/Users/batux/Downloads/Bookstore_Web/target/classes/com/bookstore/weblayer/model/BookTagPair.class], file [/Users/batux/Downloads/Bookstore_Web/target/classes/com/bookstore/weblayer/model/Registration.class], file [/Users/batux/Downloads/Bookstore_Web/target/classes/com/bookstore/weblayer/model/UserAuthentication.class]]
01:56:07.606 [main] DEBUG org.springframework.data.repository.config.RepositoryComponentProvider - Identified candidate component class: file [/Users/batux/Downloads/Bookstore_Web/target/classes/com/bookstore/datalayer/repository/BookRepository.class]
01:56:07.607 [main] DEBUG org.springframework.data.repository.config.RepositoryComponentProvider - Identified candidate component class: file [/Users/batux/Downloads/Bookstore_Web/target/classes/com/bookstore/datalayer/repository/BookTagRepository.class]
01:56:07.608 [main] DEBUG org.springframework.data.repository.config.RepositoryComponentProvider - Identified candidate component class: file [/Users/batux/Downloads/Bookstore_Web/target/classes/com/bookstore/datalayer/repository/RoleRepository.class]
01:56:07.608 [main] DEBUG org.springframework.data.repository.config.RepositoryComponentProvider - Identified candidate component class: file [/Users/batux/Downloads/Bookstore_Web/target/classes/com/bookstore/datalayer/repository/TagRepository.class]
01:56:07.609 [main] DEBUG org.springframework.data.repository.config.RepositoryComponentProvider - Identified candidate component class: file [/Users/batux/Downloads/Bookstore_Web/target/classes/com/bookstore/datalayer/repository/UserBookRepository.class]
01:56:07.610 [main] DEBUG org.springframework.data.repository.config.RepositoryComponentProvider - Identified candidate component class: file [/Users/batux/Downloads/Bookstore_Web/target/classes/com/bookstore/datalayer/repository/UserRepository.class]
01:56:07.622 [main] DEBUG org.springframework.core.env.StandardEnvironment - Adding [systemProperties] PropertySource with lowest search precedence
01:56:07.623 [main] DEBUG org.springframework.core.env.StandardEnvironment - Adding [systemEnvironment] PropertySource with lowest search precedence
01:56:07.623 [main] DEBUG org.springframework.core.env.StandardEnvironment - Initialized StandardEnvironment with PropertySources [systemProperties,systemEnvironment]
01:56:07.624 [main] DEBUG org.springframework.core.io.support.PathMatchingResourcePatternResolver - Resolved classpath location [com/bookstore/] to resources [URL [file:/Users/batux/Downloads/Bookstore_Web/target/test-classes/com/bookstore/], URL [file:/Users/batux/Downloads/Bookstore_Web/target/classes/com/bookstore/]]
01:56:07.625 [main] DEBUG org.springframework.core.io.support.PathMatchingResourcePatternResolver - Looking for matching resources in directory tree [/Users/batux/Downloads/Bookstore_Web/target/test-classes/com/bookstore]
01:56:07.625 [main] DEBUG org.springframework.core.io.support.PathMatchingResourcePatternResolver - Searching directory [/Users/batux/Downloads/Bookstore_Web/target/test-classes/com/bookstore] for files matching pattern [/Users/batux/Downloads/Bookstore_Web/target/test-classes/com/bookstore/**/*BookTagRepositoryImpl.class]
01:56:07.625 [main] DEBUG org.springframework.core.io.support.PathMatchingResourcePatternResolver - Searching directory [/Users/batux/Downloads/Bookstore_Web/target/test-classes/com/bookstore/test] for files matching pattern [/Users/batux/Downloads/Bookstore_Web/target/test-classes/com/bookstore/**/*BookTagRepositoryImpl.class]
01:56:07.625 [main] DEBUG org.springframework.core.io.support.PathMatchingResourcePatternResolver - Searching directory [/Users/batux/Downloads/Bookstore_Web/target/test-classes/com/bookstore/test/user] for files matching pattern [/Users/batux/Downloads/Bookstore_Web/target/test-classes/com/bookstore/**/*BookTagRepositoryImpl.class]
01:56:07.626 [main] DEBUG org.springframework.core.io.support.PathMatchingResourcePatternResolver - Looking for matching resources in directory tree [/Users/batux/Downloads/Bookstore_Web/target/classes/com/bookstore]
01:56:07.626 [main] DEBUG org.springframework.core.io.support.PathMatchingResourcePatternResolver - Searching directory [/Users/batux/Downloads/Bookstore_Web/target/classes/com/bookstore] for files matching pattern [/Users/batux/Downloads/Bookstore_Web/target/classes/com/bookstore/**/*BookTagRepositoryImpl.class]
01:56:07.627 [main] DEBUG org.springframework.core.io.support.PathMatchingResourcePatternResolver - Searching directory [/Users/batux/Downloads/Bookstore_Web/target/classes/com/bookstore/datalayer] for files matching pattern [/Users/batux/Downloads/Bookstore_Web/target/classes/com/bookstore/**/*BookTagRepositoryImpl.class]
01:56:07.627 [main] DEBUG org.springframework.core.io.support.PathMatchingResourcePatternResolver - Searching directory [/Users/batux/Downloads/Bookstore_Web/target/classes/com/bookstore/datalayer/config] for files matching pattern [/Users/batux/Downloads/Bookstore_Web/target/classes/com/bookstore/**/*BookTagRepositoryImpl.class]
01:56:07.628 [main] DEBUG org.springframework.core.io.support.PathMatchingResourcePatternResolver - Searching directory [/Users/batux/Downloads/Bookstore_Web/target/classes/com/bookstore/datalayer/entity] for files matching pattern [/Users/batux/Downloads/Bookstore_Web/target/classes/com/bookstore/**/*BookTagRepositoryImpl.class]
01:56:07.629 [main] DEBUG org.springframework.core.io.support.PathMatchingResourcePatternResolver - Searching directory [/Users/batux/Downloads/Bookstore_Web/target/classes/com/bookstore/datalayer/repository] for files matching pattern [/Users/batux/Downloads/Bookstore_Web/target/classes/com/bookstore/**/*BookTagRepositoryImpl.class]
01:56:07.630 [main] DEBUG org.springframework.core.io.support.PathMatchingResourcePatternResolver - Searching directory [/Users/batux/Downloads/Bookstore_Web/target/classes/com/bookstore/servicelayer] for files matching pattern [/Users/batux/Downloads/Bookstore_Web/target/classes/com/bookstore/**/*BookTagRepositoryImpl.class]
01:56:07.630 [main] DEBUG org.springframework.core.io.support.PathMatchingResourcePatternResolver - Searching directory [/Users/batux/Downloads/Bookstore_Web/target/classes/com/bookstore/weblayer] for files matching pattern [/Users/batux/Downloads/Bookstore_Web/target/classes/com/bookstore/**/*BookTagRepositoryImpl.class]
01:56:07.631 [main] DEBUG org.springframework.core.io.support.PathMatchingResourcePatternResolver - Searching directory [/Users/batux/Downloads/Bookstore_Web/target/classes/com/bookstore/weblayer/model] for files matching pattern [/Users/batux/Downloads/Bookstore_Web/target/classes/com/bookstore/**/*BookTagRepositoryImpl.class]
01:56:07.631 [main] DEBUG org.springframework.core.io.support.PathMatchingResourcePatternResolver - Resolved location pattern [classpath*:com/bookstore/**/*BookTagRepositoryImpl.class] to resources []
01:56:07.642 [main] DEBUG org.springframework.data.repository.config.RepositoryConfigurationDelegate - Spring Data JPA - Registering repository: bookTagRepository - Interface: com.bookstore.datalayer.repository.BookTagRepository - Factory: org.springframework.data.jpa.repository.support.JpaRepositoryFactoryBean
01:56:07.652 [main] DEBUG org.springframework.core.env.StandardEnvironment - Adding [systemProperties] PropertySource with lowest search precedence
01:56:07.653 [main] DEBUG org.springframework.core.env.StandardEnvironment - Adding [systemEnvironment] PropertySource with lowest search precedence
01:56:07.653 [main] DEBUG org.springframework.core.env.StandardEnvironment - Initialized StandardEnvironment with PropertySources [systemProperties,systemEnvironment]
01:56:07.653 [main] DEBUG org.springframework.core.io.support.PathMatchingResourcePatternResolver - Resolved classpath location [com/bookstore/] to resources [URL [file:/Users/batux/Downloads/Bookstore_Web/target/test-classes/com/bookstore/], URL [file:/Users/batux/Downloads/Bookstore_Web/target/classes/com/bookstore/]]
01:56:07.653 [main] DEBUG org.springframework.core.io.support.PathMatchingResourcePatternResolver - Looking for matching resources in directory tree [/Users/batux/Downloads/Bookstore_Web/target/test-classes/com/bookstore]
01:56:07.653 [main] DEBUG org.springframework.core.io.support.PathMatchingResourcePatternResolver - Searching directory [/Users/batux/Downloads/Bookstore_Web/target/test-classes/com/bookstore] for files matching pattern [/Users/batux/Downloads/Bookstore_Web/target/test-classes/com/bookstore/**/*TagRepositoryImpl.class]
01:56:07.654 [main] DEBUG org.springframework.core.io.support.PathMatchingResourcePatternResolver - Searching directory [/Users/batux/Downloads/Bookstore_Web/target/test-classes/com/bookstore/test] for files matching pattern [/Users/batux/Downloads/Bookstore_Web/target/test-classes/com/bookstore/**/*TagRepositoryImpl.class]
01:56:07.654 [main] DEBUG org.springframework.core.io.support.PathMatchingResourcePatternResolver - Searching directory [/Users/batux/Downloads/Bookstore_Web/target/test-classes/com/bookstore/test/user] for files matching pattern [/Users/batux/Downloads/Bookstore_Web/target/test-classes/com/bookstore/**/*TagRepositoryImpl.class]
01:56:07.655 [main] DEBUG org.springframework.core.io.support.PathMatchingResourcePatternResolver - Looking for matching resources in directory tree [/Users/batux/Downloads/Bookstore_Web/target/classes/com/bookstore]
01:56:07.655 [main] DEBUG org.springframework.core.io.support.PathMatchingResourcePatternResolver - Searching directory [/Users/batux/Downloads/Bookstore_Web/target/classes/com/bookstore] for files matching pattern [/Users/batux/Downloads/Bookstore_Web/target/classes/com/bookstore/**/*TagRepositoryImpl.class]
01:56:07.655 [main] DEBUG org.springframework.core.io.support.PathMatchingResourcePatternResolver - Searching directory [/Users/batux/Downloads/Bookstore_Web/target/classes/com/bookstore/datalayer] for files matching pattern [/Users/batux/Downloads/Bookstore_Web/target/classes/com/bookstore/**/*TagRepositoryImpl.class]
01:56:07.655 [main] DEBUG org.springframework.core.io.support.PathMatchingResourcePatternResolver - Searching directory [/Users/batux/Downloads/Bookstore_Web/target/classes/com/bookstore/datalayer/config] for files matching pattern [/Users/batux/Downloads/Bookstore_Web/target/classes/com/bookstore/**/*TagRepositoryImpl.class]
01:56:07.656 [main] DEBUG org.springframework.core.io.support.PathMatchingResourcePatternResolver - Searching directory [/Users/batux/Downloads/Bookstore_Web/target/classes/com/bookstore/datalayer/entity] for files matching pattern [/Users/batux/Downloads/Bookstore_Web/target/classes/com/bookstore/**/*TagRepositoryImpl.class]
01:56:07.657 [main] DEBUG org.springframework.core.io.support.PathMatchingResourcePatternResolver - Searching directory [/Users/batux/Downloads/Bookstore_Web/target/classes/com/bookstore/datalayer/repository] for files matching pattern [/Users/batux/Downloads/Bookstore_Web/target/classes/com/bookstore/**/*TagRepositoryImpl.class]
01:56:07.658 [main] DEBUG org.springframework.core.io.support.PathMatchingResourcePatternResolver - Searching directory [/Users/batux/Downloads/Bookstore_Web/target/classes/com/bookstore/servicelayer] for files matching pattern [/Users/batux/Downloads/Bookstore_Web/target/classes/com/bookstore/**/*TagRepositoryImpl.class]
01:56:07.659 [main] DEBUG org.springframework.core.io.support.PathMatchingResourcePatternResolver - Searching directory [/Users/batux/Downloads/Bookstore_Web/target/classes/com/bookstore/weblayer] for files matching pattern [/Users/batux/Downloads/Bookstore_Web/target/classes/com/bookstore/**/*TagRepositoryImpl.class]
01:56:07.659 [main] DEBUG org.springframework.core.io.support.PathMatchingResourcePatternResolver - Searching directory [/Users/batux/Downloads/Bookstore_Web/target/classes/com/bookstore/weblayer/model] for files matching pattern [/Users/batux/Downloads/Bookstore_Web/target/classes/com/bookstore/**/*TagRepositoryImpl.class]
01:56:07.659 [main] DEBUG org.springframework.core.io.support.PathMatchingResourcePatternResolver - Resolved location pattern [classpath*:com/bookstore/**/*TagRepositoryImpl.class] to resources []
01:56:07.660 [main] DEBUG org.springframework.data.repository.config.RepositoryConfigurationDelegate - Spring Data JPA - Registering repository: tagRepository - Interface: com.bookstore.datalayer.repository.TagRepository - Factory: org.springframework.data.jpa.repository.support.JpaRepositoryFactoryBean
01:56:07.660 [main] DEBUG org.springframework.core.env.StandardEnvironment - Adding [systemProperties] PropertySource with lowest search precedence
01:56:07.660 [main] DEBUG org.springframework.core.env.StandardEnvironment - Adding [systemEnvironment] PropertySource with lowest search precedence
01:56:07.661 [main] DEBUG org.springframework.core.env.StandardEnvironment - Initialized StandardEnvironment with PropertySources [systemProperties,systemEnvironment]
01:56:07.661 [main] DEBUG org.springframework.core.io.support.PathMatchingResourcePatternResolver - Resolved classpath location [com/bookstore/] to resources [URL [file:/Users/batux/Downloads/Bookstore_Web/target/test-classes/com/bookstore/], URL [file:/Users/batux/Downloads/Bookstore_Web/target/classes/com/bookstore/]]
01:56:07.661 [main] DEBUG org.springframework.core.io.support.PathMatchingResourcePatternResolver - Looking for matching resources in directory tree [/Users/batux/Downloads/Bookstore_Web/target/test-classes/com/bookstore]
01:56:07.661 [main] DEBUG org.springframework.core.io.support.PathMatchingResourcePatternResolver - Searching directory [/Users/batux/Downloads/Bookstore_Web/target/test-classes/com/bookstore] for files matching pattern [/Users/batux/Downloads/Bookstore_Web/target/test-classes/com/bookstore/**/*BookRepositoryImpl.class]
01:56:07.661 [main] DEBUG org.springframework.core.io.support.PathMatchingResourcePatternResolver - Searching directory [/Users/batux/Downloads/Bookstore_Web/target/test-classes/com/bookstore/test] for files matching pattern [/Users/batux/Downloads/Bookstore_Web/target/test-classes/com/bookstore/**/*BookRepositoryImpl.class]
01:56:07.662 [main] DEBUG org.springframework.core.io.support.PathMatchingResourcePatternResolver - Searching directory [/Users/batux/Downloads/Bookstore_Web/target/test-classes/com/bookstore/test/user] for files matching pattern [/Users/batux/Downloads/Bookstore_Web/target/test-classes/com/bookstore/**/*BookRepositoryImpl.class]
01:56:07.662 [main] DEBUG org.springframework.core.io.support.PathMatchingResourcePatternResolver - Looking for matching resources in directory tree [/Users/batux/Downloads/Bookstore_Web/target/classes/com/bookstore]
01:56:07.662 [main] DEBUG org.springframework.core.io.support.PathMatchingResourcePatternResolver - Searching directory [/Users/batux/Downloads/Bookstore_Web/target/classes/com/bookstore] for files matching pattern [/Users/batux/Downloads/Bookstore_Web/target/classes/com/bookstore/**/*BookRepositoryImpl.class]
01:56:07.663 [main] DEBUG org.springframework.core.io.support.PathMatchingResourcePatternResolver - Searching directory [/Users/batux/Downloads/Bookstore_Web/target/classes/com/bookstore/datalayer] for files matching pattern [/Users/batux/Downloads/Bookstore_Web/target/classes/com/bookstore/**/*BookRepositoryImpl.class]
01:56:07.663 [main] DEBUG org.springframework.core.io.support.PathMatchingResourcePatternResolver - Searching directory [/Users/batux/Downloads/Bookstore_Web/target/classes/com/bookstore/datalayer/config] for files matching pattern [/Users/batux/Downloads/Bookstore_Web/target/classes/com/bookstore/**/*BookRepositoryImpl.class]
01:56:07.663 [main] DEBUG org.springframework.core.io.support.PathMatchingResourcePatternResolver - Searching directory [/Users/batux/Downloads/Bookstore_Web/target/classes/com/bookstore/datalayer/entity] for files matching pattern [/Users/batux/Downloads/Bookstore_Web/target/classes/com/bookstore/**/*BookRepositoryImpl.class]
01:56:07.664 [main] DEBUG org.springframework.core.io.support.PathMatchingResourcePatternResolver - Searching directory [/Users/batux/Downloads/Bookstore_Web/target/classes/com/bookstore/datalayer/repository] for files matching pattern [/Users/batux/Downloads/Bookstore_Web/target/classes/com/bookstore/**/*BookRepositoryImpl.class]
01:56:07.686 [main] DEBUG org.springframework.core.io.support.PathMatchingResourcePatternResolver - Searching directory [/Users/batux/Downloads/Bookstore_Web/target/classes/com/bookstore/servicelayer] for files matching pattern [/Users/batux/Downloads/Bookstore_Web/target/classes/com/bookstore/**/*BookRepositoryImpl.class]
01:56:07.687 [main] DEBUG org.springframework.core.io.support.PathMatchingResourcePatternResolver - Searching directory [/Users/batux/Downloads/Bookstore_Web/target/classes/com/bookstore/weblayer] for files matching pattern [/Users/batux/Downloads/Bookstore_Web/target/classes/com/bookstore/**/*BookRepositoryImpl.class]
01:56:07.687 [main] DEBUG org.springframework.core.io.support.PathMatchingResourcePatternResolver - Searching directory [/Users/batux/Downloads/Bookstore_Web/target/classes/com/bookstore/weblayer/model] for files matching pattern [/Users/batux/Downloads/Bookstore_Web/target/classes/com/bookstore/**/*BookRepositoryImpl.class]
01:56:07.688 [main] DEBUG org.springframework.core.io.support.PathMatchingResourcePatternResolver - Resolved location pattern [classpath*:com/bookstore/**/*BookRepositoryImpl.class] to resources []
01:56:07.688 [main] DEBUG org.springframework.data.repository.config.RepositoryConfigurationDelegate - Spring Data JPA - Registering repository: bookRepository - Interface: com.bookstore.datalayer.repository.BookRepository - Factory: org.springframework.data.jpa.repository.support.JpaRepositoryFactoryBean
01:56:07.688 [main] DEBUG org.springframework.core.env.StandardEnvironment - Adding [systemProperties] PropertySource with lowest search precedence
01:56:07.688 [main] DEBUG org.springframework.core.env.StandardEnvironment - Adding [systemEnvironment] PropertySource with lowest search precedence
01:56:07.689 [main] DEBUG org.springframework.core.env.StandardEnvironment - Initialized StandardEnvironment with PropertySources [systemProperties,systemEnvironment]
01:56:07.689 [main] DEBUG org.springframework.core.io.support.PathMatchingResourcePatternResolver - Resolved classpath location [com/bookstore/] to resources [URL [file:/Users/batux/Downloads/Bookstore_Web/target/test-classes/com/bookstore/], URL [file:/Users/batux/Downloads/Bookstore_Web/target/classes/com/bookstore/]]
01:56:07.689 [main] DEBUG org.springframework.core.io.support.PathMatchingResourcePatternResolver - Looking for matching resources in directory tree [/Users/batux/Downloads/Bookstore_Web/target/test-classes/com/bookstore]
01:56:07.689 [main] DEBUG org.springframework.core.io.support.PathMatchingResourcePatternResolver - Searching directory [/Users/batux/Downloads/Bookstore_Web/target/test-classes/com/bookstore] for files matching pattern [/Users/batux/Downloads/Bookstore_Web/target/test-classes/com/bookstore/**/*UserRepositoryImpl.class]
01:56:07.690 [main] DEBUG org.springframework.core.io.support.PathMatchingResourcePatternResolver - Searching directory [/Users/batux/Downloads/Bookstore_Web/target/test-classes/com/bookstore/test] for files matching pattern [/Users/batux/Downloads/Bookstore_Web/target/test-classes/com/bookstore/**/*UserRepositoryImpl.class]
01:56:07.690 [main] DEBUG org.springframework.core.io.support.PathMatchingResourcePatternResolver - Searching directory [/Users/batux/Downloads/Bookstore_Web/target/test-classes/com/bookstore/test/user] for files matching pattern [/Users/batux/Downloads/Bookstore_Web/target/test-classes/com/bookstore/**/*UserRepositoryImpl.class]
01:56:07.692 [main] DEBUG org.springframework.core.io.support.PathMatchingResourcePatternResolver - Looking for matching resources in directory tree [/Users/batux/Downloads/Bookstore_Web/target/classes/com/bookstore]
01:56:07.693 [main] DEBUG org.springframework.core.io.support.PathMatchingResourcePatternResolver - Searching directory [/Users/batux/Downloads/Bookstore_Web/target/classes/com/bookstore] for files matching pattern [/Users/batux/Downloads/Bookstore_Web/target/classes/com/bookstore/**/*UserRepositoryImpl.class]
01:56:07.694 [main] DEBUG org.springframework.core.io.support.PathMatchingResourcePatternResolver - Searching directory [/Users/batux/Downloads/Bookstore_Web/target/classes/com/bookstore/datalayer] for files matching pattern [/Users/batux/Downloads/Bookstore_Web/target/classes/com/bookstore/**/*UserRepositoryImpl.class]
01:56:07.694 [main] DEBUG org.springframework.core.io.support.PathMatchingResourcePatternResolver - Searching directory [/Users/batux/Downloads/Bookstore_Web/target/classes/com/bookstore/datalayer/config] for files matching pattern [/Users/batux/Downloads/Bookstore_Web/target/classes/com/bookstore/**/*UserRepositoryImpl.class]
01:56:07.694 [main] DEBUG org.springframework.core.io.support.PathMatchingResourcePatternResolver - Searching directory [/Users/batux/Downloads/Bookstore_Web/target/classes/com/bookstore/datalayer/entity] for files matching pattern [/Users/batux/Downloads/Bookstore_Web/target/classes/com/bookstore/**/*UserRepositoryImpl.class]
01:56:07.695 [main] DEBUG org.springframework.core.io.support.PathMatchingResourcePatternResolver - Searching directory [/Users/batux/Downloads/Bookstore_Web/target/classes/com/bookstore/datalayer/repository] for files matching pattern [/Users/batux/Downloads/Bookstore_Web/target/classes/com/bookstore/**/*UserRepositoryImpl.class]
01:56:07.695 [main] DEBUG org.springframework.core.io.support.PathMatchingResourcePatternResolver - Searching directory [/Users/batux/Downloads/Bookstore_Web/target/classes/com/bookstore/servicelayer] for files matching pattern [/Users/batux/Downloads/Bookstore_Web/target/classes/com/bookstore/**/*UserRepositoryImpl.class]
01:56:07.696 [main] DEBUG org.springframework.core.io.support.PathMatchingResourcePatternResolver - Searching directory [/Users/batux/Downloads/Bookstore_Web/target/classes/com/bookstore/weblayer] for files matching pattern [/Users/batux/Downloads/Bookstore_Web/target/classes/com/bookstore/**/*UserRepositoryImpl.class]
01:56:07.696 [main] DEBUG org.springframework.core.io.support.PathMatchingResourcePatternResolver - Searching directory [/Users/batux/Downloads/Bookstore_Web/target/classes/com/bookstore/weblayer/model] for files matching pattern [/Users/batux/Downloads/Bookstore_Web/target/classes/com/bookstore/**/*UserRepositoryImpl.class]
01:56:07.697 [main] DEBUG org.springframework.core.io.support.PathMatchingResourcePatternResolver - Resolved location pattern [classpath*:com/bookstore/**/*UserRepositoryImpl.class] to resources []
01:56:07.697 [main] DEBUG org.springframework.data.repository.config.RepositoryConfigurationDelegate - Spring Data JPA - Registering repository: userRepository - Interface: com.bookstore.datalayer.repository.UserRepository - Factory: org.springframework.data.jpa.repository.support.JpaRepositoryFactoryBean
01:56:07.698 [main] DEBUG org.springframework.core.env.StandardEnvironment - Adding [systemProperties] PropertySource with lowest search precedence
01:56:07.698 [main] DEBUG org.springframework.core.env.StandardEnvironment - Adding [systemEnvironment] PropertySource with lowest search precedence
01:56:07.698 [main] DEBUG org.springframework.core.env.StandardEnvironment - Initialized StandardEnvironment with PropertySources [systemProperties,systemEnvironment]
01:56:07.699 [main] DEBUG org.springframework.core.io.support.PathMatchingResourcePatternResolver - Resolved classpath location [com/bookstore/] to resources [URL [file:/Users/batux/Downloads/Bookstore_Web/target/test-classes/com/bookstore/], URL [file:/Users/batux/Downloads/Bookstore_Web/target/classes/com/bookstore/]]
01:56:07.699 [main] DEBUG org.springframework.core.io.support.PathMatchingResourcePatternResolver - Looking for matching resources in directory tree [/Users/batux/Downloads/Bookstore_Web/target/test-classes/com/bookstore]
01:56:07.699 [main] DEBUG org.springframework.core.io.support.PathMatchingResourcePatternResolver - Searching directory [/Users/batux/Downloads/Bookstore_Web/target/test-classes/com/bookstore] for files matching pattern [/Users/batux/Downloads/Bookstore_Web/target/test-classes/com/bookstore/**/*RoleRepositoryImpl.class]
01:56:07.699 [main] DEBUG org.springframework.core.io.support.PathMatchingResourcePatternResolver - Searching directory [/Users/batux/Downloads/Bookstore_Web/target/test-classes/com/bookstore/test] for files matching pattern [/Users/batux/Downloads/Bookstore_Web/target/test-classes/com/bookstore/**/*RoleRepositoryImpl.class]
01:56:07.699 [main] DEBUG org.springframework.core.io.support.PathMatchingResourcePatternResolver - Searching directory [/Users/batux/Downloads/Bookstore_Web/target/test-classes/com/bookstore/test/user] for files matching pattern [/Users/batux/Downloads/Bookstore_Web/target/test-classes/com/bookstore/**/*RoleRepositoryImpl.class]
01:56:07.700 [main] DEBUG org.springframework.core.io.support.PathMatchingResourcePatternResolver - Looking for matching resources in directory tree [/Users/batux/Downloads/Bookstore_Web/target/classes/com/bookstore]
01:56:07.700 [main] DEBUG org.springframework.core.io.support.PathMatchingResourcePatternResolver - Searching directory [/Users/batux/Downloads/Bookstore_Web/target/classes/com/bookstore] for files matching pattern [/Users/batux/Downloads/Bookstore_Web/target/classes/com/bookstore/**/*RoleRepositoryImpl.class]
01:56:07.700 [main] DEBUG org.springframework.core.io.support.PathMatchingResourcePatternResolver - Searching directory [/Users/batux/Downloads/Bookstore_Web/target/classes/com/bookstore/datalayer] for files matching pattern [/Users/batux/Downloads/Bookstore_Web/target/classes/com/bookstore/**/*RoleRepositoryImpl.class]
01:56:07.700 [main] DEBUG org.springframework.core.io.support.PathMatchingResourcePatternResolver - Searching directory [/Users/batux/Downloads/Bookstore_Web/target/classes/com/bookstore/datalayer/config] for files matching pattern [/Users/batux/Downloads/Bookstore_Web/target/classes/com/bookstore/**/*RoleRepositoryImpl.class]
01:56:07.701 [main] DEBUG org.springframework.core.io.support.PathMatchingResourcePatternResolver - Searching directory [/Users/batux/Downloads/Bookstore_Web/target/classes/com/bookstore/datalayer/entity] for files matching pattern [/Users/batux/Downloads/Bookstore_Web/target/classes/com/bookstore/**/*RoleRepositoryImpl.class]
01:56:07.701 [main] DEBUG org.springframework.core.io.support.PathMatchingResourcePatternResolver - Searching directory [/Users/batux/Downloads/Bookstore_Web/target/classes/com/bookstore/datalayer/repository] for files matching pattern [/Users/batux/Downloads/Bookstore_Web/target/classes/com/bookstore/**/*RoleRepositoryImpl.class]
01:56:07.702 [main] DEBUG org.springframework.core.io.support.PathMatchingResourcePatternResolver - Searching directory [/Users/batux/Downloads/Bookstore_Web/target/classes/com/bookstore/servicelayer] for files matching pattern [/Users/batux/Downloads/Bookstore_Web/target/classes/com/bookstore/**/*RoleRepositoryImpl.class]
01:56:07.702 [main] DEBUG org.springframework.core.io.support.PathMatchingResourcePatternResolver - Searching directory [/Users/batux/Downloads/Bookstore_Web/target/classes/com/bookstore/weblayer] for files matching pattern [/Users/batux/Downloads/Bookstore_Web/target/classes/com/bookstore/**/*RoleRepositoryImpl.class]
01:56:07.702 [main] DEBUG org.springframework.core.io.support.PathMatchingResourcePatternResolver - Searching directory [/Users/batux/Downloads/Bookstore_Web/target/classes/com/bookstore/weblayer/model] for files matching pattern [/Users/batux/Downloads/Bookstore_Web/target/classes/com/bookstore/**/*RoleRepositoryImpl.class]
01:56:07.703 [main] DEBUG org.springframework.core.io.support.PathMatchingResourcePatternResolver - Resolved location pattern [classpath*:com/bookstore/**/*RoleRepositoryImpl.class] to resources []
01:56:07.703 [main] DEBUG org.springframework.data.repository.config.RepositoryConfigurationDelegate - Spring Data JPA - Registering repository: roleRepository - Interface: com.bookstore.datalayer.repository.RoleRepository - Factory: org.springframework.data.jpa.repository.support.JpaRepositoryFactoryBean
01:56:07.704 [main] DEBUG org.springframework.core.env.StandardEnvironment - Adding [systemProperties] PropertySource with lowest search precedence
01:56:07.704 [main] DEBUG org.springframework.core.env.StandardEnvironment - Adding [systemEnvironment] PropertySource with lowest search precedence
01:56:07.705 [main] DEBUG org.springframework.core.env.StandardEnvironment - Initialized StandardEnvironment with PropertySources [systemProperties,systemEnvironment]
01:56:07.705 [main] DEBUG org.springframework.core.io.support.PathMatchingResourcePatternResolver - Resolved classpath location [com/bookstore/] to resources [URL [file:/Users/batux/Downloads/Bookstore_Web/target/test-classes/com/bookstore/], URL [file:/Users/batux/Downloads/Bookstore_Web/target/classes/com/bookstore/]]
[...]
01:56:31.674 [main] DEBUG org.hibernate.jpa.criteria.CriteriaQueryImpl - Rendered criteria query -> select generatedAlias0 from Book as generatedAlias0 where generatedAlias0.name=:param0
01:56:31.772 [main] DEBUG org.hibernate.hql.internal.QueryTranslatorFactoryInitiator - QueryTranslatorFactory : org.hibernate.hql.internal.ast.ASTQueryTranslatorFactory@ea04cab
01:56:31.773 [main] INFO org.hibernate.hql.internal.QueryTranslatorFactoryInitiator - HHH000397: Using ASTQueryTranslatorFactory
01:56:31.845 [main] DEBUG org.hibernate.hql.internal.ast.QueryTranslatorImpl - parse() - HQL: select generatedAlias0 from com.bookstore.datalayer.entity.Book as generatedAlias0 where generatedAlias0.name=:param0
01:56:31.874 [main] DEBUG org.hibernate.hql.internal.ast.QueryTranslatorImpl - --- HQL AST ---
 \-[QUERY] Node: 'query'
    +-[SELECT_FROM] Node: 'SELECT_FROM'
    |  +-[FROM] Node: 'from'
    |  |  \-[RANGE] Node: 'RANGE'
    |  |     +-[DOT] Node: '.'
    |  |     |  +-[DOT] Node: '.'
    |  |     |  |  +-[DOT] Node: '.'
    |  |     |  |  |  +-[DOT] Node: '.'
    |  |     |  |  |  |  +-[IDENT] Node: 'com'
    |  |     |  |  |  |  \-[IDENT] Node: 'bookstore'
    |  |     |  |  |  \-[IDENT] Node: 'datalayer'
    |  |     |  |  \-[IDENT] Node: 'entity'
    |  |     |  \-[IDENT] Node: 'Book'
    |  |     \-[ALIAS] Node: 'generatedAlias0'
    |  \-[SELECT] Node: 'select'
    |     \-[IDENT] Node: 'generatedAlias0'
    \-[WHERE] Node: 'where'
       \-[EQ] Node: '='
          +-[DOT] Node: '.'
          |  +-[IDENT] Node: 'generatedAlias0'
          |  \-[IDENT] Node: 'name'
          \-[COLON] Node: ':'
             \-[IDENT] Node: 'param0'

01:56:31.875 [main] DEBUG org.hibernate.hql.internal.ast.ErrorCounter - throwQueryException() : no errors
01:56:31.953 [main] DEBUG org.hibernate.hql.internal.antlr.HqlSqlBaseWalker - select << begin [level=1, statement=select]
01:56:31.992 [main] DEBUG org.hibernate.hql.internal.ast.tree.FromElement - FromClause{level=1} : com.bookstore.datalayer.entity.Book (generatedAlias0) -> book0_
01:56:31.994 [main] DEBUG org.hibernate.hql.internal.ast.tree.FromReferenceNode - Resolved : generatedAlias0 -> book0_.book_id
01:56:32.003 [main] DEBUG org.hibernate.hql.internal.ast.tree.FromReferenceNode - Resolved : generatedAlias0 -> book0_.book_id
01:56:32.007 [main] DEBUG org.hibernate.hql.internal.ast.tree.DotNode - getDataType() : name -> org.hibernate.type.StringType@72ea6193
01:56:32.008 [main] DEBUG org.hibernate.hql.internal.ast.tree.FromReferenceNode - Resolved : generatedAlias0.name -> book0_.name
01:56:32.012 [main] DEBUG org.hibernate.hql.internal.antlr.HqlSqlBaseWalker - select : finishing up [level=1, statement=select]
01:56:32.012 [main] DEBUG org.hibernate.hql.internal.ast.HqlSqlWalker - processQuery() :  ( SELECT ( {select clause} book0_.book_id ) ( FromClause{level=1} book book0_ ) ( where ( = ( book0_.name book0_.book_id name ) ? ) ) )
01:56:32.042 [main] DEBUG org.hibernate.hql.internal.ast.util.JoinProcessor - Using FROM fragment [book book0_]
01:56:32.042 [main] DEBUG org.hibernate.hql.internal.antlr.HqlSqlBaseWalker - select >> end [level=1, statement=select]
01:56:32.043 [main] DEBUG org.hibernate.hql.internal.ast.QueryTranslatorImpl - --- SQL AST ---
 \-[SELECT] QueryNode: 'SELECT'  querySpaces (book)
    +-[SELECT_CLAUSE] SelectClause: '{select clause}'
    |  +-[ALIAS_REF] IdentNode: 'book0_.book_id as book_id1_0_' {alias=generatedAlias0, className=com.bookstore.datalayer.entity.Book, tableAlias=book0_}
    |  \-[SQL_TOKEN] SqlFragment: 'book0_.author as author2_0_, book0_.description as descript3_0_, book0_.name as name4_0_, book0_.published_date as publishe5_0_, book0_.publisher as publishe6_0_'
    +-[FROM] FromClause: 'from' FromClause{level=1, fromElementCounter=1, fromElements=1, fromElementByClassAlias=[generatedAlias0], fromElementByTableAlias=[book0_], fromElementsByPath=[], collectionJoinFromElementsByPath=[], impliedElements=[]}
    |  \-[FROM_FRAGMENT] FromElement: 'book book0_' FromElement{explicit,not a collection join,not a fetch join,fetch non-lazy properties,classAlias=generatedAlias0,role=null,tableName=book,tableAlias=book0_,origin=null,columns={,className=com.bookstore.datalayer.entity.Book}}
    \-[WHERE] SqlNode: 'where'
       \-[EQ] BinaryLogicOperatorNode: '='
          +-[DOT] DotNode: 'book0_.name' {propertyName=name,dereferenceType=PRIMITIVE,getPropertyPath=name,path=generatedAlias0.name,tableAlias=book0_,className=com.bookstore.datalayer.entity.Book,classAlias=generatedAlias0}
          |  +-[ALIAS_REF] IdentNode: 'book0_.book_id' {alias=generatedAlias0, className=com.bookstore.datalayer.entity.Book, tableAlias=book0_}
          |  \-[IDENT] IdentNode: 'name' {originalText=name}
          \-[NAMED_PARAM] ParameterNode: '?' {name=param0, expectedType=org.hibernate.type.StringType@72ea6193}

01:56:32.043 [main] DEBUG org.hibernate.hql.internal.ast.ErrorCounter - throwQueryException() : no errors
01:56:32.052 [main] DEBUG org.hibernate.hql.internal.ast.QueryTranslatorImpl - HQL: select generatedAlias0 from com.bookstore.datalayer.entity.Book as generatedAlias0 where generatedAlias0.name=:param0
01:56:32.052 [main] DEBUG org.hibernate.hql.internal.ast.QueryTranslatorImpl - SQL: select book0_.book_id as book_id1_0_, book0_.author as author2_0_, book0_.description as descript3_0_, book0_.name as name4_0_, book0_.published_date as publishe5_0_, book0_.publisher as publishe6_0_ from book book0_ where book0_.name=?
01:56:32.052 [main] DEBUG org.hibernate.hql.internal.ast.ErrorCounter - throwQueryException() : no errors
01:56:32.109 [main] DEBUG org.hibernate.SQL - select book0_.book_id as book_id1_0_, book0_.author as author2_0_, book0_.description as descript3_0_, book0_.name as name4_0_, book0_.published_date as publishe5_0_, book0_.publisher as publishe6_0_ from book book0_ where book0_.name=?
Hibernate: select book0_.book_id as book_id1_0_, book0_.author as author2_0_, book0_.description as descript3_0_, book0_.name as name4_0_, book0_.published_date as publishe5_0_, book0_.publisher as publishe6_0_ from book book0_ where book0_.name=?
01:56:32.322 [main] DEBUG org.hibernate.jpa.criteria.CriteriaQueryImpl - Rendered criteria query -> select generatedAlias0 from User as generatedAlias0 where generatedAlias0.userId=:param0
01:56:32.323 [main] DEBUG org.hibernate.hql.internal.ast.QueryTranslatorImpl - parse() - HQL: select generatedAlias0 from com.bookstore.datalayer.entity.User as generatedAlias0 where generatedAlias0.userId=:param0
01:56:32.326 [main] DEBUG org.hibernate.hql.internal.ast.QueryTranslatorImpl - --- HQL AST ---
 \-[QUERY] Node: 'query'
    +-[SELECT_FROM] Node: 'SELECT_FROM'
    |  +-[FROM] Node: 'from'
    |  |  \-[RANGE] Node: 'RANGE'
    |  |     +-[DOT] Node: '.'
    |  |     |  +-[DOT] Node: '.'
    |  |     |  |  +-[DOT] Node: '.'
    |  |     |  |  |  +-[DOT] Node: '.'
    |  |     |  |  |  |  +-[IDENT] Node: 'com'
    |  |     |  |  |  |  \-[IDENT] Node: 'bookstore'
    |  |     |  |  |  \-[IDENT] Node: 'datalayer'
    |  |     |  |  \-[IDENT] Node: 'entity'
    |  |     |  \-[IDENT] Node: 'User'
    |  |     \-[ALIAS] Node: 'generatedAlias0'
    |  \-[SELECT] Node: 'select'
    |     \-[IDENT] Node: 'generatedAlias0'
    \-[WHERE] Node: 'where'
       \-[EQ] Node: '='
          +-[DOT] Node: '.'
          |  +-[IDENT] Node: 'generatedAlias0'
          |  \-[IDENT] Node: 'userId'
          \-[COLON] Node: ':'
             \-[IDENT] Node: 'param0'

01:56:32.326 [main] DEBUG org.hibernate.hql.internal.ast.ErrorCounter - throwQueryException() : no errors
01:56:32.327 [main] DEBUG org.hibernate.hql.internal.antlr.HqlSqlBaseWalker - select << begin [level=1, statement=select]
01:56:32.327 [main] DEBUG org.hibernate.hql.internal.ast.tree.FromElement - FromClause{level=1} : com.bookstore.datalayer.entity.User (generatedAlias0) -> user0_
01:56:32.327 [main] DEBUG org.hibernate.hql.internal.ast.tree.FromReferenceNode - Resolved : generatedAlias0 -> user0_.id
01:56:32.328 [main] DEBUG org.hibernate.hql.internal.ast.tree.FromReferenceNode - Resolved : generatedAlias0 -> user0_.id
01:56:32.328 [main] DEBUG org.hibernate.hql.internal.ast.tree.DotNode - getDataType() : userId -> org.hibernate.type.IntegerType@1951b871
01:56:32.328 [main] DEBUG org.hibernate.hql.internal.ast.tree.FromReferenceNode - Resolved : generatedAlias0.userId -> user0_.id
01:56:32.328 [main] DEBUG org.hibernate.hql.internal.antlr.HqlSqlBaseWalker - select : finishing up [level=1, statement=select]
01:56:32.328 [main] DEBUG org.hibernate.hql.internal.ast.HqlSqlWalker - processQuery() :  ( SELECT ( {select clause} user0_.id ) ( FromClause{level=1} user user0_ ) ( where ( = ( user0_.id user0_.id userId ) ? ) ) )
01:56:32.329 [main] DEBUG org.hibernate.hql.internal.ast.util.JoinProcessor - Using FROM fragment [user user0_]
01:56:32.329 [main] DEBUG org.hibernate.hql.internal.antlr.HqlSqlBaseWalker - select >> end [level=1, statement=select]
01:56:32.329 [main] DEBUG org.hibernate.hql.internal.ast.QueryTranslatorImpl - --- SQL AST ---
 \-[SELECT] QueryNode: 'SELECT'  querySpaces (user)
    +-[SELECT_CLAUSE] SelectClause: '{select clause}'
    |  +-[ALIAS_REF] IdentNode: 'user0_.id as id1_4_' {alias=generatedAlias0, className=com.bookstore.datalayer.entity.User, tableAlias=user0_}
    |  \-[SQL_TOKEN] SqlFragment: 'user0_.email as email2_4_, user0_.enabled as enabled3_4_, user0_.last_name as last_nam4_4_, user0_.first_name as first_na5_4_, user0_.password as password6_4_, user0_.phone as phone7_4_, user0_.username as username8_4_'
    +-[FROM] FromClause: 'from' FromClause{level=1, fromElementCounter=1, fromElements=1, fromElementByClassAlias=[generatedAlias0], fromElementByTableAlias=[user0_], fromElementsByPath=[], collectionJoinFromElementsByPath=[], impliedElements=[]}
    |  \-[FROM_FRAGMENT] FromElement: 'user user0_' FromElement{explicit,not a collection join,not a fetch join,fetch non-lazy properties,classAlias=generatedAlias0,role=null,tableName=user,tableAlias=user0_,origin=null,columns={,className=com.bookstore.datalayer.entity.User}}
    \-[WHERE] SqlNode: 'where'
       \-[EQ] BinaryLogicOperatorNode: '='
          +-[DOT] DotNode: 'user0_.id' {propertyName=userId,dereferenceType=PRIMITIVE,getPropertyPath=userId,path=generatedAlias0.userId,tableAlias=user0_,className=com.bookstore.datalayer.entity.User,classAlias=generatedAlias0}
          |  +-[ALIAS_REF] IdentNode: 'user0_.id' {alias=generatedAlias0, className=com.bookstore.datalayer.entity.User, tableAlias=user0_}
          |  \-[IDENT] IdentNode: 'userId' {originalText=userId}
          \-[NAMED_PARAM] ParameterNode: '?' {name=param0, expectedType=org.hibernate.type.IntegerType@1951b871}

01:56:32.330 [main] DEBUG org.hibernate.hql.internal.ast.ErrorCounter - throwQueryException() : no errors
01:56:32.330 [main] DEBUG org.hibernate.hql.internal.ast.QueryTranslatorImpl - HQL: select generatedAlias0 from com.bookstore.datalayer.entity.User as generatedAlias0 where generatedAlias0.userId=:param0
01:56:32.330 [main] DEBUG org.hibernate.hql.internal.ast.QueryTranslatorImpl - SQL: select user0_.id as id1_4_, user0_.email as email2_4_, user0_.enabled as enabled3_4_, user0_.last_name as last_nam4_4_, user0_.first_name as first_na5_4_, user0_.password as password6_4_, user0_.phone as phone7_4_, user0_.username as username8_4_ from user user0_ where user0_.id=?
01:56:32.330 [main] DEBUG org.hibernate.hql.internal.ast.ErrorCounter - throwQueryException() : no errors
01:56:32.331 [main] DEBUG org.hibernate.SQL - select user0_.id as id1_4_, user0_.email as email2_4_, user0_.enabled as enabled3_4_, user0_.last_name as last_nam4_4_, user0_.first_name as first_na5_4_, user0_.password as password6_4_, user0_.phone as phone7_4_, user0_.username as username8_4_ from user user0_ where user0_.id=?
Hibernate: select user0_.id as id1_4_, user0_.email as email2_4_, user0_.enabled as enabled3_4_, user0_.last_name as last_nam4_4_, user0_.first_name as first_na5_4_, user0_.password as password6_4_, user0_.phone as phone7_4_, user0_.username as username8_4_ from user user0_ where user0_.id=?
01:56:32.495 [main] DEBUG org.springframework.data.repository.core.support.TransactionalRepositoryProxyPostProcessor$CustomAnnotationTransactionAttributeSource - Adding transactional method 'save' with attribute: PROPAGATION_REQUIRED,ISOLATION_DEFAULT; ''
01:56:32.497 [main] DEBUG org.springframework.beans.factory.support.DefaultListableBeanFactory - Returning cached instance of singleton bean 'transactionManager'
01:56:32.498 [main] DEBUG org.springframework.orm.jpa.JpaTransactionManager - Found thread-bound EntityManager [org.hibernate.jpa.internal.EntityManagerImpl@67770b37] for JPA transaction
01:56:32.499 [main] DEBUG org.springframework.orm.jpa.JpaTransactionManager - Participating in existing transaction
01:56:32.565 [main] DEBUG org.springframework.jdbc.datasource.DriverManagerDataSource - Creating new JDBC DriverManager Connection to [jdbc:mysql://us-cdbr-iron-east-05.cleardb.net:3306/heroku_b97a6a29164fbb3]
01:56:33.795 [main] DEBUG org.hibernate.SQL - select next_val as id_val from hibernate_sequence for update
Hibernate: select next_val as id_val from hibernate_sequence for update
01:56:33.932 [main] DEBUG org.hibernate.SQL - update hibernate_sequence set next_val= ? where next_val=?
Hibernate: update hibernate_sequence set next_val= ? where next_val=?
01:56:34.335 [main] DEBUG org.hibernate.event.internal.AbstractSaveEventListener - Generated identifier: 1, using strategy: org.hibernate.id.enhanced.SequenceStyleGenerator
01:56:34.390 [main] DEBUG org.springframework.orm.jpa.JpaTransactionManager - Found thread-bound EntityManager [org.hibernate.jpa.internal.EntityManagerImpl@67770b37] for JPA transaction
01:56:34.390 [main] DEBUG org.springframework.orm.jpa.JpaTransactionManager - Participating in existing transaction
01:56:34.391 [main] DEBUG org.springframework.jdbc.datasource.DriverManagerDataSource - Creating new JDBC DriverManager Connection to [jdbc:mysql://us-cdbr-iron-east-05.cleardb.net:3306/heroku_b97a6a29164fbb3]
01:56:35.594 [main] DEBUG org.hibernate.SQL - select next_val as id_val from hibernate_sequence for update
Hibernate: select next_val as id_val from hibernate_sequence for update
01:56:35.727 [main] DEBUG org.hibernate.SQL - update hibernate_sequence set next_val= ? where next_val=?
Hibernate: update hibernate_sequence set next_val= ? where next_val=?
01:56:36.123 [main] DEBUG org.hibernate.event.internal.AbstractSaveEventListener - Generated identifier: 2, using strategy: org.hibernate.id.enhanced.SequenceStyleGenerator
01:56:36.124 [main] DEBUG org.springframework.orm.jpa.JpaTransactionManager - Initiating transaction commit
01:56:36.124 [main] DEBUG org.springframework.orm.jpa.JpaTransactionManager - Committing JPA transaction on EntityManager [org.hibernate.jpa.internal.EntityManagerImpl@67770b37]
01:56:36.124 [main] DEBUG org.hibernate.engine.transaction.internal.TransactionImpl - committing
01:56:36.125 [main] DEBUG org.hibernate.event.internal.AbstractFlushingEventListener - Processing flush-time cascades
01:56:36.162 [main] DEBUG org.hibernate.event.internal.AbstractFlushingEventListener - Dirty checking collections
01:56:36.164 [main] DEBUG org.hibernate.event.internal.AbstractFlushingEventListener - Flushed: 2 insertions, 0 updates, 0 deletions to 2 objects
01:56:36.164 [main] DEBUG org.hibernate.event.internal.AbstractFlushingEventListener - Flushed: 0 (re)creations, 0 updates, 0 removals to 0 collections
01:56:36.166 [main] DEBUG org.hibernate.internal.util.EntityPrinter - Listing entities:
01:56:36.166 [main] DEBUG org.hibernate.internal.util.EntityPrinter - com.bookstore.datalayer.entity.Tag{tagId=1, name=T1}
01:56:36.166 [main] DEBUG org.hibernate.internal.util.EntityPrinter - com.bookstore.datalayer.entity.Tag{tagId=2, name=T2}
01:56:36.190 [main] DEBUG org.hibernate.SQL - insert into tag (name, tag_id) values (?, ?)
Hibernate: insert into tag (name, tag_id) values (?, ?)
01:56:36.342 [main] DEBUG org.hibernate.SQL - insert into tag (name, tag_id) values (?, ?)
Hibernate: insert into tag (name, tag_id) values (?, ?)
01:56:36.786 [main] DEBUG org.springframework.orm.jpa.JpaTransactionManager - Closing JPA EntityManager [org.hibernate.jpa.internal.EntityManagerImpl@67770b37] after transaction
01:56:36.786 [main] DEBUG org.springframework.orm.jpa.EntityManagerFactoryUtils - Closing JPA EntityManager
01:56:36.787 [main] DEBUG org.hibernate.engine.jdbc.internal.JdbcCoordinatorImpl - HHH000420: Closing un-released batch
01:56:36.787 [main] INFO org.springframework.test.context.transaction.TransactionContext - Committed transaction for test context [DefaultTestContext@727803de testClass = BookTagUnitTest, testInstance = com.bookstore.test.user.BookTagUnitTest@3f6f3cc, testMethod = createBookTags@BookTagUnitTest, testException = java.lang.NullPointerException, mergedContextConfiguration = [WebMergedContextConfiguration@704921a5 testClass = BookTagUnitTest, locations = '{}', classes = '{class com.bookstore.datalayer.config.RepositorySpringConfiguration}', contextInitializerClasses = '[]', activeProfiles = '{}', propertySourceLocations = '{}', propertySourceProperties = '{}', contextCustomizers = set[org.springframework.test.context.web.socket.MockServerContainerContextCustomizer@4b4523f8], resourceBasePath = 'src/main/webapp', contextLoader = 'org.springframework.test.context.web.WebDelegatingSmartContextLoader', parent = [null]]].
01:56:36.788 [main] DEBUG org.springframework.test.context.support.AbstractDirtiesContextTestExecutionListener - After test method: context [DefaultTestContext@727803de testClass = BookTagUnitTest, testInstance = com.bookstore.test.user.BookTagUnitTest@3f6f3cc, testMethod = createBookTags@BookTagUnitTest, testException = java.lang.NullPointerException, mergedContextConfiguration = [WebMergedContextConfiguration@704921a5 testClass = BookTagUnitTest, locations = '{}', classes = '{class com.bookstore.datalayer.config.RepositorySpringConfiguration}', contextInitializerClasses = '[]', activeProfiles = '{}', propertySourceLocations = '{}', propertySourceProperties = '{}', contextCustomizers = set[org.springframework.test.context.web.socket.MockServerContainerContextCustomizer@4b4523f8], resourceBasePath = 'src/main/webapp', contextLoader = 'org.springframework.test.context.web.WebDelegatingSmartContextLoader', parent = [null]]], class annotated with @DirtiesContext [false] with mode [null], method annotated with @DirtiesContext [false] with mode [null].
01:56:36.788 [main] DEBUG org.springframework.test.context.web.ServletTestExecutionListener - Resetting RequestContextHolder for test context [DefaultTestContext@727803de testClass = BookTagUnitTest, testInstance = com.bookstore.test.user.BookTagUnitTest@3f6f3cc, testMethod = createBookTags@BookTagUnitTest, testException = java.lang.NullPointerException, mergedContextConfiguration = [WebMergedContextConfiguration@704921a5 testClass = BookTagUnitTest, locations = '{}', classes = '{class com.bookstore.datalayer.config.RepositorySpringConfiguration}', contextInitializerClasses = '[]', activeProfiles = '{}', propertySourceLocations = '{}', propertySourceProperties = '{}', contextCustomizers = set[org.springframework.test.context.web.socket.MockServerContainerContextCustomizer@4b4523f8], resourceBasePath = 'src/main/webapp', contextLoader = 'org.springframework.test.context.web.WebDelegatingSmartContextLoader', parent = [null]]].
]]></system-out>
  </testcase>
</testsuite>