<?xml version="1.0" encoding="UTF-8"?>
<testsuite name="com.bookstore.test.user.UserBookTest" time="9.099" tests="2" errors="2" skipped="0" failures="0">
  <properties>
[...]
</properties>
  <testcase name="insertUserBook" classname="com.bookstore.test.user.UserBookTest" time="9.099">
    <error message="org.hibernate.exception.ConstraintViolationException: could not execute statement" type="javax.persistence.PersistenceException">javax.persistence.PersistenceException: org.hibernate.exception.ConstraintViolationException: could not execute statement
	at sun.reflect.NativeConstructorAccessorImpl.newInstance0(Native Method)
	at sun.reflect.NativeConstructorAccessorImpl.newInstance(NativeConstructorAccessorImpl.java:62)
	at sun.reflect.DelegatingConstructorAccessorImpl.newInstance(DelegatingConstructorAccessorImpl.java:45)
	at java.lang.reflect.Constructor.newInstance(Constructor.java:423)
	at com.mysql.jdbc.Util.handleNewInstance(Util.java:425)
	at com.mysql.jdbc.Util.getInstance(Util.java:408)
	at com.mysql.jdbc.SQLError.createSQLException(SQLError.java:935)
	at com.mysql.jdbc.MysqlIO.checkErrorPacket(MysqlIO.java:3970)
	at com.mysql.jdbc.MysqlIO.checkErrorPacket(MysqlIO.java:3906)
	at com.mysql.jdbc.MysqlIO.sendCommand(MysqlIO.java:2524)
	at com.mysql.jdbc.MysqlIO.sqlQueryDirect(MysqlIO.java:2677)
	at com.mysql.jdbc.ConnectionImpl.execSQL(ConnectionImpl.java:2549)
	at com.mysql.jdbc.PreparedStatement.executeInternal(PreparedStatement.java:1861)
	at com.mysql.jdbc.PreparedStatement.executeUpdateInternal(PreparedStatement.java:2073)
	at com.mysql.jdbc.PreparedStatement.executeUpdateInternal(PreparedStatement.java:2009)
	at com.mysql.jdbc.PreparedStatement.executeLargeUpdate(PreparedStatement.java:5098)
	at com.mysql.jdbc.PreparedStatement.executeUpdate(PreparedStatement.java:1994)
	at org.hibernate.engine.jdbc.internal.ResultSetReturnImpl.executeUpdate(ResultSetReturnImpl.java:204)
	at org.hibernate.engine.jdbc.batch.internal.NonBatchingBatch.addToBatch(NonBatchingBatch.java:45)
	at org.hibernate.persister.entity.AbstractEntityPersister.insert(AbstractEntityPersister.java:2897)
	at org.hibernate.persister.entity.AbstractEntityPersister.insert(AbstractEntityPersister.java:3397)
	at org.hibernate.action.internal.EntityInsertAction.execute(EntityInsertAction.java:89)
	at org.hibernate.engine.spi.ActionQueue.executeActions(ActionQueue.java:582)
	at org.hibernate.engine.spi.ActionQueue.executeActions(ActionQueue.java:456)
	at org.hibernate.event.internal.AbstractFlushingEventListener.performExecutions(AbstractFlushingEventListener.java:337)
	at org.hibernate.event.internal.DefaultAutoFlushEventListener.onAutoFlush(DefaultAutoFlushEventListener.java:50)
	at org.hibernate.internal.SessionImpl.autoFlushIfRequired(SessionImpl.java:1251)
	at org.hibernate.internal.SessionImpl.list(SessionImpl.java:1319)
	at org.hibernate.internal.QueryImpl.list(QueryImpl.java:87)
	at org.hibernate.jpa.internal.QueryImpl.list(QueryImpl.java:606)
	at org.hibernate.jpa.internal.QueryImpl.getSingleResult(QueryImpl.java:529)
	at org.hibernate.jpa.criteria.compile.CriteriaQueryTypeQueryAdapter.getSingleResult(CriteriaQueryTypeQueryAdapter.java:54)
	at org.springframework.data.jpa.repository.query.JpaQueryExecution$SingleEntityExecution.doExecute(JpaQueryExecution.java:206)
	at org.springframework.data.jpa.repository.query.JpaQueryExecution.execute(JpaQueryExecution.java:85)
	at org.springframework.data.jpa.repository.query.AbstractJpaQuery.doExecute(AbstractJpaQuery.java:116)
	at org.springframework.data.jpa.repository.query.AbstractJpaQuery.execute(AbstractJpaQuery.java:106)
	at org.springframework.data.repository.core.support.RepositoryFactorySupport$QueryExecutorMethodInterceptor.doInvoke(RepositoryFactorySupport.java:483)
	at org.springframework.data.repository.core.support.RepositoryFactorySupport$QueryExecutorMethodInterceptor.invoke(RepositoryFactorySupport.java:461)
	at org.springframework.aop.framework.ReflectiveMethodInvocation.proceed(ReflectiveMethodInvocation.java:179)
	at org.springframework.data.projection.DefaultMethodInvokingMethodInterceptor.invoke(DefaultMethodInvokingMethodInterceptor.java:61)
	at org.springframework.aop.framework.ReflectiveMethodInvocation.proceed(ReflectiveMethodInvocation.java:179)
	at org.springframework.transaction.interceptor.TransactionInterceptor$1.proceedWithInvocation(TransactionInterceptor.java:99)
	at org.springframework.transaction.interceptor.TransactionAspectSupport.invokeWithinTransaction(TransactionAspectSupport.java:282)
	at org.springframework.transaction.interceptor.TransactionInterceptor.invoke(TransactionInterceptor.java:96)
	at org.springframework.aop.framework.ReflectiveMethodInvocation.proceed(ReflectiveMethodInvocation.java:179)
	at org.springframework.dao.support.PersistenceExceptionTranslationInterceptor.invoke(PersistenceExceptionTranslationInterceptor.java:136)
	at org.springframework.aop.framework.ReflectiveMethodInvocation.proceed(ReflectiveMethodInvocation.java:179)
	at org.springframework.data.jpa.repository.support.CrudMethodMetadataPostProcessor$CrudMethodMetadataPopulatingMethodInterceptor.invoke(CrudMethodMetadataPostProcessor.java:133)
	at org.springframework.aop.framework.ReflectiveMethodInvocation.proceed(ReflectiveMethodInvocation.java:179)
	at org.springframework.aop.interceptor.ExposeInvocationInterceptor.invoke(ExposeInvocationInterceptor.java:92)
	at org.springframework.aop.framework.ReflectiveMethodInvocation.proceed(ReflectiveMethodInvocation.java:179)
	at org.springframework.data.repository.core.support.SurroundingTransactionDetectorMethodInterceptor.invoke(SurroundingTransactionDetectorMethodInterceptor.java:57)
	at org.springframework.aop.framework.ReflectiveMethodInvocation.proceed(ReflectiveMethodInvocation.java:179)
	at org.springframework.aop.framework.JdkDynamicAopProxy.invoke(JdkDynamicAopProxy.java:213)
	at com.sun.proxy.$Proxy55.findByName(Unknown Source)
	at com.bookstore.test.user.UserBookTest.insertUserBook(UserBookTest.java:63)
</error>
    <system-out><![CDATA[01:56:38.510 [main] DEBUG org.springframework.test.context.support.AbstractDirtiesContextTestExecutionListener - After test class: context [DefaultTestContext@2ce03e86 testClass = RoleUnitTest, testInstance = [null], testMethod = [null], testException = [null], mergedContextConfiguration = [WebMergedContextConfiguration@1c628f6a testClass = RoleUnitTest, locations = '{}', classes = '{class com.bookstore.datalayer.config.RepositorySpringConfiguration}', contextInitializerClasses = '[]', activeProfiles = '{}', propertySourceLocations = '{}', propertySourceProperties = '{}', contextCustomizers = set[org.springframework.test.context.web.socket.MockServerContainerContextCustomizer@4b4523f8], resourceBasePath = 'src/main/webapp', contextLoader = 'org.springframework.test.context.web.WebDelegatingSmartContextLoader', parent = [null]]], class annotated with @DirtiesContext [false] with mode [null].
01:56:38.511 [main] DEBUG org.springframework.test.context.junit4.SpringJUnit4ClassRunner - SpringJUnit4ClassRunner constructor called with [class com.bookstore.test.user.UserBookTest]
01:56:38.511 [main] DEBUG org.springframework.test.context.BootstrapUtils - Instantiating CacheAwareContextLoaderDelegate from class [org.springframework.test.context.cache.DefaultCacheAwareContextLoaderDelegate]
01:56:38.511 [main] DEBUG org.springframework.test.context.BootstrapUtils - Instantiating BootstrapContext using constructor [public org.springframework.test.context.support.DefaultBootstrapContext(java.lang.Class,org.springframework.test.context.CacheAwareContextLoaderDelegate)]
01:56:38.511 [main] DEBUG org.springframework.test.context.BootstrapUtils - Instantiating TestContextBootstrapper for test class [com.bookstore.test.user.UserBookTest] from class [org.springframework.test.context.web.WebTestContextBootstrapper]
01:56:38.512 [main] DEBUG org.springframework.test.context.support.AbstractDelegatingSmartContextLoader - Delegating to AnnotationConfigWebContextLoader to process context configuration [ContextConfigurationAttributes@2b80e5a9 declaringClass = 'com.bookstore.test.user.UserBookTest', classes = '{class com.bookstore.datalayer.config.RepositorySpringConfiguration}', locations = '{}', inheritLocations = true, initializers = '{}', inheritInitializers = true, name = [null], contextLoaderClass = 'org.springframework.test.context.ContextLoader'].
01:56:38.515 [main] DEBUG org.springframework.test.context.support.ActiveProfilesUtils - Could not find an 'annotation declaring class' for annotation type [org.springframework.test.context.ActiveProfiles] and class [com.bookstore.test.user.UserBookTest]
01:56:38.515 [main] DEBUG org.springframework.test.context.web.WebTestContextBootstrapper - @TestExecutionListeners is not present for class [com.bookstore.test.user.UserBookTest]: using defaults.
01:56:38.518 [main] INFO org.springframework.test.context.web.WebTestContextBootstrapper - Loaded default TestExecutionListener class names from location [META-INF/spring.factories]: [org.springframework.test.context.web.ServletTestExecutionListener, org.springframework.test.context.support.DirtiesContextBeforeModesTestExecutionListener, org.springframework.test.context.support.DependencyInjectionTestExecutionListener, org.springframework.test.context.support.DirtiesContextTestExecutionListener, org.springframework.test.context.transaction.TransactionalTestExecutionListener, org.springframework.test.context.jdbc.SqlScriptsTestExecutionListener]
01:56:38.519 [main] INFO org.springframework.test.context.web.WebTestContextBootstrapper - Using TestExecutionListeners: [org.springframework.test.context.web.ServletTestExecutionListener@108e9837, org.springframework.test.context.support.DirtiesContextBeforeModesTestExecutionListener@79a201cf, org.springframework.test.context.support.DependencyInjectionTestExecutionListener@1cbc5693, org.springframework.test.context.support.DirtiesContextTestExecutionListener@3d2f3dcb, org.springframework.test.context.transaction.TransactionalTestExecutionListener@59845579, org.springframework.test.context.jdbc.SqlScriptsTestExecutionListener@30c19bff]
01:56:38.519 [main] DEBUG org.springframework.test.annotation.ProfileValueUtils - Retrieved @ProfileValueSourceConfiguration [null] for test class [com.bookstore.test.user.UserBookTest]
01:56:38.519 [main] DEBUG org.springframework.test.annotation.ProfileValueUtils - Retrieved ProfileValueSource type [class org.springframework.test.annotation.SystemProfileValueSource] for class [com.bookstore.test.user.UserBookTest]
01:56:38.519 [main] DEBUG org.springframework.test.annotation.ProfileValueUtils - Retrieved @ProfileValueSourceConfiguration [null] for test class [com.bookstore.test.user.UserBookTest]
01:56:38.519 [main] DEBUG org.springframework.test.annotation.ProfileValueUtils - Retrieved ProfileValueSource type [class org.springframework.test.annotation.SystemProfileValueSource] for class [com.bookstore.test.user.UserBookTest]
01:56:38.519 [main] DEBUG org.springframework.test.context.support.AbstractDirtiesContextTestExecutionListener - Before test class: context [DefaultTestContext@4e375bba testClass = UserBookTest, testInstance = [null], testMethod = [null], testException = [null], mergedContextConfiguration = [WebMergedContextConfiguration@ab2e6d2 testClass = UserBookTest, locations = '{}', classes = '{class com.bookstore.datalayer.config.RepositorySpringConfiguration}', contextInitializerClasses = '[]', activeProfiles = '{}', propertySourceLocations = '{}', propertySourceProperties = '{}', contextCustomizers = set[org.springframework.test.context.web.socket.MockServerContainerContextCustomizer@4b4523f8], resourceBasePath = 'src/main/webapp', contextLoader = 'org.springframework.test.context.web.WebDelegatingSmartContextLoader', parent = [null]]], class annotated with @DirtiesContext [false] with mode [null].
01:56:38.519 [main] DEBUG org.springframework.test.annotation.ProfileValueUtils - Retrieved @ProfileValueSourceConfiguration [null] for test class [com.bookstore.test.user.UserBookTest]
01:56:38.519 [main] DEBUG org.springframework.test.annotation.ProfileValueUtils - Retrieved ProfileValueSource type [class org.springframework.test.annotation.SystemProfileValueSource] for class [com.bookstore.test.user.UserBookTest]
01:56:38.519 [main] DEBUG org.springframework.test.context.cache.DefaultCacheAwareContextLoaderDelegate - Retrieved ApplicationContext from cache with key [[WebMergedContextConfiguration@ab2e6d2 testClass = UserBookTest, locations = '{}', classes = '{class com.bookstore.datalayer.config.RepositorySpringConfiguration}', contextInitializerClasses = '[]', activeProfiles = '{}', propertySourceLocations = '{}', propertySourceProperties = '{}', contextCustomizers = set[org.springframework.test.context.web.socket.MockServerContainerContextCustomizer@4b4523f8], resourceBasePath = 'src/main/webapp', contextLoader = 'org.springframework.test.context.web.WebDelegatingSmartContextLoader', parent = [null]]]
01:56:38.520 [main] DEBUG org.springframework.test.context.cache - Spring test ApplicationContext cache statistics: [DefaultContextCache@2272cbb0 size = 1, maxSize = 32, parentContextCount = 0, hitCount = 6, missCount = 1]
01:56:38.520 [main] DEBUG org.springframework.test.context.web.ServletTestExecutionListener - Setting up MockHttpServletRequest, MockHttpServletResponse, ServletWebRequest, and RequestContextHolder for test context [DefaultTestContext@4e375bba testClass = UserBookTest, testInstance = com.bookstore.test.user.UserBookTest@71664560, testMethod = [null], testException = [null], mergedContextConfiguration = [WebMergedContextConfiguration@ab2e6d2 testClass = UserBookTest, locations = '{}', classes = '{class com.bookstore.datalayer.config.RepositorySpringConfiguration}', contextInitializerClasses = '[]', activeProfiles = '{}', propertySourceLocations = '{}', propertySourceProperties = '{}', contextCustomizers = set[org.springframework.test.context.web.socket.MockServerContainerContextCustomizer@4b4523f8], resourceBasePath = 'src/main/webapp', contextLoader = 'org.springframework.test.context.web.WebDelegatingSmartContextLoader', parent = [null]]].
01:56:38.520 [main] DEBUG org.springframework.test.context.support.DependencyInjectionTestExecutionListener - Performing dependency injection for test context [[DefaultTestContext@4e375bba testClass = UserBookTest, testInstance = com.bookstore.test.user.UserBookTest@71664560, testMethod = [null], testException = [null], mergedContextConfiguration = [WebMergedContextConfiguration@ab2e6d2 testClass = UserBookTest, locations = '{}', classes = '{class com.bookstore.datalayer.config.RepositorySpringConfiguration}', contextInitializerClasses = '[]', activeProfiles = '{}', propertySourceLocations = '{}', propertySourceProperties = '{}', contextCustomizers = set[org.springframework.test.context.web.socket.MockServerContainerContextCustomizer@4b4523f8], resourceBasePath = 'src/main/webapp', contextLoader = 'org.springframework.test.context.web.WebDelegatingSmartContextLoader', parent = [null]]]].
01:56:38.520 [main] DEBUG org.springframework.test.context.cache.DefaultCacheAwareContextLoaderDelegate - Retrieved ApplicationContext from cache with key [[WebMergedContextConfiguration@ab2e6d2 testClass = UserBookTest, locations = '{}', classes = '{class com.bookstore.datalayer.config.RepositorySpringConfiguration}', contextInitializerClasses = '[]', activeProfiles = '{}', propertySourceLocations = '{}', propertySourceProperties = '{}', contextCustomizers = set[org.springframework.test.context.web.socket.MockServerContainerContextCustomizer@4b4523f8], resourceBasePath = 'src/main/webapp', contextLoader = 'org.springframework.test.context.web.WebDelegatingSmartContextLoader', parent = [null]]]
01:56:38.520 [main] DEBUG org.springframework.test.context.cache - Spring test ApplicationContext cache statistics: [DefaultContextCache@2272cbb0 size = 1, maxSize = 32, parentContextCount = 0, hitCount = 7, missCount = 1]
01:56:38.522 [main] DEBUG org.springframework.beans.factory.annotation.InjectionMetadata - Processing injected element of bean 'com.bookstore.test.user.UserBookTest': AutowiredFieldElement for private com.bookstore.datalayer.repository.UserBookRepository com.bookstore.test.user.UserBookTest.userBookRepository
01:56:38.523 [main] DEBUG org.springframework.beans.factory.support.DefaultListableBeanFactory - Returning cached instance of singleton bean 'userBookRepository'
01:56:38.523 [main] DEBUG org.springframework.beans.factory.support.DefaultListableBeanFactory - Returning cached instance of singleton bean 'org.springframework.transaction.config.internalTransactionAdvisor'
01:56:38.523 [main] DEBUG org.springframework.beans.factory.annotation.AutowiredAnnotationBeanPostProcessor - Autowiring by type from bean name 'com.bookstore.test.user.UserBookTest' to bean named 'userBookRepository'
01:56:38.523 [main] DEBUG org.springframework.beans.factory.annotation.InjectionMetadata - Processing injected element of bean 'com.bookstore.test.user.UserBookTest': AutowiredFieldElement for private com.bookstore.datalayer.repository.UserRepository com.bookstore.test.user.UserBookTest.userRepository
01:56:38.523 [main] DEBUG org.springframework.beans.factory.support.DefaultListableBeanFactory - Returning cached instance of singleton bean 'userRepository'
01:56:38.524 [main] DEBUG org.springframework.beans.factory.annotation.AutowiredAnnotationBeanPostProcessor - Autowiring by type from bean name 'com.bookstore.test.user.UserBookTest' to bean named 'userRepository'
01:56:38.524 [main] DEBUG org.springframework.beans.factory.annotation.InjectionMetadata - Processing injected element of bean 'com.bookstore.test.user.UserBookTest': AutowiredFieldElement for private com.bookstore.datalayer.repository.BookRepository com.bookstore.test.user.UserBookTest.bookRepository
01:56:38.524 [main] DEBUG org.springframework.beans.factory.support.DefaultListableBeanFactory - Returning cached instance of singleton bean 'bookRepository'
01:56:38.524 [main] DEBUG org.springframework.beans.factory.annotation.AutowiredAnnotationBeanPostProcessor - Autowiring by type from bean name 'com.bookstore.test.user.UserBookTest' to bean named 'bookRepository'
01:56:38.524 [main] DEBUG org.springframework.beans.factory.support.DefaultListableBeanFactory - Returning cached instance of singleton bean 'org.springframework.transaction.config.internalTransactionAdvisor'
01:56:38.524 [main] DEBUG org.springframework.transaction.annotation.AnnotationTransactionAttributeSource - Adding transactional method 'com.bookstore.test.user.UserBookTest.insertUserBook' with attribute: PROPAGATION_REQUIRED,ISOLATION_DEFAULT
01:56:38.524 [main] DEBUG org.springframework.aop.framework.autoproxy.InfrastructureAdvisorAutoProxyCreator - Creating implicit proxy for bean 'com.bookstore.test.user.UserBookTest' with 0 common interceptors and 1 specific interceptors
01:56:38.524 [main] DEBUG org.springframework.aop.framework.CglibAopProxy - Creating CGLIB proxy: target source is SingletonTargetSource for target object [com.bookstore.test.user.UserBookTest@71664560]
01:56:38.525 [main] DEBUG org.springframework.aop.framework.CglibAopProxy - Unable to apply any optimisations to advised method: public void com.bookstore.test.user.UserBookTest.insertUserBook()
01:56:38.525 [main] DEBUG org.springframework.aop.framework.CglibAopProxy - Found 'equals' method: public boolean java.lang.Object.equals(java.lang.Object)
01:56:38.525 [main] DEBUG org.springframework.aop.framework.CglibAopProxy - Unable to apply any optimisations to advised method: public java.lang.String java.lang.Object.toString()
01:56:38.525 [main] DEBUG org.springframework.aop.framework.CglibAopProxy - Found 'hashCode' method: public native int java.lang.Object.hashCode()
01:56:38.525 [main] DEBUG org.springframework.aop.framework.CglibAopProxy - Unable to apply any optimisations to advised method: protected native java.lang.Object java.lang.Object.clone() throws java.lang.CloneNotSupportedException
01:56:38.525 [main] DEBUG org.springframework.aop.framework.CglibAopProxy - Method is declared on Advised interface: public abstract int org.springframework.aop.framework.Advised.indexOf(org.springframework.aop.Advisor)
01:56:38.525 [main] DEBUG org.springframework.aop.framework.CglibAopProxy - Method is declared on Advised interface: public abstract int org.springframework.aop.framework.Advised.indexOf(org.aopalliance.aop.Advice)
01:56:38.525 [main] DEBUG org.springframework.aop.framework.CglibAopProxy - Method is declared on Advised interface: public abstract boolean org.springframework.aop.framework.Advised.isFrozen()
01:56:38.525 [main] DEBUG org.springframework.aop.framework.CglibAopProxy - Method is declared on Advised interface: public abstract void org.springframework.aop.framework.Advised.setTargetSource(org.springframework.aop.TargetSource)
01:56:38.525 [main] DEBUG org.springframework.aop.framework.CglibAopProxy - Method is declared on Advised interface: public abstract org.springframework.aop.TargetSource org.springframework.aop.framework.Advised.getTargetSource()
01:56:38.525 [main] DEBUG org.springframework.aop.framework.CglibAopProxy - Method is declared on Advised interface: public abstract boolean org.springframework.aop.framework.Advised.isProxyTargetClass()
01:56:38.525 [main] DEBUG org.springframework.aop.framework.CglibAopProxy - Method is declared on Advised interface: public abstract void org.springframework.aop.framework.Advised.addAdvisor(org.springframework.aop.Advisor) throws org.springframework.aop.framework.AopConfigException
01:56:38.525 [main] DEBUG org.springframework.aop.framework.CglibAopProxy - Method is declared on Advised interface: public abstract void org.springframework.aop.framework.Advised.addAdvisor(int,org.springframework.aop.Advisor) throws org.springframework.aop.framework.AopConfigException
01:56:38.525 [main] DEBUG org.springframework.aop.framework.CglibAopProxy - Method is declared on Advised interface: public abstract void org.springframework.aop.framework.Advised.setPreFiltered(boolean)
01:56:38.525 [main] DEBUG org.springframework.aop.framework.CglibAopProxy - Method is declared on Advised interface: public abstract boolean org.springframework.aop.framework.Advised.isPreFiltered()
01:56:38.525 [main] DEBUG org.springframework.aop.framework.CglibAopProxy - Method is declared on Advised interface: public abstract java.lang.Class[] org.springframework.aop.framework.Advised.getProxiedInterfaces()
01:56:38.525 [main] DEBUG org.springframework.aop.framework.CglibAopProxy - Method is declared on Advised interface: public abstract boolean org.springframework.aop.framework.Advised.isInterfaceProxied(java.lang.Class)
01:56:38.525 [main] DEBUG org.springframework.aop.framework.CglibAopProxy - Method is declared on Advised interface: public abstract org.springframework.aop.Advisor[] org.springframework.aop.framework.Advised.getAdvisors()
01:56:38.525 [main] DEBUG org.springframework.aop.framework.CglibAopProxy - Method is declared on Advised interface: public abstract void org.springframework.aop.framework.Advised.removeAdvisor(int) throws org.springframework.aop.framework.AopConfigException
01:56:38.526 [main] DEBUG org.springframework.aop.framework.CglibAopProxy - Method is declared on Advised interface: public abstract boolean org.springframework.aop.framework.Advised.removeAdvisor(org.springframework.aop.Advisor)
01:56:38.526 [main] DEBUG org.springframework.aop.framework.CglibAopProxy - Method is declared on Advised interface: public abstract boolean org.springframework.aop.framework.Advised.replaceAdvisor(org.springframework.aop.Advisor,org.springframework.aop.Advisor) throws org.springframework.aop.framework.AopConfigException
01:56:38.526 [main] DEBUG org.springframework.aop.framework.CglibAopProxy - Method is declared on Advised interface: public abstract boolean org.springframework.aop.framework.Advised.removeAdvice(org.aopalliance.aop.Advice)
01:56:38.526 [main] DEBUG org.springframework.aop.framework.CglibAopProxy - Method is declared on Advised interface: public abstract java.lang.String org.springframework.aop.framework.Advised.toProxyConfigString()
01:56:38.526 [main] DEBUG org.springframework.aop.framework.CglibAopProxy - Method is declared on Advised interface: public abstract void org.springframework.aop.framework.Advised.setExposeProxy(boolean)
01:56:38.526 [main] DEBUG org.springframework.aop.framework.CglibAopProxy - Method is declared on Advised interface: public abstract boolean org.springframework.aop.framework.Advised.isExposeProxy()
01:56:38.526 [main] DEBUG org.springframework.aop.framework.CglibAopProxy - Method is declared on Advised interface: public abstract void org.springframework.aop.framework.Advised.addAdvice(org.aopalliance.aop.Advice) throws org.springframework.aop.framework.AopConfigException
01:56:38.526 [main] DEBUG org.springframework.aop.framework.CglibAopProxy - Method is declared on Advised interface: public abstract void org.springframework.aop.framework.Advised.addAdvice(int,org.aopalliance.aop.Advice) throws org.springframework.aop.framework.AopConfigException
01:56:38.526 [main] DEBUG org.springframework.aop.framework.CglibAopProxy - Method is declared on Advised interface: public abstract java.lang.Class org.springframework.aop.TargetClassAware.getTargetClass()
01:56:38.535 [main] DEBUG org.springframework.test.context.support.AbstractDirtiesContextTestExecutionListener - Before test method: context [DefaultTestContext@4e375bba testClass = UserBookTest, testInstance = com.bookstore.test.user.UserBookTest@71664560, testMethod = insertUserBook@UserBookTest, testException = [null], mergedContextConfiguration = [WebMergedContextConfiguration@ab2e6d2 testClass = UserBookTest, locations = '{}', classes = '{class com.bookstore.datalayer.config.RepositorySpringConfiguration}', contextInitializerClasses = '[]', activeProfiles = '{}', propertySourceLocations = '{}', propertySourceProperties = '{}', contextCustomizers = set[org.springframework.test.context.web.socket.MockServerContainerContextCustomizer@4b4523f8], resourceBasePath = 'src/main/webapp', contextLoader = 'org.springframework.test.context.web.WebDelegatingSmartContextLoader', parent = [null]]], class annotated with @DirtiesContext [false] with mode [null], method annotated with @DirtiesContext [false] with mode [null].
01:56:38.535 [main] DEBUG org.springframework.transaction.annotation.AnnotationTransactionAttributeSource - Adding transactional method 'com.bookstore.test.user.UserBookTest.insertUserBook' with attribute: PROPAGATION_REQUIRED,ISOLATION_DEFAULT
01:56:38.535 [main] DEBUG org.springframework.test.context.transaction.TransactionalTestExecutionListener - Explicit transaction definition [PROPAGATION_REQUIRED,ISOLATION_DEFAULT] found for test context [DefaultTestContext@4e375bba testClass = UserBookTest, testInstance = com.bookstore.test.user.UserBookTest@71664560, testMethod = insertUserBook@UserBookTest, testException = [null], mergedContextConfiguration = [WebMergedContextConfiguration@ab2e6d2 testClass = UserBookTest, locations = '{}', classes = '{class com.bookstore.datalayer.config.RepositorySpringConfiguration}', contextInitializerClasses = '[]', activeProfiles = '{}', propertySourceLocations = '{}', propertySourceProperties = '{}', contextCustomizers = set[org.springframework.test.context.web.socket.MockServerContainerContextCustomizer@4b4523f8], resourceBasePath = 'src/main/webapp', contextLoader = 'org.springframework.test.context.web.WebDelegatingSmartContextLoader', parent = [null]]]
01:56:38.535 [main] DEBUG org.springframework.test.context.transaction.TransactionalTestExecutionListener - Retrieved @TransactionConfiguration [null] for test class [com.bookstore.test.user.UserBookTest].
01:56:38.536 [main] DEBUG org.springframework.test.context.transaction.TransactionalTestExecutionListener - Using TransactionConfigurationAttributes [TransactionConfigurationAttributes@73041b7d transactionManagerName = '', defaultRollback = true] for test class [com.bookstore.test.user.UserBookTest].
01:56:38.536 [main] DEBUG org.springframework.test.context.cache.DefaultCacheAwareContextLoaderDelegate - Retrieved ApplicationContext from cache with key [[WebMergedContextConfiguration@ab2e6d2 testClass = UserBookTest, locations = '{}', classes = '{class com.bookstore.datalayer.config.RepositorySpringConfiguration}', contextInitializerClasses = '[]', activeProfiles = '{}', propertySourceLocations = '{}', propertySourceProperties = '{}', contextCustomizers = set[org.springframework.test.context.web.socket.MockServerContainerContextCustomizer@4b4523f8], resourceBasePath = 'src/main/webapp', contextLoader = 'org.springframework.test.context.web.WebDelegatingSmartContextLoader', parent = [null]]]
01:56:38.536 [main] DEBUG org.springframework.test.context.cache - Spring test ApplicationContext cache statistics: [DefaultContextCache@2272cbb0 size = 1, maxSize = 32, parentContextCount = 0, hitCount = 8, missCount = 1]
01:56:38.536 [main] DEBUG org.springframework.beans.factory.support.DefaultListableBeanFactory - Returning cached instance of singleton bean 'transactionManager'
01:56:38.536 [main] DEBUG org.springframework.test.context.transaction.TransactionalTestExecutionListener - Method-level @Rollback(false) overrides default rollback [true] for test context [DefaultTestContext@4e375bba testClass = UserBookTest, testInstance = com.bookstore.test.user.UserBookTest@71664560, testMethod = insertUserBook@UserBookTest, testException = [null], mergedContextConfiguration = [WebMergedContextConfiguration@ab2e6d2 testClass = UserBookTest, locations = '{}', classes = '{class com.bookstore.datalayer.config.RepositorySpringConfiguration}', contextInitializerClasses = '[]', activeProfiles = '{}', propertySourceLocations = '{}', propertySourceProperties = '{}', contextCustomizers = set[org.springframework.test.context.web.socket.MockServerContainerContextCustomizer@4b4523f8], resourceBasePath = 'src/main/webapp', contextLoader = 'org.springframework.test.context.web.WebDelegatingSmartContextLoader', parent = [null]]].
01:56:38.536 [main] DEBUG org.springframework.orm.jpa.JpaTransactionManager - Creating new transaction with name [com.bookstore.test.user.UserBookTest.insertUserBook]: PROPAGATION_REQUIRED,ISOLATION_DEFAULT
01:56:38.536 [main] DEBUG org.springframework.orm.jpa.JpaTransactionManager - Opened new EntityManager [org.hibernate.jpa.internal.EntityManagerImpl@5934ca1e] for JPA transaction
01:56:38.536 [main] DEBUG org.hibernate.engine.transaction.internal.TransactionImpl - begin
01:56:38.536 [main] DEBUG org.springframework.jdbc.datasource.DriverManagerDataSource - Creating new JDBC DriverManager Connection to [jdbc:mysql://us-cdbr-iron-east-05.cleardb.net:3306/heroku_b97a6a29164fbb3]
01:56:39.773 [main] DEBUG org.springframework.orm.jpa.JpaTransactionManager - Exposing JPA transaction as JDBC transaction [org.springframework.orm.jpa.vendor.HibernateJpaDialect$HibernateConnectionHandle@5e9bbd9d]
01:56:39.774 [main] INFO org.springframework.test.context.transaction.TransactionContext - Began transaction (1) for test context [DefaultTestContext@4e375bba testClass = UserBookTest, testInstance = com.bookstore.test.user.UserBookTest@71664560, testMethod = insertUserBook@UserBookTest, testException = [null], mergedContextConfiguration = [WebMergedContextConfiguration@ab2e6d2 testClass = UserBookTest, locations = '{}', classes = '{class com.bookstore.datalayer.config.RepositorySpringConfiguration}', contextInitializerClasses = '[]', activeProfiles = '{}', propertySourceLocations = '{}', propertySourceProperties = '{}', contextCustomizers = set[org.springframework.test.context.web.socket.MockServerContainerContextCustomizer@4b4523f8], resourceBasePath = 'src/main/webapp', contextLoader = 'org.springframework.test.context.web.WebDelegatingSmartContextLoader', parent = [null]]]; transaction manager [org.springframework.orm.jpa.JpaTransactionManager@48eaf42f]; rollback [false]
01:56:39.774 [main] DEBUG org.hibernate.jpa.criteria.CriteriaQueryImpl - Rendered criteria query -> select generatedAlias0 from User as generatedAlias0 where generatedAlias0.userId=:param0
01:56:39.775 [main] DEBUG org.hibernate.SQL - select user0_.id as id1_4_, user0_.email as email2_4_, user0_.enabled as enabled3_4_, user0_.last_name as last_nam4_4_, user0_.first_name as first_na5_4_, user0_.password as password6_4_, user0_.phone as phone7_4_, user0_.username as username8_4_ from user user0_ where user0_.id=?
Hibernate: select user0_.id as id1_4_, user0_.email as email2_4_, user0_.enabled as enabled3_4_, user0_.last_name as last_nam4_4_, user0_.first_name as first_na5_4_, user0_.password as password6_4_, user0_.phone as phone7_4_, user0_.username as username8_4_ from user user0_ where user0_.id=?
01:56:39.916 [main] DEBUG org.springframework.data.repository.core.support.TransactionalRepositoryProxyPostProcessor$CustomAnnotationTransactionAttributeSource - Adding transactional method 'save' with attribute: PROPAGATION_REQUIRED,ISOLATION_DEFAULT; ''
01:56:39.917 [main] DEBUG org.springframework.beans.factory.support.DefaultListableBeanFactory - Returning cached instance of singleton bean 'transactionManager'
01:56:39.917 [main] DEBUG org.springframework.orm.jpa.JpaTransactionManager - Found thread-bound EntityManager [org.hibernate.jpa.internal.EntityManagerImpl@5934ca1e] for JPA transaction
01:56:39.917 [main] DEBUG org.springframework.orm.jpa.JpaTransactionManager - Participating in existing transaction
01:56:39.918 [main] DEBUG org.springframework.jdbc.datasource.DriverManagerDataSource - Creating new JDBC DriverManager Connection to [jdbc:mysql://us-cdbr-iron-east-05.cleardb.net:3306/heroku_b97a6a29164fbb3]
01:56:41.234 [main] DEBUG org.hibernate.SQL - select next_val as id_val from hibernate_sequence for update
Hibernate: select next_val as id_val from hibernate_sequence for update
01:56:41.385 [main] DEBUG org.hibernate.SQL - update hibernate_sequence set next_val= ? where next_val=?
Hibernate: update hibernate_sequence set next_val= ? where next_val=?
01:56:41.821 [main] DEBUG org.hibernate.event.internal.AbstractSaveEventListener - Generated identifier: 3, using strategy: org.hibernate.id.enhanced.SequenceStyleGenerator
01:56:41.822 [main] DEBUG org.springframework.jdbc.datasource.DriverManagerDataSource - Creating new JDBC DriverManager Connection to [jdbc:mysql://us-cdbr-iron-east-05.cleardb.net:3306/heroku_b97a6a29164fbb3]
01:56:43.058 [main] DEBUG org.hibernate.SQL - select next_val as id_val from hibernate_sequence for update
Hibernate: select next_val as id_val from hibernate_sequence for update
01:56:43.195 [main] DEBUG org.hibernate.SQL - update hibernate_sequence set next_val= ? where next_val=?
Hibernate: update hibernate_sequence set next_val= ? where next_val=?
01:56:43.603 [main] DEBUG org.hibernate.event.internal.AbstractSaveEventListener - Generated identifier: 4, using strategy: org.hibernate.id.enhanced.SequenceStyleGenerator
01:56:43.604 [main] DEBUG org.springframework.orm.jpa.JpaTransactionManager - Found thread-bound EntityManager [org.hibernate.jpa.internal.EntityManagerImpl@5934ca1e] for JPA transaction
01:56:43.604 [main] DEBUG org.springframework.orm.jpa.JpaTransactionManager - Participating in existing transaction
01:56:43.604 [main] DEBUG org.springframework.jdbc.datasource.DriverManagerDataSource - Creating new JDBC DriverManager Connection to [jdbc:mysql://us-cdbr-iron-east-05.cleardb.net:3306/heroku_b97a6a29164fbb3]
01:56:44.903 [main] DEBUG org.hibernate.SQL - select next_val as id_val from hibernate_sequence for update
Hibernate: select next_val as id_val from hibernate_sequence for update
01:56:45.046 [main] DEBUG org.hibernate.SQL - update hibernate_sequence set next_val= ? where next_val=?
Hibernate: update hibernate_sequence set next_val= ? where next_val=?
01:56:45.472 [main] DEBUG org.hibernate.event.internal.AbstractSaveEventListener - Generated identifier: 5, using strategy: org.hibernate.id.enhanced.SequenceStyleGenerator
01:56:45.472 [main] DEBUG org.springframework.jdbc.datasource.DriverManagerDataSource - Creating new JDBC DriverManager Connection to [jdbc:mysql://us-cdbr-iron-east-05.cleardb.net:3306/heroku_b97a6a29164fbb3]
01:56:46.805 [main] DEBUG org.hibernate.SQL - select next_val as id_val from hibernate_sequence for update
Hibernate: select next_val as id_val from hibernate_sequence for update
01:56:46.951 [main] DEBUG org.hibernate.SQL - update hibernate_sequence set next_val= ? where next_val=?
Hibernate: update hibernate_sequence set next_val= ? where next_val=?
01:56:47.389 [main] DEBUG org.hibernate.event.internal.AbstractSaveEventListener - Generated identifier: 6, using strategy: org.hibernate.id.enhanced.SequenceStyleGenerator
01:56:47.390 [main] DEBUG org.hibernate.jpa.criteria.CriteriaQueryImpl - Rendered criteria query -> select generatedAlias0 from Book as generatedAlias0 where generatedAlias0.name=:param0
01:56:47.391 [main] DEBUG org.hibernate.event.internal.AbstractFlushingEventListener - Processing flush-time cascades
01:56:47.391 [main] DEBUG org.hibernate.event.internal.AbstractFlushingEventListener - Dirty checking collections
01:56:47.392 [main] DEBUG org.hibernate.event.internal.AbstractFlushingEventListener - Flushed: 4 insertions, 0 updates, 0 deletions to 4 objects
01:56:47.392 [main] DEBUG org.hibernate.event.internal.AbstractFlushingEventListener - Flushed: 0 (re)creations, 0 updates, 0 removals to 0 collections
01:56:47.392 [main] DEBUG org.hibernate.internal.util.EntityPrinter - Listing entities:
01:56:47.392 [main] DEBUG org.hibernate.internal.util.EntityPrinter - com.bookstore.datalayer.entity.UserBook{userBookId=3, book=com.bookstore.datalayer.entity.Book#4, user=null}
01:56:47.392 [main] DEBUG org.hibernate.internal.util.EntityPrinter - com.bookstore.datalayer.entity.Book{author=null, name=Book1, description=null, publisher=null, publishedDate=null, bookId=4}
01:56:47.392 [main] DEBUG org.hibernate.internal.util.EntityPrinter - com.bookstore.datalayer.entity.UserBook{userBookId=5, book=com.bookstore.datalayer.entity.Book#6, user=null}
01:56:47.392 [main] DEBUG org.hibernate.internal.util.EntityPrinter - com.bookstore.datalayer.entity.Book{author=null, name=Book2, description=null, publisher=null, publishedDate=null, bookId=6}
01:56:47.393 [main] DEBUG org.hibernate.engine.spi.ActionQueue - Changes must be flushed to space: book
01:56:47.393 [main] DEBUG org.hibernate.SQL - insert into book (author, description, name, published_date, publisher, book_id) values (?, ?, ?, ?, ?, ?)
Hibernate: insert into book (author, description, name, published_date, publisher, book_id) values (?, ?, ?, ?, ?, ?)
01:56:47.534 [main] DEBUG org.hibernate.SQL - insert into user_book (book_id, user_id, user_book_id) values (?, ?, ?)
Hibernate: insert into user_book (book_id, user_id, user_book_id) values (?, ?, ?)
01:56:47.760 [main] DEBUG org.hibernate.engine.jdbc.spi.SqlExceptionHelper - could not execute statement [n/a]
com.mysql.jdbc.exceptions.jdbc4.MySQLIntegrityConstraintViolationException: Column 'user_id' cannot be null
	at sun.reflect.NativeConstructorAccessorImpl.newInstance0(Native Method)
	at sun.reflect.NativeConstructorAccessorImpl.newInstance(NativeConstructorAccessorImpl.java:62)
	at sun.reflect.DelegatingConstructorAccessorImpl.newInstance(DelegatingConstructorAccessorImpl.java:45)
	at java.lang.reflect.Constructor.newInstance(Constructor.java:423)
	at com.mysql.jdbc.Util.handleNewInstance(Util.java:425)
	at com.mysql.jdbc.Util.getInstance(Util.java:408)
	at com.mysql.jdbc.SQLError.createSQLException(SQLError.java:935)
	at com.mysql.jdbc.MysqlIO.checkErrorPacket(MysqlIO.java:3970)
	at com.mysql.jdbc.MysqlIO.checkErrorPacket(MysqlIO.java:3906)
	at com.mysql.jdbc.MysqlIO.sendCommand(MysqlIO.java:2524)
	at com.mysql.jdbc.MysqlIO.sqlQueryDirect(MysqlIO.java:2677)
	at com.mysql.jdbc.ConnectionImpl.execSQL(ConnectionImpl.java:2549)
	at com.mysql.jdbc.PreparedStatement.executeInternal(PreparedStatement.java:1861)
	at com.mysql.jdbc.PreparedStatement.executeUpdateInternal(PreparedStatement.java:2073)
	at com.mysql.jdbc.PreparedStatement.executeUpdateInternal(PreparedStatement.java:2009)
	at com.mysql.jdbc.PreparedStatement.executeLargeUpdate(PreparedStatement.java:5098)
	at com.mysql.jdbc.PreparedStatement.executeUpdate(PreparedStatement.java:1994)
	at org.hibernate.engine.jdbc.internal.ResultSetReturnImpl.executeUpdate(ResultSetReturnImpl.java:204)
	at org.hibernate.engine.jdbc.batch.internal.NonBatchingBatch.addToBatch(NonBatchingBatch.java:45)
	at org.hibernate.persister.entity.AbstractEntityPersister.insert(AbstractEntityPersister.java:2897)
	at org.hibernate.persister.entity.AbstractEntityPersister.insert(AbstractEntityPersister.java:3397)
	at org.hibernate.action.internal.EntityInsertAction.execute(EntityInsertAction.java:89)
	at org.hibernate.engine.spi.ActionQueue.executeActions(ActionQueue.java:582)
	at org.hibernate.engine.spi.ActionQueue.executeActions(ActionQueue.java:456)
	at org.hibernate.event.internal.AbstractFlushingEventListener.performExecutions(AbstractFlushingEventListener.java:337)
	at org.hibernate.event.internal.DefaultAutoFlushEventListener.onAutoFlush(DefaultAutoFlushEventListener.java:50)
	at org.hibernate.internal.SessionImpl.autoFlushIfRequired(SessionImpl.java:1251)
	at org.hibernate.internal.SessionImpl.list(SessionImpl.java:1319)
	at org.hibernate.internal.QueryImpl.list(QueryImpl.java:87)
	at org.hibernate.jpa.internal.QueryImpl.list(QueryImpl.java:606)
	at org.hibernate.jpa.internal.QueryImpl.getSingleResult(QueryImpl.java:529)
	at org.hibernate.jpa.criteria.compile.CriteriaQueryTypeQueryAdapter.getSingleResult(CriteriaQueryTypeQueryAdapter.java:54)
	at org.springframework.data.jpa.repository.query.JpaQueryExecution$SingleEntityExecution.doExecute(JpaQueryExecution.java:206)
	at org.springframework.data.jpa.repository.query.JpaQueryExecution.execute(JpaQueryExecution.java:85)
	at org.springframework.data.jpa.repository.query.AbstractJpaQuery.doExecute(AbstractJpaQuery.java:116)
	at org.springframework.data.jpa.repository.query.AbstractJpaQuery.execute(AbstractJpaQuery.java:106)
	at org.springframework.data.repository.core.support.RepositoryFactorySupport$QueryExecutorMethodInterceptor.doInvoke(RepositoryFactorySupport.java:483)
	at org.springframework.data.repository.core.support.RepositoryFactorySupport$QueryExecutorMethodInterceptor.invoke(RepositoryFactorySupport.java:461)
	at org.springframework.aop.framework.ReflectiveMethodInvocation.proceed(ReflectiveMethodInvocation.java:179)
	at org.springframework.data.projection.DefaultMethodInvokingMethodInterceptor.invoke(DefaultMethodInvokingMethodInterceptor.java:61)
	at org.springframework.aop.framework.ReflectiveMethodInvocation.proceed(ReflectiveMethodInvocation.java:179)
	at org.springframework.transaction.interceptor.TransactionInterceptor$1.proceedWithInvocation(TransactionInterceptor.java:99)
	at org.springframework.transaction.interceptor.TransactionAspectSupport.invokeWithinTransaction(TransactionAspectSupport.java:282)
	at org.springframework.transaction.interceptor.TransactionInterceptor.invoke(TransactionInterceptor.java:96)
	at org.springframework.aop.framework.ReflectiveMethodInvocation.proceed(ReflectiveMethodInvocation.java:179)
	at org.springframework.dao.support.PersistenceExceptionTranslationInterceptor.invoke(PersistenceExceptionTranslationInterceptor.java:136)
	at org.springframework.aop.framework.ReflectiveMethodInvocation.proceed(ReflectiveMethodInvocation.java:179)
	at org.springframework.data.jpa.repository.support.CrudMethodMetadataPostProcessor$CrudMethodMetadataPopulatingMethodInterceptor.invoke(CrudMethodMetadataPostProcessor.java:133)
	at org.springframework.aop.framework.ReflectiveMethodInvocation.proceed(ReflectiveMethodInvocation.java:179)
	at org.springframework.aop.interceptor.ExposeInvocationInterceptor.invoke(ExposeInvocationInterceptor.java:92)
	at org.springframework.aop.framework.ReflectiveMethodInvocation.proceed(ReflectiveMethodInvocation.java:179)
	at org.springframework.data.repository.core.support.SurroundingTransactionDetectorMethodInterceptor.invoke(SurroundingTransactionDetectorMethodInterceptor.java:57)
	at org.springframework.aop.framework.ReflectiveMethodInvocation.proceed(ReflectiveMethodInvocation.java:179)
	at org.springframework.aop.framework.JdkDynamicAopProxy.invoke(JdkDynamicAopProxy.java:213)
	at com.sun.proxy.$Proxy55.findByName(Unknown Source)
	at com.bookstore.test.user.UserBookTest.insertUserBook(UserBookTest.java:63)
	at sun.reflect.NativeMethodAccessorImpl.invoke0(Native Method)
	at sun.reflect.NativeMethodAccessorImpl.invoke(NativeMethodAccessorImpl.java:62)
	at sun.reflect.DelegatingMethodAccessorImpl.invoke(DelegatingMethodAccessorImpl.java:43)
	at java.lang.reflect.Method.invoke(Method.java:498)
	at org.junit.runners.model.FrameworkMethod$1.runReflectiveCall(FrameworkMethod.java:50)
	at org.junit.internal.runners.model.ReflectiveCallable.run(ReflectiveCallable.java:12)
	at org.junit.runners.model.FrameworkMethod.invokeExplosively(FrameworkMethod.java:47)
	at org.junit.internal.runners.statements.InvokeMethod.evaluate(InvokeMethod.java:17)
	at org.springframework.test.context.junit4.statements.RunBeforeTestMethodCallbacks.evaluate(RunBeforeTestMethodCallbacks.java:75)
	at org.springframework.test.context.junit4.statements.RunAfterTestMethodCallbacks.evaluate(RunAfterTestMethodCallbacks.java:86)
	at org.springframework.test.context.junit4.statements.SpringRepeat.evaluate(SpringRepeat.java:84)
	at org.junit.runners.ParentRunner.runLeaf(ParentRunner.java:325)
	at org.springframework.test.context.junit4.SpringJUnit4ClassRunner.runChild(SpringJUnit4ClassRunner.java:252)
	at org.springframework.test.context.junit4.SpringJUnit4ClassRunner.runChild(SpringJUnit4ClassRunner.java:94)
	at org.junit.runners.ParentRunner$3.run(ParentRunner.java:290)
	at org.junit.runners.ParentRunner$1.schedule(ParentRunner.java:71)
	at org.junit.runners.ParentRunner.runChildren(ParentRunner.java:288)
	at org.junit.runners.ParentRunner.access$000(ParentRunner.java:58)
	at org.junit.runners.ParentRunner$2.evaluate(ParentRunner.java:268)
	at org.springframework.test.context.junit4.statements.RunBeforeTestClassCallbacks.evaluate(RunBeforeTestClassCallbacks.java:61)
	at org.springframework.test.context.junit4.statements.RunAfterTestClassCallbacks.evaluate(RunAfterTestClassCallbacks.java:70)
	at org.junit.runners.ParentRunner.run(ParentRunner.java:363)
	at org.springframework.test.context.junit4.SpringJUnit4ClassRunner.run(SpringJUnit4ClassRunner.java:191)
	at org.apache.maven.surefire.junit4.JUnit4Provider.execute(JUnit4Provider.java:283)
	at org.apache.maven.surefire.junit4.JUnit4Provider.executeWithRerun(JUnit4Provider.java:173)
	at org.apache.maven.surefire.junit4.JUnit4Provider.executeTestSet(JUnit4Provider.java:153)
	at org.apache.maven.surefire.junit4.JUnit4Provider.invoke(JUnit4Provider.java:128)
	at org.apache.maven.surefire.booter.ForkedBooter.invokeProviderInSameClassLoader(ForkedBooter.java:203)
	at org.apache.maven.surefire.booter.ForkedBooter.runSuitesInProcess(ForkedBooter.java:155)
	at org.apache.maven.surefire.booter.ForkedBooter.main(ForkedBooter.java:103)
01:56:47.761 [main] WARN org.hibernate.engine.jdbc.spi.SqlExceptionHelper - SQL Error: 1048, SQLState: 23000
01:56:47.761 [main] ERROR org.hibernate.engine.jdbc.spi.SqlExceptionHelper - Column 'user_id' cannot be null
01:56:47.774 [main] INFO org.hibernate.engine.jdbc.batch.internal.AbstractBatchImpl - HHH000010: On release of batch it still contained JDBC statements
01:56:47.774 [main] DEBUG org.hibernate.jpa.spi.AbstractEntityManagerImpl - Mark transaction for rollback
01:56:47.775 [main] DEBUG org.springframework.beans.factory.support.DefaultListableBeanFactory - Returning cached instance of singleton bean 'hibernateExceptionTranslator'
01:56:47.778 [main] DEBUG org.springframework.orm.jpa.JpaTransactionManager - Initiating transaction commit
01:56:47.778 [main] DEBUG org.springframework.orm.jpa.JpaTransactionManager - Committing JPA transaction on EntityManager [org.hibernate.jpa.internal.EntityManagerImpl@5934ca1e]
01:56:47.778 [main] DEBUG org.hibernate.engine.transaction.internal.TransactionImpl - rolling back
01:56:48.078 [main] DEBUG org.springframework.orm.jpa.JpaTransactionManager - Closing JPA EntityManager [org.hibernate.jpa.internal.EntityManagerImpl@5934ca1e] after transaction
01:56:48.078 [main] DEBUG org.springframework.orm.jpa.EntityManagerFactoryUtils - Closing JPA EntityManager
01:56:48.078 [main] DEBUG org.hibernate.engine.jdbc.internal.JdbcCoordinatorImpl - HHH000420: Closing un-released batch
01:56:48.079 [main] WARN org.springframework.test.context.TestContextManager - Caught exception while allowing TestExecutionListener [org.springframework.test.context.transaction.TransactionalTestExecutionListener@59845579] to process 'after' execution for test: method [public void com.bookstore.test.user.UserBookTest.insertUserBook()], instance [com.bookstore.test.user.UserBookTest@71664560], exception [javax.persistence.PersistenceException: org.hibernate.exception.ConstraintViolationException: could not execute statement]
org.springframework.transaction.TransactionSystemException: Could not commit JPA transaction; nested exception is javax.persistence.RollbackException: Transaction marked as rollbackOnly
	at org.springframework.orm.jpa.JpaTransactionManager.doCommit(JpaTransactionManager.java:526)
	at org.springframework.transaction.support.AbstractPlatformTransactionManager.processCommit(AbstractPlatformTransactionManager.java:761)
	at org.springframework.transaction.support.AbstractPlatformTransactionManager.commit(AbstractPlatformTransactionManager.java:730)
	at org.springframework.test.context.transaction.TransactionContext.endTransaction(TransactionContext.java:128)
	at org.springframework.test.context.transaction.TransactionalTestExecutionListener.afterTestMethod(TransactionalTestExecutionListener.java:227)
	at org.springframework.test.context.TestContextManager.afterTestMethod(TestContextManager.java:319)
	at org.springframework.test.context.junit4.statements.RunAfterTestMethodCallbacks.evaluate(RunAfterTestMethodCallbacks.java:94)
	at org.springframework.test.context.junit4.statements.SpringRepeat.evaluate(SpringRepeat.java:84)
	at org.junit.runners.ParentRunner.runLeaf(ParentRunner.java:325)
	at org.springframework.test.context.junit4.SpringJUnit4ClassRunner.runChild(SpringJUnit4ClassRunner.java:252)
	at org.springframework.test.context.junit4.SpringJUnit4ClassRunner.runChild(SpringJUnit4ClassRunner.java:94)
	at org.junit.runners.ParentRunner$3.run(ParentRunner.java:290)
	at org.junit.runners.ParentRunner$1.schedule(ParentRunner.java:71)
	at org.junit.runners.ParentRunner.runChildren(ParentRunner.java:288)
	at org.junit.runners.ParentRunner.access$000(ParentRunner.java:58)
	at org.junit.runners.ParentRunner$2.evaluate(ParentRunner.java:268)
	at org.springframework.test.context.junit4.statements.RunBeforeTestClassCallbacks.evaluate(RunBeforeTestClassCallbacks.java:61)
	at org.springframework.test.context.junit4.statements.RunAfterTestClassCallbacks.evaluate(RunAfterTestClassCallbacks.java:70)
	at org.junit.runners.ParentRunner.run(ParentRunner.java:363)
	at org.springframework.test.context.junit4.SpringJUnit4ClassRunner.run(SpringJUnit4ClassRunner.java:191)
	at org.apache.maven.surefire.junit4.JUnit4Provider.execute(JUnit4Provider.java:283)
	at org.apache.maven.surefire.junit4.JUnit4Provider.executeWithRerun(JUnit4Provider.java:173)
	at org.apache.maven.surefire.junit4.JUnit4Provider.executeTestSet(JUnit4Provider.java:153)
	at org.apache.maven.surefire.junit4.JUnit4Provider.invoke(JUnit4Provider.java:128)
	at org.apache.maven.surefire.booter.ForkedBooter.invokeProviderInSameClassLoader(ForkedBooter.java:203)
	at org.apache.maven.surefire.booter.ForkedBooter.runSuitesInProcess(ForkedBooter.java:155)
	at org.apache.maven.surefire.booter.ForkedBooter.main(ForkedBooter.java:103)
Caused by: javax.persistence.RollbackException: Transaction marked as rollbackOnly
	at org.hibernate.jpa.internal.TransactionImpl.commit(TransactionImpl.java:58)
	at org.springframework.orm.jpa.JpaTransactionManager.doCommit(JpaTransactionManager.java:517)
	... 26 common frames omitted
01:56:48.081 [main] DEBUG org.springframework.test.context.support.AbstractDirtiesContextTestExecutionListener - After test method: context [DefaultTestContext@4e375bba testClass = UserBookTest, testInstance = com.bookstore.test.user.UserBookTest@71664560, testMethod = insertUserBook@UserBookTest, testException = javax.persistence.PersistenceException: org.hibernate.exception.ConstraintViolationException: could not execute statement, mergedContextConfiguration = [WebMergedContextConfiguration@ab2e6d2 testClass = UserBookTest, locations = '{}', classes = '{class com.bookstore.datalayer.config.RepositorySpringConfiguration}', contextInitializerClasses = '[]', activeProfiles = '{}', propertySourceLocations = '{}', propertySourceProperties = '{}', contextCustomizers = set[org.springframework.test.context.web.socket.MockServerContainerContextCustomizer@4b4523f8], resourceBasePath = 'src/main/webapp', contextLoader = 'org.springframework.test.context.web.WebDelegatingSmartContextLoader', parent = [null]]], class annotated with @DirtiesContext [false] with mode [null], method annotated with @DirtiesContext [false] with mode [null].
01:56:48.081 [main] DEBUG org.springframework.test.context.web.ServletTestExecutionListener - Resetting RequestContextHolder for test context [DefaultTestContext@4e375bba testClass = UserBookTest, testInstance = com.bookstore.test.user.UserBookTest@71664560, testMethod = insertUserBook@UserBookTest, testException = javax.persistence.PersistenceException: org.hibernate.exception.ConstraintViolationException: could not execute statement, mergedContextConfiguration = [WebMergedContextConfiguration@ab2e6d2 testClass = UserBookTest, locations = '{}', classes = '{class com.bookstore.datalayer.config.RepositorySpringConfiguration}', contextInitializerClasses = '[]', activeProfiles = '{}', propertySourceLocations = '{}', propertySourceProperties = '{}', contextCustomizers = set[org.springframework.test.context.web.socket.MockServerContainerContextCustomizer@4b4523f8], resourceBasePath = 'src/main/webapp', contextLoader = 'org.springframework.test.context.web.WebDelegatingSmartContextLoader', parent = [null]]].
]]></system-out>
  </testcase>
  <testcase name="insertUserBook" classname="com.bookstore.test.user.UserBookTest" time="9.1">
    <error message="Could not commit JPA transaction; nested exception is javax.persistence.RollbackException: Transaction marked as rollbackOnly" type="org.springframework.transaction.TransactionSystemException">org.springframework.transaction.TransactionSystemException: Could not commit JPA transaction; nested exception is javax.persistence.RollbackException: Transaction marked as rollbackOnly
	at org.springframework.orm.jpa.JpaTransactionManager.doCommit(JpaTransactionManager.java:526)
	at org.springframework.transaction.support.AbstractPlatformTransactionManager.processCommit(AbstractPlatformTransactionManager.java:761)
	at org.springframework.transaction.support.AbstractPlatformTransactionManager.commit(AbstractPlatformTransactionManager.java:730)
	at org.springframework.test.context.transaction.TransactionContext.endTransaction(TransactionContext.java:128)
	at org.springframework.test.context.transaction.TransactionalTestExecutionListener.afterTestMethod(TransactionalTestExecutionListener.java:227)
	at org.springframework.test.context.TestContextManager.afterTestMethod(TestContextManager.java:319)
	at org.springframework.test.context.junit4.statements.RunAfterTestMethodCallbacks.evaluate(RunAfterTestMethodCallbacks.java:94)
	at org.springframework.test.context.junit4.statements.SpringRepeat.evaluate(SpringRepeat.java:84)
	at org.junit.runners.ParentRunner.runLeaf(ParentRunner.java:325)
	at org.springframework.test.context.junit4.SpringJUnit4ClassRunner.runChild(SpringJUnit4ClassRunner.java:252)
	at org.springframework.test.context.junit4.SpringJUnit4ClassRunner.runChild(SpringJUnit4ClassRunner.java:94)
	at org.junit.runners.ParentRunner$3.run(ParentRunner.java:290)
	at org.junit.runners.ParentRunner$1.schedule(ParentRunner.java:71)
	at org.junit.runners.ParentRunner.runChildren(ParentRunner.java:288)
	at org.junit.runners.ParentRunner.access$000(ParentRunner.java:58)
	at org.junit.runners.ParentRunner$2.evaluate(ParentRunner.java:268)
	at org.springframework.test.context.junit4.statements.RunBeforeTestClassCallbacks.evaluate(RunBeforeTestClassCallbacks.java:61)
	at org.springframework.test.context.junit4.statements.RunAfterTestClassCallbacks.evaluate(RunAfterTestClassCallbacks.java:70)
	at org.junit.runners.ParentRunner.run(ParentRunner.java:363)
	at org.springframework.test.context.junit4.SpringJUnit4ClassRunner.run(SpringJUnit4ClassRunner.java:191)
	at org.apache.maven.surefire.junit4.JUnit4Provider.execute(JUnit4Provider.java:283)
	at org.apache.maven.surefire.junit4.JUnit4Provider.executeWithRerun(JUnit4Provider.java:173)
	at org.apache.maven.surefire.junit4.JUnit4Provider.executeTestSet(JUnit4Provider.java:153)
	at org.apache.maven.surefire.junit4.JUnit4Provider.invoke(JUnit4Provider.java:128)
	at org.apache.maven.surefire.booter.ForkedBooter.invokeProviderInSameClassLoader(ForkedBooter.java:203)
	at org.apache.maven.surefire.booter.ForkedBooter.runSuitesInProcess(ForkedBooter.java:155)
	at org.apache.maven.surefire.booter.ForkedBooter.main(ForkedBooter.java:103)
Caused by: javax.persistence.RollbackException: Transaction marked as rollbackOnly
	at org.hibernate.jpa.internal.TransactionImpl.commit(TransactionImpl.java:58)
	at org.springframework.orm.jpa.JpaTransactionManager.doCommit(JpaTransactionManager.java:517)
	at org.springframework.transaction.support.AbstractPlatformTransactionManager.processCommit(AbstractPlatformTransactionManager.java:761)
	at org.springframework.transaction.support.AbstractPlatformTransactionManager.commit(AbstractPlatformTransactionManager.java:730)
	at org.springframework.test.context.transaction.TransactionContext.endTransaction(TransactionContext.java:128)
	at org.springframework.test.context.transaction.TransactionalTestExecutionListener.afterTestMethod(TransactionalTestExecutionListener.java:227)
	at org.springframework.test.context.TestContextManager.afterTestMethod(TestContextManager.java:319)
	at org.springframework.test.context.junit4.statements.RunAfterTestMethodCallbacks.evaluate(RunAfterTestMethodCallbacks.java:94)
	at org.springframework.test.context.junit4.statements.SpringRepeat.evaluate(SpringRepeat.java:84)
	at org.junit.runners.ParentRunner.runLeaf(ParentRunner.java:325)
	at org.springframework.test.context.junit4.SpringJUnit4ClassRunner.runChild(SpringJUnit4ClassRunner.java:252)
	at org.springframework.test.context.junit4.SpringJUnit4ClassRunner.runChild(SpringJUnit4ClassRunner.java:94)
	at org.junit.runners.ParentRunner$3.run(ParentRunner.java:290)
	at org.junit.runners.ParentRunner$1.schedule(ParentRunner.java:71)
	at org.junit.runners.ParentRunner.runChildren(ParentRunner.java:288)
	at org.junit.runners.ParentRunner.access$000(ParentRunner.java:58)
	at org.junit.runners.ParentRunner$2.evaluate(ParentRunner.java:268)
	at org.springframework.test.context.junit4.statements.RunBeforeTestClassCallbacks.evaluate(RunBeforeTestClassCallbacks.java:61)
	at org.springframework.test.context.junit4.statements.RunAfterTestClassCallbacks.evaluate(RunAfterTestClassCallbacks.java:70)
	at org.junit.runners.ParentRunner.run(ParentRunner.java:363)
	at org.springframework.test.context.junit4.SpringJUnit4ClassRunner.run(SpringJUnit4ClassRunner.java:191)
	at org.apache.maven.surefire.junit4.JUnit4Provider.execute(JUnit4Provider.java:283)
	at org.apache.maven.surefire.junit4.JUnit4Provider.executeWithRerun(JUnit4Provider.java:173)
	at org.apache.maven.surefire.junit4.JUnit4Provider.executeTestSet(JUnit4Provider.java:153)
	at org.apache.maven.surefire.junit4.JUnit4Provider.invoke(JUnit4Provider.java:128)
	at org.apache.maven.surefire.booter.ForkedBooter.invokeProviderInSameClassLoader(ForkedBooter.java:203)
	at org.apache.maven.surefire.booter.ForkedBooter.runSuitesInProcess(ForkedBooter.java:155)
	at org.apache.maven.surefire.booter.ForkedBooter.main(ForkedBooter.java:103)
</error>
  </testcase>
</testsuite>