<?xml version="1.0" encoding="UTF-8"?>
<testsuite name="com.bookstore.test.user.UserUnitTest" time="13.078" tests="2" errors="1" skipped="0" failures="0">
  <properties>
[...]
</properties>
  <testcase name="selectUser" classname="com.bookstore.test.user.UserUnitTest" time="1.511">
    <error type="java.lang.NullPointerException:">java.lang.NullPointerException: null
	at com.bookstore.test.user.UserUnitTest.selectUser(UserUnitTest.java:87)
</error>
    <system-out><![CDATA[01:56:48.084 [main] DEBUG org.springframework.test.context.support.AbstractDirtiesContextTestExecutionListener - After test class: context [DefaultTestContext@4e375bba testClass = UserBookTest, testInstance = [null], testMethod = [null], testException = [null], mergedContextConfiguration = [WebMergedContextConfiguration@ab2e6d2 testClass = UserBookTest, locations = '{}', classes = '{class com.bookstore.datalayer.config.RepositorySpringConfiguration}', contextInitializerClasses = '[]', activeProfiles = '{}', propertySourceLocations = '{}', propertySourceProperties = '{}', contextCustomizers = set[org.springframework.test.context.web.socket.MockServerContainerContextCustomizer@4b4523f8], resourceBasePath = 'src/main/webapp', contextLoader = 'org.springframework.test.context.web.WebDelegatingSmartContextLoader', parent = [null]]], class annotated with @DirtiesContext [false] with mode [null].
01:56:48.085 [main] DEBUG org.springframework.test.context.junit4.SpringJUnit4ClassRunner - SpringJUnit4ClassRunner constructor called with [class com.bookstore.test.user.UserUnitTest]
01:56:48.085 [main] DEBUG org.springframework.test.context.BootstrapUtils - Instantiating CacheAwareContextLoaderDelegate from class [org.springframework.test.context.cache.DefaultCacheAwareContextLoaderDelegate]
01:56:48.085 [main] DEBUG org.springframework.test.context.BootstrapUtils - Instantiating BootstrapContext using constructor [public org.springframework.test.context.support.DefaultBootstrapContext(java.lang.Class,org.springframework.test.context.CacheAwareContextLoaderDelegate)]
01:56:48.085 [main] DEBUG org.springframework.test.context.BootstrapUtils - Instantiating TestContextBootstrapper for test class [com.bookstore.test.user.UserUnitTest] from class [org.springframework.test.context.web.WebTestContextBootstrapper]
01:56:48.091 [main] DEBUG org.springframework.test.context.support.AbstractDelegatingSmartContextLoader - Delegating to AnnotationConfigWebContextLoader to process context configuration [ContextConfigurationAttributes@4c531172 declaringClass = 'com.bookstore.test.user.UserUnitTest', classes = '{class com.bookstore.datalayer.config.RepositorySpringConfiguration}', locations = '{}', inheritLocations = true, initializers = '{}', inheritInitializers = true, name = [null], contextLoaderClass = 'org.springframework.test.context.ContextLoader'].
01:56:48.103 [main] DEBUG org.springframework.test.context.support.ActiveProfilesUtils - Could not find an 'annotation declaring class' for annotation type [org.springframework.test.context.ActiveProfiles] and class [com.bookstore.test.user.UserUnitTest]
01:56:48.105 [main] DEBUG org.springframework.test.context.web.WebTestContextBootstrapper - @TestExecutionListeners is not present for class [com.bookstore.test.user.UserUnitTest]: using defaults.
01:56:48.108 [main] INFO org.springframework.test.context.web.WebTestContextBootstrapper - Loaded default TestExecutionListener class names from location [META-INF/spring.factories]: [org.springframework.test.context.web.ServletTestExecutionListener, org.springframework.test.context.support.DirtiesContextBeforeModesTestExecutionListener, org.springframework.test.context.support.DependencyInjectionTestExecutionListener, org.springframework.test.context.support.DirtiesContextTestExecutionListener, org.springframework.test.context.transaction.TransactionalTestExecutionListener, org.springframework.test.context.jdbc.SqlScriptsTestExecutionListener]
01:56:48.108 [main] INFO org.springframework.test.context.web.WebTestContextBootstrapper - Using TestExecutionListeners: [org.springframework.test.context.web.ServletTestExecutionListener@172f4514, org.springframework.test.context.support.DirtiesContextBeforeModesTestExecutionListener@7df6d663, org.springframework.test.context.support.DependencyInjectionTestExecutionListener@13d019a4, org.springframework.test.context.support.DirtiesContextTestExecutionListener@2c30c81d, org.springframework.test.context.transaction.TransactionalTestExecutionListener@415a3f6a, org.springframework.test.context.jdbc.SqlScriptsTestExecutionListener@a54acec]
01:56:48.109 [main] DEBUG org.springframework.test.annotation.ProfileValueUtils - Retrieved @ProfileValueSourceConfiguration [null] for test class [com.bookstore.test.user.UserUnitTest]
01:56:48.109 [main] DEBUG org.springframework.test.annotation.ProfileValueUtils - Retrieved ProfileValueSource type [class org.springframework.test.annotation.SystemProfileValueSource] for class [com.bookstore.test.user.UserUnitTest]
01:56:48.109 [main] DEBUG org.springframework.test.annotation.ProfileValueUtils - Retrieved @ProfileValueSourceConfiguration [null] for test class [com.bookstore.test.user.UserUnitTest]
01:56:48.109 [main] DEBUG org.springframework.test.annotation.ProfileValueUtils - Retrieved ProfileValueSource type [class org.springframework.test.annotation.SystemProfileValueSource] for class [com.bookstore.test.user.UserUnitTest]
01:56:48.109 [main] DEBUG org.springframework.test.context.support.AbstractDirtiesContextTestExecutionListener - Before test class: context [DefaultTestContext@19da993b testClass = UserUnitTest, testInstance = [null], testMethod = [null], testException = [null], mergedContextConfiguration = [WebMergedContextConfiguration@3380ca3d testClass = UserUnitTest, locations = '{}', classes = '{class com.bookstore.datalayer.config.RepositorySpringConfiguration}', contextInitializerClasses = '[]', activeProfiles = '{}', propertySourceLocations = '{}', propertySourceProperties = '{}', contextCustomizers = set[org.springframework.test.context.web.socket.MockServerContainerContextCustomizer@4b4523f8], resourceBasePath = 'src/main/webapp', contextLoader = 'org.springframework.test.context.web.WebDelegatingSmartContextLoader', parent = [null]]], class annotated with @DirtiesContext [false] with mode [null].
01:56:48.109 [main] DEBUG org.springframework.test.annotation.ProfileValueUtils - Retrieved @ProfileValueSourceConfiguration [null] for test class [com.bookstore.test.user.UserUnitTest]
01:56:48.109 [main] DEBUG org.springframework.test.annotation.ProfileValueUtils - Retrieved ProfileValueSource type [class org.springframework.test.annotation.SystemProfileValueSource] for class [com.bookstore.test.user.UserUnitTest]
01:56:48.110 [main] DEBUG org.springframework.test.context.cache.DefaultCacheAwareContextLoaderDelegate - Retrieved ApplicationContext from cache with key [[WebMergedContextConfiguration@3380ca3d testClass = UserUnitTest, locations = '{}', classes = '{class com.bookstore.datalayer.config.RepositorySpringConfiguration}', contextInitializerClasses = '[]', activeProfiles = '{}', propertySourceLocations = '{}', propertySourceProperties = '{}', contextCustomizers = set[org.springframework.test.context.web.socket.MockServerContainerContextCustomizer@4b4523f8], resourceBasePath = 'src/main/webapp', contextLoader = 'org.springframework.test.context.web.WebDelegatingSmartContextLoader', parent = [null]]]
01:56:48.110 [main] DEBUG org.springframework.test.context.cache - Spring test ApplicationContext cache statistics: [DefaultContextCache@2272cbb0 size = 1, maxSize = 32, parentContextCount = 0, hitCount = 9, missCount = 1]
01:56:48.110 [main] DEBUG org.springframework.test.context.web.ServletTestExecutionListener - Setting up MockHttpServletRequest, MockHttpServletResponse, ServletWebRequest, and RequestContextHolder for test context [DefaultTestContext@19da993b testClass = UserUnitTest, testInstance = com.bookstore.test.user.UserUnitTest@23310248, testMethod = [null], testException = [null], mergedContextConfiguration = [WebMergedContextConfiguration@3380ca3d testClass = UserUnitTest, locations = '{}', classes = '{class com.bookstore.datalayer.config.RepositorySpringConfiguration}', contextInitializerClasses = '[]', activeProfiles = '{}', propertySourceLocations = '{}', propertySourceProperties = '{}', contextCustomizers = set[org.springframework.test.context.web.socket.MockServerContainerContextCustomizer@4b4523f8], resourceBasePath = 'src/main/webapp', contextLoader = 'org.springframework.test.context.web.WebDelegatingSmartContextLoader', parent = [null]]].
01:56:48.110 [main] DEBUG org.springframework.test.context.support.DependencyInjectionTestExecutionListener - Performing dependency injection for test context [[DefaultTestContext@19da993b testClass = UserUnitTest, testInstance = com.bookstore.test.user.UserUnitTest@23310248, testMethod = [null], testException = [null], mergedContextConfiguration = [WebMergedContextConfiguration@3380ca3d testClass = UserUnitTest, locations = '{}', classes = '{class com.bookstore.datalayer.config.RepositorySpringConfiguration}', contextInitializerClasses = '[]', activeProfiles = '{}', propertySourceLocations = '{}', propertySourceProperties = '{}', contextCustomizers = set[org.springframework.test.context.web.socket.MockServerContainerContextCustomizer@4b4523f8], resourceBasePath = 'src/main/webapp', contextLoader = 'org.springframework.test.context.web.WebDelegatingSmartContextLoader', parent = [null]]]].
01:56:48.110 [main] DEBUG org.springframework.test.context.cache.DefaultCacheAwareContextLoaderDelegate - Retrieved ApplicationContext from cache with key [[WebMergedContextConfiguration@3380ca3d testClass = UserUnitTest, locations = '{}', classes = '{class com.bookstore.datalayer.config.RepositorySpringConfiguration}', contextInitializerClasses = '[]', activeProfiles = '{}', propertySourceLocations = '{}', propertySourceProperties = '{}', contextCustomizers = set[org.springframework.test.context.web.socket.MockServerContainerContextCustomizer@4b4523f8], resourceBasePath = 'src/main/webapp', contextLoader = 'org.springframework.test.context.web.WebDelegatingSmartContextLoader', parent = [null]]]
01:56:48.110 [main] DEBUG org.springframework.test.context.cache - Spring test ApplicationContext cache statistics: [DefaultContextCache@2272cbb0 size = 1, maxSize = 32, parentContextCount = 0, hitCount = 10, missCount = 1]
01:56:48.112 [main] DEBUG org.springframework.beans.factory.annotation.InjectionMetadata - Processing injected element of bean 'com.bookstore.test.user.UserUnitTest': AutowiredFieldElement for private com.bookstore.datalayer.repository.UserRepository com.bookstore.test.user.UserUnitTest.userRepository
01:56:48.112 [main] DEBUG org.springframework.beans.factory.support.DefaultListableBeanFactory - Returning cached instance of singleton bean 'userRepository'
01:56:48.112 [main] DEBUG org.springframework.beans.factory.annotation.AutowiredAnnotationBeanPostProcessor - Autowiring by type from bean name 'com.bookstore.test.user.UserUnitTest' to bean named 'userRepository'
01:56:48.112 [main] DEBUG org.springframework.beans.factory.support.DefaultListableBeanFactory - Returning cached instance of singleton bean 'org.springframework.transaction.config.internalTransactionAdvisor'
01:56:48.112 [main] DEBUG org.springframework.transaction.annotation.AnnotationTransactionAttributeSource - Adding transactional method 'com.bookstore.test.user.UserUnitTest.insertUser' with attribute: PROPAGATION_REQUIRED,ISOLATION_DEFAULT
01:56:48.112 [main] DEBUG org.springframework.aop.framework.autoproxy.InfrastructureAdvisorAutoProxyCreator - Creating implicit proxy for bean 'com.bookstore.test.user.UserUnitTest' with 0 common interceptors and 1 specific interceptors
01:56:48.112 [main] DEBUG org.springframework.aop.framework.CglibAopProxy - Creating CGLIB proxy: target source is SingletonTargetSource for target object [com.bookstore.test.user.UserUnitTest@23310248]
01:56:48.113 [main] DEBUG org.springframework.aop.framework.CglibAopProxy - Unable to apply any optimisations to advised method: public void com.bookstore.test.user.UserUnitTest.insertUser() throws com.fasterxml.jackson.core.JsonProcessingException
01:56:48.113 [main] DEBUG org.springframework.transaction.annotation.AnnotationTransactionAttributeSource - Adding transactional method 'com.bookstore.test.user.UserUnitTest.selectUser' with attribute: PROPAGATION_REQUIRED,ISOLATION_DEFAULT
01:56:48.113 [main] DEBUG org.springframework.aop.framework.CglibAopProxy - Unable to apply any optimisations to advised method: public void com.bookstore.test.user.UserUnitTest.selectUser()
01:56:48.113 [main] DEBUG org.springframework.aop.framework.CglibAopProxy - Found 'equals' method: public boolean java.lang.Object.equals(java.lang.Object)
01:56:48.114 [main] DEBUG org.springframework.aop.framework.CglibAopProxy - Unable to apply any optimisations to advised method: public java.lang.String java.lang.Object.toString()
01:56:48.114 [main] DEBUG org.springframework.aop.framework.CglibAopProxy - Found 'hashCode' method: public native int java.lang.Object.hashCode()
01:56:48.114 [main] DEBUG org.springframework.aop.framework.CglibAopProxy - Unable to apply any optimisations to advised method: protected native java.lang.Object java.lang.Object.clone() throws java.lang.CloneNotSupportedException
01:56:48.114 [main] DEBUG org.springframework.aop.framework.CglibAopProxy - Method is declared on Advised interface: public abstract int org.springframework.aop.framework.Advised.indexOf(org.springframework.aop.Advisor)
01:56:48.114 [main] DEBUG org.springframework.aop.framework.CglibAopProxy - Method is declared on Advised interface: public abstract int org.springframework.aop.framework.Advised.indexOf(org.aopalliance.aop.Advice)
01:56:48.114 [main] DEBUG org.springframework.aop.framework.CglibAopProxy - Method is declared on Advised interface: public abstract boolean org.springframework.aop.framework.Advised.isFrozen()
01:56:48.114 [main] DEBUG org.springframework.aop.framework.CglibAopProxy - Method is declared on Advised interface: public abstract void org.springframework.aop.framework.Advised.setTargetSource(org.springframework.aop.TargetSource)
01:56:48.114 [main] DEBUG org.springframework.aop.framework.CglibAopProxy - Method is declared on Advised interface: public abstract org.springframework.aop.TargetSource org.springframework.aop.framework.Advised.getTargetSource()
01:56:48.114 [main] DEBUG org.springframework.aop.framework.CglibAopProxy - Method is declared on Advised interface: public abstract boolean org.springframework.aop.framework.Advised.isProxyTargetClass()
01:56:48.114 [main] DEBUG org.springframework.aop.framework.CglibAopProxy - Method is declared on Advised interface: public abstract void org.springframework.aop.framework.Advised.addAdvisor(org.springframework.aop.Advisor) throws org.springframework.aop.framework.AopConfigException
01:56:48.114 [main] DEBUG org.springframework.aop.framework.CglibAopProxy - Method is declared on Advised interface: public abstract void org.springframework.aop.framework.Advised.addAdvisor(int,org.springframework.aop.Advisor) throws org.springframework.aop.framework.AopConfigException
01:56:48.114 [main] DEBUG org.springframework.aop.framework.CglibAopProxy - Method is declared on Advised interface: public abstract void org.springframework.aop.framework.Advised.setPreFiltered(boolean)
01:56:48.114 [main] DEBUG org.springframework.aop.framework.CglibAopProxy - Method is declared on Advised interface: public abstract boolean org.springframework.aop.framework.Advised.isPreFiltered()
01:56:48.114 [main] DEBUG org.springframework.aop.framework.CglibAopProxy - Method is declared on Advised interface: public abstract java.lang.Class[] org.springframework.aop.framework.Advised.getProxiedInterfaces()
01:56:48.114 [main] DEBUG org.springframework.aop.framework.CglibAopProxy - Method is declared on Advised interface: public abstract boolean org.springframework.aop.framework.Advised.isInterfaceProxied(java.lang.Class)
01:56:48.114 [main] DEBUG org.springframework.aop.framework.CglibAopProxy - Method is declared on Advised interface: public abstract org.springframework.aop.Advisor[] org.springframework.aop.framework.Advised.getAdvisors()
01:56:48.114 [main] DEBUG org.springframework.aop.framework.CglibAopProxy - Method is declared on Advised interface: public abstract void org.springframework.aop.framework.Advised.removeAdvisor(int) throws org.springframework.aop.framework.AopConfigException
01:56:48.114 [main] DEBUG org.springframework.aop.framework.CglibAopProxy - Method is declared on Advised interface: public abstract boolean org.springframework.aop.framework.Advised.removeAdvisor(org.springframework.aop.Advisor)
01:56:48.114 [main] DEBUG org.springframework.aop.framework.CglibAopProxy - Method is declared on Advised interface: public abstract boolean org.springframework.aop.framework.Advised.replaceAdvisor(org.springframework.aop.Advisor,org.springframework.aop.Advisor) throws org.springframework.aop.framework.AopConfigException
01:56:48.114 [main] DEBUG org.springframework.aop.framework.CglibAopProxy - Method is declared on Advised interface: public abstract boolean org.springframework.aop.framework.Advised.removeAdvice(org.aopalliance.aop.Advice)
01:56:48.114 [main] DEBUG org.springframework.aop.framework.CglibAopProxy - Method is declared on Advised interface: public abstract java.lang.String org.springframework.aop.framework.Advised.toProxyConfigString()
01:56:48.114 [main] DEBUG org.springframework.aop.framework.CglibAopProxy - Method is declared on Advised interface: public abstract void org.springframework.aop.framework.Advised.setExposeProxy(boolean)
01:56:48.114 [main] DEBUG org.springframework.aop.framework.CglibAopProxy - Method is declared on Advised interface: public abstract boolean org.springframework.aop.framework.Advised.isExposeProxy()
01:56:48.114 [main] DEBUG org.springframework.aop.framework.CglibAopProxy - Method is declared on Advised interface: public abstract void org.springframework.aop.framework.Advised.addAdvice(org.aopalliance.aop.Advice) throws org.springframework.aop.framework.AopConfigException
01:56:48.114 [main] DEBUG org.springframework.aop.framework.CglibAopProxy - Method is declared on Advised interface: public abstract void org.springframework.aop.framework.Advised.addAdvice(int,org.aopalliance.aop.Advice) throws org.springframework.aop.framework.AopConfigException
01:56:48.114 [main] DEBUG org.springframework.aop.framework.CglibAopProxy - Method is declared on Advised interface: public abstract java.lang.Class org.springframework.aop.TargetClassAware.getTargetClass()
01:56:48.126 [main] DEBUG org.springframework.test.context.support.AbstractDirtiesContextTestExecutionListener - Before test method: context [DefaultTestContext@19da993b testClass = UserUnitTest, testInstance = com.bookstore.test.user.UserUnitTest@23310248, testMethod = selectUser@UserUnitTest, testException = [null], mergedContextConfiguration = [WebMergedContextConfiguration@3380ca3d testClass = UserUnitTest, locations = '{}', classes = '{class com.bookstore.datalayer.config.RepositorySpringConfiguration}', contextInitializerClasses = '[]', activeProfiles = '{}', propertySourceLocations = '{}', propertySourceProperties = '{}', contextCustomizers = set[org.springframework.test.context.web.socket.MockServerContainerContextCustomizer@4b4523f8], resourceBasePath = 'src/main/webapp', contextLoader = 'org.springframework.test.context.web.WebDelegatingSmartContextLoader', parent = [null]]], class annotated with @DirtiesContext [false] with mode [null], method annotated with @DirtiesContext [false] with mode [null].
01:56:48.126 [main] DEBUG org.springframework.transaction.annotation.AnnotationTransactionAttributeSource - Adding transactional method 'com.bookstore.test.user.UserUnitTest.selectUser' with attribute: PROPAGATION_REQUIRED,ISOLATION_DEFAULT
01:56:48.126 [main] DEBUG org.springframework.test.context.transaction.TransactionalTestExecutionListener - Explicit transaction definition [PROPAGATION_REQUIRED,ISOLATION_DEFAULT] found for test context [DefaultTestContext@19da993b testClass = UserUnitTest, testInstance = com.bookstore.test.user.UserUnitTest@23310248, testMethod = selectUser@UserUnitTest, testException = [null], mergedContextConfiguration = [WebMergedContextConfiguration@3380ca3d testClass = UserUnitTest, locations = '{}', classes = '{class com.bookstore.datalayer.config.RepositorySpringConfiguration}', contextInitializerClasses = '[]', activeProfiles = '{}', propertySourceLocations = '{}', propertySourceProperties = '{}', contextCustomizers = set[org.springframework.test.context.web.socket.MockServerContainerContextCustomizer@4b4523f8], resourceBasePath = 'src/main/webapp', contextLoader = 'org.springframework.test.context.web.WebDelegatingSmartContextLoader', parent = [null]]]
01:56:48.126 [main] DEBUG org.springframework.test.context.transaction.TransactionalTestExecutionListener - Retrieved @TransactionConfiguration [null] for test class [com.bookstore.test.user.UserUnitTest].
01:56:48.126 [main] DEBUG org.springframework.test.context.transaction.TransactionalTestExecutionListener - Using TransactionConfigurationAttributes [TransactionConfigurationAttributes@73041b7d transactionManagerName = '', defaultRollback = true] for test class [com.bookstore.test.user.UserUnitTest].
01:56:48.127 [main] DEBUG org.springframework.test.context.cache.DefaultCacheAwareContextLoaderDelegate - Retrieved ApplicationContext from cache with key [[WebMergedContextConfiguration@3380ca3d testClass = UserUnitTest, locations = '{}', classes = '{class com.bookstore.datalayer.config.RepositorySpringConfiguration}', contextInitializerClasses = '[]', activeProfiles = '{}', propertySourceLocations = '{}', propertySourceProperties = '{}', contextCustomizers = set[org.springframework.test.context.web.socket.MockServerContainerContextCustomizer@4b4523f8], resourceBasePath = 'src/main/webapp', contextLoader = 'org.springframework.test.context.web.WebDelegatingSmartContextLoader', parent = [null]]]
01:56:48.127 [main] DEBUG org.springframework.test.context.cache - Spring test ApplicationContext cache statistics: [DefaultContextCache@2272cbb0 size = 1, maxSize = 32, parentContextCount = 0, hitCount = 11, missCount = 1]
01:56:48.127 [main] DEBUG org.springframework.beans.factory.support.DefaultListableBeanFactory - Returning cached instance of singleton bean 'transactionManager'
01:56:48.127 [main] DEBUG org.springframework.test.context.transaction.TransactionalTestExecutionListener - No method-level @Rollback override: using default rollback [true] for test context [DefaultTestContext@19da993b testClass = UserUnitTest, testInstance = com.bookstore.test.user.UserUnitTest@23310248, testMethod = selectUser@UserUnitTest, testException = [null], mergedContextConfiguration = [WebMergedContextConfiguration@3380ca3d testClass = UserUnitTest, locations = '{}', classes = '{class com.bookstore.datalayer.config.RepositorySpringConfiguration}', contextInitializerClasses = '[]', activeProfiles = '{}', propertySourceLocations = '{}', propertySourceProperties = '{}', contextCustomizers = set[org.springframework.test.context.web.socket.MockServerContainerContextCustomizer@4b4523f8], resourceBasePath = 'src/main/webapp', contextLoader = 'org.springframework.test.context.web.WebDelegatingSmartContextLoader', parent = [null]]].
01:56:48.127 [main] DEBUG org.springframework.orm.jpa.JpaTransactionManager - Creating new transaction with name [com.bookstore.test.user.UserUnitTest.selectUser]: PROPAGATION_REQUIRED,ISOLATION_DEFAULT
01:56:48.127 [main] DEBUG org.springframework.orm.jpa.JpaTransactionManager - Opened new EntityManager [org.hibernate.jpa.internal.EntityManagerImpl@5f9f3e58] for JPA transaction
01:56:48.127 [main] DEBUG org.hibernate.engine.transaction.internal.TransactionImpl - begin
01:56:48.127 [main] DEBUG org.springframework.jdbc.datasource.DriverManagerDataSource - Creating new JDBC DriverManager Connection to [jdbc:mysql://us-cdbr-iron-east-05.cleardb.net:3306/heroku_b97a6a29164fbb3]
01:56:49.347 [main] DEBUG org.springframework.orm.jpa.JpaTransactionManager - Exposing JPA transaction as JDBC transaction [org.springframework.orm.jpa.vendor.HibernateJpaDialect$HibernateConnectionHandle@2eb60c71]
01:56:49.347 [main] INFO org.springframework.test.context.transaction.TransactionContext - Began transaction (1) for test context [DefaultTestContext@19da993b testClass = UserUnitTest, testInstance = com.bookstore.test.user.UserUnitTest@23310248, testMethod = selectUser@UserUnitTest, testException = [null], mergedContextConfiguration = [WebMergedContextConfiguration@3380ca3d testClass = UserUnitTest, locations = '{}', classes = '{class com.bookstore.datalayer.config.RepositorySpringConfiguration}', contextInitializerClasses = '[]', activeProfiles = '{}', propertySourceLocations = '{}', propertySourceProperties = '{}', contextCustomizers = set[org.springframework.test.context.web.socket.MockServerContainerContextCustomizer@4b4523f8], resourceBasePath = 'src/main/webapp', contextLoader = 'org.springframework.test.context.web.WebDelegatingSmartContextLoader', parent = [null]]]; transaction manager [org.springframework.orm.jpa.JpaTransactionManager@48eaf42f]; rollback [true]
01:56:49.348 [main] DEBUG org.hibernate.jpa.criteria.CriteriaQueryImpl - Rendered criteria query -> select generatedAlias0 from User as generatedAlias0 where generatedAlias0.userId=:param0
01:56:49.348 [main] DEBUG org.hibernate.SQL - select user0_.id as id1_4_, user0_.email as email2_4_, user0_.enabled as enabled3_4_, user0_.last_name as last_nam4_4_, user0_.first_name as first_na5_4_, user0_.password as password6_4_, user0_.phone as phone7_4_, user0_.username as username8_4_ from user user0_ where user0_.id=?
Hibernate: select user0_.id as id1_4_, user0_.email as email2_4_, user0_.enabled as enabled3_4_, user0_.last_name as last_nam4_4_, user0_.first_name as first_na5_4_, user0_.password as password6_4_, user0_.phone as phone7_4_, user0_.username as username8_4_ from user user0_ where user0_.id=?
01:56:49.487 [main] DEBUG org.springframework.orm.jpa.JpaTransactionManager - Initiating transaction rollback
01:56:49.487 [main] DEBUG org.springframework.orm.jpa.JpaTransactionManager - Rolling back JPA transaction on EntityManager [org.hibernate.jpa.internal.EntityManagerImpl@5f9f3e58]
01:56:49.487 [main] DEBUG org.hibernate.engine.transaction.internal.TransactionImpl - rolling back
01:56:49.754 [main] DEBUG org.springframework.orm.jpa.JpaTransactionManager - Closing JPA EntityManager [org.hibernate.jpa.internal.EntityManagerImpl@5f9f3e58] after transaction
01:56:49.755 [main] DEBUG org.springframework.orm.jpa.EntityManagerFactoryUtils - Closing JPA EntityManager
01:56:49.755 [main] INFO org.springframework.test.context.transaction.TransactionContext - Rolled back transaction for test context [DefaultTestContext@19da993b testClass = UserUnitTest, testInstance = com.bookstore.test.user.UserUnitTest@23310248, testMethod = selectUser@UserUnitTest, testException = java.lang.NullPointerException, mergedContextConfiguration = [WebMergedContextConfiguration@3380ca3d testClass = UserUnitTest, locations = '{}', classes = '{class com.bookstore.datalayer.config.RepositorySpringConfiguration}', contextInitializerClasses = '[]', activeProfiles = '{}', propertySourceLocations = '{}', propertySourceProperties = '{}', contextCustomizers = set[org.springframework.test.context.web.socket.MockServerContainerContextCustomizer@4b4523f8], resourceBasePath = 'src/main/webapp', contextLoader = 'org.springframework.test.context.web.WebDelegatingSmartContextLoader', parent = [null]]].
01:56:49.756 [main] DEBUG org.springframework.test.context.support.AbstractDirtiesContextTestExecutionListener - After test method: context [DefaultTestContext@19da993b testClass = UserUnitTest, testInstance = com.bookstore.test.user.UserUnitTest@23310248, testMethod = selectUser@UserUnitTest, testException = java.lang.NullPointerException, mergedContextConfiguration = [WebMergedContextConfiguration@3380ca3d testClass = UserUnitTest, locations = '{}', classes = '{class com.bookstore.datalayer.config.RepositorySpringConfiguration}', contextInitializerClasses = '[]', activeProfiles = '{}', propertySourceLocations = '{}', propertySourceProperties = '{}', contextCustomizers = set[org.springframework.test.context.web.socket.MockServerContainerContextCustomizer@4b4523f8], resourceBasePath = 'src/main/webapp', contextLoader = 'org.springframework.test.context.web.WebDelegatingSmartContextLoader', parent = [null]]], class annotated with @DirtiesContext [false] with mode [null], method annotated with @DirtiesContext [false] with mode [null].
01:56:49.756 [main] DEBUG org.springframework.test.context.web.ServletTestExecutionListener - Resetting RequestContextHolder for test context [DefaultTestContext@19da993b testClass = UserUnitTest, testInstance = com.bookstore.test.user.UserUnitTest@23310248, testMethod = selectUser@UserUnitTest, testException = java.lang.NullPointerException, mergedContextConfiguration = [WebMergedContextConfiguration@3380ca3d testClass = UserUnitTest, locations = '{}', classes = '{class com.bookstore.datalayer.config.RepositorySpringConfiguration}', contextInitializerClasses = '[]', activeProfiles = '{}', propertySourceLocations = '{}', propertySourceProperties = '{}', contextCustomizers = set[org.springframework.test.context.web.socket.MockServerContainerContextCustomizer@4b4523f8], resourceBasePath = 'src/main/webapp', contextLoader = 'org.springframework.test.context.web.WebDelegatingSmartContextLoader', parent = [null]]].
]]></system-out>
  </testcase>
  <testcase name="insertUser" classname="com.bookstore.test.user.UserUnitTest" time="11.567"/>
</testsuite>