<?xml version="1.0" encoding="UTF-8"?>
<testsuite name="com.bookstore.test.user.RoleUnitTest" time="0.001" tests="1" errors="0" skipped="0" failures="1">
  <properties>
[...]
</properties>
  <testcase name="selectRoleList" classname="com.bookstore.test.user.RoleUnitTest" time="0.001">
    <failure type="java.lang.AssertionError:">java.lang.AssertionError: null
	at org.junit.Assert.fail(Assert.java:86)
	at org.junit.Assert.assertTrue(Assert.java:41)
	at org.junit.Assert.assertTrue(Assert.java:52)
	at com.bookstore.test.user.RoleUnitTest.selectRoleList(RoleUnitTest.java:40)
</failure>
    <system-out><![CDATA[01:56:36.839 [main] DEBUG org.springframework.test.context.support.AbstractDirtiesContextTestExecutionListener - After test class: context [DefaultTestContext@727803de testClass = BookTagUnitTest, testInstance = [null], testMethod = [null], testException = [null], mergedContextConfiguration = [WebMergedContextConfiguration@704921a5 testClass = BookTagUnitTest, locations = '{}', classes = '{class com.bookstore.datalayer.config.RepositorySpringConfiguration}', contextInitializerClasses = '[]', activeProfiles = '{}', propertySourceLocations = '{}', propertySourceProperties = '{}', contextCustomizers = set[org.springframework.test.context.web.socket.MockServerContainerContextCustomizer@4b4523f8], resourceBasePath = 'src/main/webapp', contextLoader = 'org.springframework.test.context.web.WebDelegatingSmartContextLoader', parent = [null]]], class annotated with @DirtiesContext [false] with mode [null].
01:56:36.840 [main] DEBUG org.springframework.test.context.junit4.SpringJUnit4ClassRunner - SpringJUnit4ClassRunner constructor called with [class com.bookstore.test.user.RoleUnitTest]
01:56:36.840 [main] DEBUG org.springframework.test.context.BootstrapUtils - Instantiating CacheAwareContextLoaderDelegate from class [org.springframework.test.context.cache.DefaultCacheAwareContextLoaderDelegate]
01:56:36.840 [main] DEBUG org.springframework.test.context.BootstrapUtils - Instantiating BootstrapContext using constructor [public org.springframework.test.context.support.DefaultBootstrapContext(java.lang.Class,org.springframework.test.context.CacheAwareContextLoaderDelegate)]
01:56:36.841 [main] DEBUG org.springframework.test.context.BootstrapUtils - Instantiating TestContextBootstrapper for test class [com.bookstore.test.user.RoleUnitTest] from class [org.springframework.test.context.web.WebTestContextBootstrapper]
01:56:36.842 [main] DEBUG org.springframework.test.context.support.AbstractDelegatingSmartContextLoader - Delegating to AnnotationConfigWebContextLoader to process context configuration [ContextConfigurationAttributes@4e8b357d declaringClass = 'com.bookstore.test.user.RoleUnitTest', classes = '{class com.bookstore.datalayer.config.RepositorySpringConfiguration}', locations = '{}', inheritLocations = true, initializers = '{}', inheritInitializers = true, name = [null], contextLoaderClass = 'org.springframework.test.context.ContextLoader'].
01:56:36.846 [main] DEBUG org.springframework.test.context.support.ActiveProfilesUtils - Could not find an 'annotation declaring class' for annotation type [org.springframework.test.context.ActiveProfiles] and class [com.bookstore.test.user.RoleUnitTest]
01:56:36.847 [main] DEBUG org.springframework.test.context.web.WebTestContextBootstrapper - @TestExecutionListeners is not present for class [com.bookstore.test.user.RoleUnitTest]: using defaults.
01:56:36.850 [main] INFO org.springframework.test.context.web.WebTestContextBootstrapper - Loaded default TestExecutionListener class names from location [META-INF/spring.factories]: [org.springframework.test.context.web.ServletTestExecutionListener, org.springframework.test.context.support.DirtiesContextBeforeModesTestExecutionListener, org.springframework.test.context.support.DependencyInjectionTestExecutionListener, org.springframework.test.context.support.DirtiesContextTestExecutionListener, org.springframework.test.context.transaction.TransactionalTestExecutionListener, org.springframework.test.context.jdbc.SqlScriptsTestExecutionListener]
01:56:36.850 [main] INFO org.springframework.test.context.web.WebTestContextBootstrapper - Using TestExecutionListeners: [org.springframework.test.context.web.ServletTestExecutionListener@3cc053, org.springframework.test.context.support.DirtiesContextBeforeModesTestExecutionListener@388c519, org.springframework.test.context.support.DependencyInjectionTestExecutionListener@7fbd3e75, org.springframework.test.context.support.DirtiesContextTestExecutionListener@198536f6, org.springframework.test.context.transaction.TransactionalTestExecutionListener@7fdd43cd, org.springframework.test.context.jdbc.SqlScriptsTestExecutionListener@3a38f122]
01:56:36.850 [main] DEBUG org.springframework.test.annotation.ProfileValueUtils - Retrieved @ProfileValueSourceConfiguration [null] for test class [com.bookstore.test.user.RoleUnitTest]
01:56:36.850 [main] DEBUG org.springframework.test.annotation.ProfileValueUtils - Retrieved ProfileValueSource type [class org.springframework.test.annotation.SystemProfileValueSource] for class [com.bookstore.test.user.RoleUnitTest]
01:56:36.850 [main] DEBUG org.springframework.test.annotation.ProfileValueUtils - Retrieved @ProfileValueSourceConfiguration [null] for test class [com.bookstore.test.user.RoleUnitTest]
01:56:36.850 [main] DEBUG org.springframework.test.annotation.ProfileValueUtils - Retrieved ProfileValueSource type [class org.springframework.test.annotation.SystemProfileValueSource] for class [com.bookstore.test.user.RoleUnitTest]
01:56:36.851 [main] DEBUG org.springframework.test.context.support.AbstractDirtiesContextTestExecutionListener - Before test class: context [DefaultTestContext@2ce03e86 testClass = RoleUnitTest, testInstance = [null], testMethod = [null], testException = [null], mergedContextConfiguration = [WebMergedContextConfiguration@1c628f6a testClass = RoleUnitTest, locations = '{}', classes = '{class com.bookstore.datalayer.config.RepositorySpringConfiguration}', contextInitializerClasses = '[]', activeProfiles = '{}', propertySourceLocations = '{}', propertySourceProperties = '{}', contextCustomizers = set[org.springframework.test.context.web.socket.MockServerContainerContextCustomizer@4b4523f8], resourceBasePath = 'src/main/webapp', contextLoader = 'org.springframework.test.context.web.WebDelegatingSmartContextLoader', parent = [null]]], class annotated with @DirtiesContext [false] with mode [null].
01:56:36.851 [main] DEBUG org.springframework.test.annotation.ProfileValueUtils - Retrieved @ProfileValueSourceConfiguration [null] for test class [com.bookstore.test.user.RoleUnitTest]
01:56:36.851 [main] DEBUG org.springframework.test.annotation.ProfileValueUtils - Retrieved ProfileValueSource type [class org.springframework.test.annotation.SystemProfileValueSource] for class [com.bookstore.test.user.RoleUnitTest]
01:56:36.854 [main] DEBUG org.springframework.test.context.cache.DefaultCacheAwareContextLoaderDelegate - Retrieved ApplicationContext from cache with key [[WebMergedContextConfiguration@1c628f6a testClass = RoleUnitTest, locations = '{}', classes = '{class com.bookstore.datalayer.config.RepositorySpringConfiguration}', contextInitializerClasses = '[]', activeProfiles = '{}', propertySourceLocations = '{}', propertySourceProperties = '{}', contextCustomizers = set[org.springframework.test.context.web.socket.MockServerContainerContextCustomizer@4b4523f8], resourceBasePath = 'src/main/webapp', contextLoader = 'org.springframework.test.context.web.WebDelegatingSmartContextLoader', parent = [null]]]
01:56:36.854 [main] DEBUG org.springframework.test.context.cache - Spring test ApplicationContext cache statistics: [DefaultContextCache@2272cbb0 size = 1, maxSize = 32, parentContextCount = 0, hitCount = 3, missCount = 1]
01:56:36.854 [main] DEBUG org.springframework.test.context.web.ServletTestExecutionListener - Setting up MockHttpServletRequest, MockHttpServletResponse, ServletWebRequest, and RequestContextHolder for test context [DefaultTestContext@2ce03e86 testClass = RoleUnitTest, testInstance = com.bookstore.test.user.RoleUnitTest@9b47400, testMethod = [null], testException = [null], mergedContextConfiguration = [WebMergedContextConfiguration@1c628f6a testClass = RoleUnitTest, locations = '{}', classes = '{class com.bookstore.datalayer.config.RepositorySpringConfiguration}', contextInitializerClasses = '[]', activeProfiles = '{}', propertySourceLocations = '{}', propertySourceProperties = '{}', contextCustomizers = set[org.springframework.test.context.web.socket.MockServerContainerContextCustomizer@4b4523f8], resourceBasePath = 'src/main/webapp', contextLoader = 'org.springframework.test.context.web.WebDelegatingSmartContextLoader', parent = [null]]].
01:56:36.854 [main] DEBUG org.springframework.test.context.support.DependencyInjectionTestExecutionListener - Performing dependency injection for test context [[DefaultTestContext@2ce03e86 testClass = RoleUnitTest, testInstance = com.bookstore.test.user.RoleUnitTest@9b47400, testMethod = [null], testException = [null], mergedContextConfiguration = [WebMergedContextConfiguration@1c628f6a testClass = RoleUnitTest, locations = '{}', classes = '{class com.bookstore.datalayer.config.RepositorySpringConfiguration}', contextInitializerClasses = '[]', activeProfiles = '{}', propertySourceLocations = '{}', propertySourceProperties = '{}', contextCustomizers = set[org.springframework.test.context.web.socket.MockServerContainerContextCustomizer@4b4523f8], resourceBasePath = 'src/main/webapp', contextLoader = 'org.springframework.test.context.web.WebDelegatingSmartContextLoader', parent = [null]]]].
01:56:36.855 [main] DEBUG org.springframework.test.context.cache.DefaultCacheAwareContextLoaderDelegate - Retrieved ApplicationContext from cache with key [[WebMergedContextConfiguration@1c628f6a testClass = RoleUnitTest, locations = '{}', classes = '{class com.bookstore.datalayer.config.RepositorySpringConfiguration}', contextInitializerClasses = '[]', activeProfiles = '{}', propertySourceLocations = '{}', propertySourceProperties = '{}', contextCustomizers = set[org.springframework.test.context.web.socket.MockServerContainerContextCustomizer@4b4523f8], resourceBasePath = 'src/main/webapp', contextLoader = 'org.springframework.test.context.web.WebDelegatingSmartContextLoader', parent = [null]]]
01:56:36.855 [main] DEBUG org.springframework.test.context.cache - Spring test ApplicationContext cache statistics: [DefaultContextCache@2272cbb0 size = 1, maxSize = 32, parentContextCount = 0, hitCount = 4, missCount = 1]
01:56:36.857 [main] DEBUG org.springframework.beans.factory.annotation.InjectionMetadata - Processing injected element of bean 'com.bookstore.test.user.RoleUnitTest': AutowiredFieldElement for private com.bookstore.datalayer.repository.RoleRepository com.bookstore.test.user.RoleUnitTest.roleRepository
01:56:36.857 [main] DEBUG org.springframework.beans.factory.support.DefaultListableBeanFactory - Returning cached instance of singleton bean 'roleRepository'
01:56:36.858 [main] DEBUG org.springframework.beans.factory.annotation.AutowiredAnnotationBeanPostProcessor - Autowiring by type from bean name 'com.bookstore.test.user.RoleUnitTest' to bean named 'roleRepository'
01:56:36.858 [main] DEBUG org.springframework.beans.factory.support.DefaultListableBeanFactory - Returning cached instance of singleton bean 'org.springframework.transaction.config.internalTransactionAdvisor'
01:56:36.858 [main] DEBUG org.springframework.transaction.annotation.AnnotationTransactionAttributeSource - Adding transactional method 'com.bookstore.test.user.RoleUnitTest.selectRoleList' with attribute: PROPAGATION_REQUIRED,ISOLATION_DEFAULT
01:56:36.858 [main] DEBUG org.springframework.aop.framework.autoproxy.InfrastructureAdvisorAutoProxyCreator - Creating implicit proxy for bean 'com.bookstore.test.user.RoleUnitTest' with 0 common interceptors and 1 specific interceptors
01:56:36.858 [main] DEBUG org.springframework.aop.framework.CglibAopProxy - Creating CGLIB proxy: target source is SingletonTargetSource for target object [com.bookstore.test.user.RoleUnitTest@9b47400]
01:56:36.859 [main] DEBUG org.springframework.aop.framework.CglibAopProxy - Unable to apply any optimisations to advised method: public void com.bookstore.test.user.RoleUnitTest.selectRoleList()
01:56:36.859 [main] DEBUG org.springframework.aop.framework.CglibAopProxy - Found 'equals' method: public boolean java.lang.Object.equals(java.lang.Object)
01:56:36.859 [main] DEBUG org.springframework.aop.framework.CglibAopProxy - Unable to apply any optimisations to advised method: public java.lang.String java.lang.Object.toString()
01:56:36.859 [main] DEBUG org.springframework.aop.framework.CglibAopProxy - Found 'hashCode' method: public native int java.lang.Object.hashCode()
01:56:36.859 [main] DEBUG org.springframework.aop.framework.CglibAopProxy - Unable to apply any optimisations to advised method: protected native java.lang.Object java.lang.Object.clone() throws java.lang.CloneNotSupportedException
01:56:36.859 [main] DEBUG org.springframework.aop.framework.CglibAopProxy - Method is declared on Advised interface: public abstract int org.springframework.aop.framework.Advised.indexOf(org.springframework.aop.Advisor)
01:56:36.859 [main] DEBUG org.springframework.aop.framework.CglibAopProxy - Method is declared on Advised interface: public abstract int org.springframework.aop.framework.Advised.indexOf(org.aopalliance.aop.Advice)
01:56:36.859 [main] DEBUG org.springframework.aop.framework.CglibAopProxy - Method is declared on Advised interface: public abstract boolean org.springframework.aop.framework.Advised.isFrozen()
01:56:36.859 [main] DEBUG org.springframework.aop.framework.CglibAopProxy - Method is declared on Advised interface: public abstract void org.springframework.aop.framework.Advised.setTargetSource(org.springframework.aop.TargetSource)
01:56:36.859 [main] DEBUG org.springframework.aop.framework.CglibAopProxy - Method is declared on Advised interface: public abstract org.springframework.aop.TargetSource org.springframework.aop.framework.Advised.getTargetSource()
01:56:36.859 [main] DEBUG org.springframework.aop.framework.CglibAopProxy - Method is declared on Advised interface: public abstract boolean org.springframework.aop.framework.Advised.isProxyTargetClass()
01:56:36.859 [main] DEBUG org.springframework.aop.framework.CglibAopProxy - Method is declared on Advised interface: public abstract void org.springframework.aop.framework.Advised.addAdvisor(org.springframework.aop.Advisor) throws org.springframework.aop.framework.AopConfigException
01:56:36.859 [main] DEBUG org.springframework.aop.framework.CglibAopProxy - Method is declared on Advised interface: public abstract void org.springframework.aop.framework.Advised.addAdvisor(int,org.springframework.aop.Advisor) throws org.springframework.aop.framework.AopConfigException
01:56:36.859 [main] DEBUG org.springframework.aop.framework.CglibAopProxy - Method is declared on Advised interface: public abstract void org.springframework.aop.framework.Advised.setPreFiltered(boolean)
01:56:36.859 [main] DEBUG org.springframework.aop.framework.CglibAopProxy - Method is declared on Advised interface: public abstract boolean org.springframework.aop.framework.Advised.isPreFiltered()
01:56:36.859 [main] DEBUG org.springframework.aop.framework.CglibAopProxy - Method is declared on Advised interface: public abstract java.lang.Class[] org.springframework.aop.framework.Advised.getProxiedInterfaces()
01:56:36.859 [main] DEBUG org.springframework.aop.framework.CglibAopProxy - Method is declared on Advised interface: public abstract boolean org.springframework.aop.framework.Advised.isInterfaceProxied(java.lang.Class)
01:56:36.859 [main] DEBUG org.springframework.aop.framework.CglibAopProxy - Method is declared on Advised interface: public abstract org.springframework.aop.Advisor[] org.springframework.aop.framework.Advised.getAdvisors()
01:56:36.859 [main] DEBUG org.springframework.aop.framework.CglibAopProxy - Method is declared on Advised interface: public abstract void org.springframework.aop.framework.Advised.removeAdvisor(int) throws org.springframework.aop.framework.AopConfigException
01:56:36.860 [main] DEBUG org.springframework.aop.framework.CglibAopProxy - Method is declared on Advised interface: public abstract boolean org.springframework.aop.framework.Advised.removeAdvisor(org.springframework.aop.Advisor)
01:56:36.860 [main] DEBUG org.springframework.aop.framework.CglibAopProxy - Method is declared on Advised interface: public abstract boolean org.springframework.aop.framework.Advised.replaceAdvisor(org.springframework.aop.Advisor,org.springframework.aop.Advisor) throws org.springframework.aop.framework.AopConfigException
01:56:36.860 [main] DEBUG org.springframework.aop.framework.CglibAopProxy - Method is declared on Advised interface: public abstract boolean org.springframework.aop.framework.Advised.removeAdvice(org.aopalliance.aop.Advice)
01:56:36.860 [main] DEBUG org.springframework.aop.framework.CglibAopProxy - Method is declared on Advised interface: public abstract java.lang.String org.springframework.aop.framework.Advised.toProxyConfigString()
01:56:36.860 [main] DEBUG org.springframework.aop.framework.CglibAopProxy - Method is declared on Advised interface: public abstract void org.springframework.aop.framework.Advised.setExposeProxy(boolean)
01:56:36.860 [main] DEBUG org.springframework.aop.framework.CglibAopProxy - Method is declared on Advised interface: public abstract boolean org.springframework.aop.framework.Advised.isExposeProxy()
01:56:36.860 [main] DEBUG org.springframework.aop.framework.CglibAopProxy - Method is declared on Advised interface: public abstract void org.springframework.aop.framework.Advised.addAdvice(org.aopalliance.aop.Advice) throws org.springframework.aop.framework.AopConfigException
01:56:36.860 [main] DEBUG org.springframework.aop.framework.CglibAopProxy - Method is declared on Advised interface: public abstract void org.springframework.aop.framework.Advised.addAdvice(int,org.aopalliance.aop.Advice) throws org.springframework.aop.framework.AopConfigException
01:56:36.860 [main] DEBUG org.springframework.aop.framework.CglibAopProxy - Method is declared on Advised interface: public abstract java.lang.Class org.springframework.aop.TargetClassAware.getTargetClass()
01:56:36.870 [main] DEBUG org.springframework.test.context.support.AbstractDirtiesContextTestExecutionListener - Before test method: context [DefaultTestContext@2ce03e86 testClass = RoleUnitTest, testInstance = com.bookstore.test.user.RoleUnitTest@9b47400, testMethod = selectRoleList@RoleUnitTest, testException = [null], mergedContextConfiguration = [WebMergedContextConfiguration@1c628f6a testClass = RoleUnitTest, locations = '{}', classes = '{class com.bookstore.datalayer.config.RepositorySpringConfiguration}', contextInitializerClasses = '[]', activeProfiles = '{}', propertySourceLocations = '{}', propertySourceProperties = '{}', contextCustomizers = set[org.springframework.test.context.web.socket.MockServerContainerContextCustomizer@4b4523f8], resourceBasePath = 'src/main/webapp', contextLoader = 'org.springframework.test.context.web.WebDelegatingSmartContextLoader', parent = [null]]], class annotated with @DirtiesContext [false] with mode [null], method annotated with @DirtiesContext [false] with mode [null].
01:56:36.871 [main] DEBUG org.springframework.transaction.annotation.AnnotationTransactionAttributeSource - Adding transactional method 'com.bookstore.test.user.RoleUnitTest.selectRoleList' with attribute: PROPAGATION_REQUIRED,ISOLATION_DEFAULT
01:56:36.871 [main] DEBUG org.springframework.test.context.transaction.TransactionalTestExecutionListener - Explicit transaction definition [PROPAGATION_REQUIRED,ISOLATION_DEFAULT] found for test context [DefaultTestContext@2ce03e86 testClass = RoleUnitTest, testInstance = com.bookstore.test.user.RoleUnitTest@9b47400, testMethod = selectRoleList@RoleUnitTest, testException = [null], mergedContextConfiguration = [WebMergedContextConfiguration@1c628f6a testClass = RoleUnitTest, locations = '{}', classes = '{class com.bookstore.datalayer.config.RepositorySpringConfiguration}', contextInitializerClasses = '[]', activeProfiles = '{}', propertySourceLocations = '{}', propertySourceProperties = '{}', contextCustomizers = set[org.springframework.test.context.web.socket.MockServerContainerContextCustomizer@4b4523f8], resourceBasePath = 'src/main/webapp', contextLoader = 'org.springframework.test.context.web.WebDelegatingSmartContextLoader', parent = [null]]]
01:56:36.871 [main] DEBUG org.springframework.test.context.transaction.TransactionalTestExecutionListener - Retrieved @TransactionConfiguration [null] for test class [com.bookstore.test.user.RoleUnitTest].
01:56:36.872 [main] DEBUG org.springframework.test.context.transaction.TransactionalTestExecutionListener - Using TransactionConfigurationAttributes [TransactionConfigurationAttributes@73041b7d transactionManagerName = '', defaultRollback = true] for test class [com.bookstore.test.user.RoleUnitTest].
01:56:36.872 [main] DEBUG org.springframework.test.context.cache.DefaultCacheAwareContextLoaderDelegate - Retrieved ApplicationContext from cache with key [[WebMergedContextConfiguration@1c628f6a testClass = RoleUnitTest, locations = '{}', classes = '{class com.bookstore.datalayer.config.RepositorySpringConfiguration}', contextInitializerClasses = '[]', activeProfiles = '{}', propertySourceLocations = '{}', propertySourceProperties = '{}', contextCustomizers = set[org.springframework.test.context.web.socket.MockServerContainerContextCustomizer@4b4523f8], resourceBasePath = 'src/main/webapp', contextLoader = 'org.springframework.test.context.web.WebDelegatingSmartContextLoader', parent = [null]]]
01:56:36.872 [main] DEBUG org.springframework.test.context.cache - Spring test ApplicationContext cache statistics: [DefaultContextCache@2272cbb0 size = 1, maxSize = 32, parentContextCount = 0, hitCount = 5, missCount = 1]
01:56:36.872 [main] DEBUG org.springframework.beans.factory.support.DefaultListableBeanFactory - Returning cached instance of singleton bean 'transactionManager'
01:56:36.872 [main] DEBUG org.springframework.test.context.transaction.TransactionalTestExecutionListener - No method-level @Rollback override: using default rollback [true] for test context [DefaultTestContext@2ce03e86 testClass = RoleUnitTest, testInstance = com.bookstore.test.user.RoleUnitTest@9b47400, testMethod = selectRoleList@RoleUnitTest, testException = [null], mergedContextConfiguration = [WebMergedContextConfiguration@1c628f6a testClass = RoleUnitTest, locations = '{}', classes = '{class com.bookstore.datalayer.config.RepositorySpringConfiguration}', contextInitializerClasses = '[]', activeProfiles = '{}', propertySourceLocations = '{}', propertySourceProperties = '{}', contextCustomizers = set[org.springframework.test.context.web.socket.MockServerContainerContextCustomizer@4b4523f8], resourceBasePath = 'src/main/webapp', contextLoader = 'org.springframework.test.context.web.WebDelegatingSmartContextLoader', parent = [null]]].
01:56:36.872 [main] DEBUG org.springframework.orm.jpa.JpaTransactionManager - Creating new transaction with name [com.bookstore.test.user.RoleUnitTest.selectRoleList]: PROPAGATION_REQUIRED,ISOLATION_DEFAULT
01:56:36.872 [main] DEBUG org.springframework.orm.jpa.JpaTransactionManager - Opened new EntityManager [org.hibernate.jpa.internal.EntityManagerImpl@4877919f] for JPA transaction
01:56:36.872 [main] DEBUG org.hibernate.engine.transaction.internal.TransactionImpl - begin
01:56:36.873 [main] DEBUG org.springframework.jdbc.datasource.DriverManagerDataSource - Creating new JDBC DriverManager Connection to [jdbc:mysql://us-cdbr-iron-east-05.cleardb.net:3306/heroku_b97a6a29164fbb3]
01:56:38.102 [main] DEBUG org.springframework.orm.jpa.JpaTransactionManager - Exposing JPA transaction as JDBC transaction [org.springframework.orm.jpa.vendor.HibernateJpaDialect$HibernateConnectionHandle@64ae105d]
01:56:38.102 [main] INFO org.springframework.test.context.transaction.TransactionContext - Began transaction (1) for test context [DefaultTestContext@2ce03e86 testClass = RoleUnitTest, testInstance = com.bookstore.test.user.RoleUnitTest@9b47400, testMethod = selectRoleList@RoleUnitTest, testException = [null], mergedContextConfiguration = [WebMergedContextConfiguration@1c628f6a testClass = RoleUnitTest, locations = '{}', classes = '{class com.bookstore.datalayer.config.RepositorySpringConfiguration}', contextInitializerClasses = '[]', activeProfiles = '{}', propertySourceLocations = '{}', propertySourceProperties = '{}', contextCustomizers = set[org.springframework.test.context.web.socket.MockServerContainerContextCustomizer@4b4523f8], resourceBasePath = 'src/main/webapp', contextLoader = 'org.springframework.test.context.web.WebDelegatingSmartContextLoader', parent = [null]]]; transaction manager [org.springframework.orm.jpa.JpaTransactionManager@48eaf42f]; rollback [true]
01:56:38.103 [main] DEBUG org.springframework.data.repository.core.support.TransactionalRepositoryProxyPostProcessor$CustomAnnotationTransactionAttributeSource - Adding transactional method 'findAll' with attribute: PROPAGATION_REQUIRED,ISOLATION_DEFAULT,readOnly; ''
01:56:38.103 [main] DEBUG org.springframework.beans.factory.support.DefaultListableBeanFactory - Returning cached instance of singleton bean 'transactionManager'
01:56:38.103 [main] DEBUG org.springframework.orm.jpa.JpaTransactionManager - Found thread-bound EntityManager [org.hibernate.jpa.internal.EntityManagerImpl@4877919f] for JPA transaction
01:56:38.103 [main] DEBUG org.springframework.orm.jpa.JpaTransactionManager - Participating in existing transaction
01:56:38.104 [main] DEBUG org.hibernate.jpa.criteria.CriteriaQueryImpl - Rendered criteria query -> select generatedAlias0 from Role as generatedAlias0
01:56:38.104 [main] DEBUG org.hibernate.hql.internal.ast.QueryTranslatorImpl - parse() - HQL: select generatedAlias0 from com.bookstore.datalayer.entity.Role as generatedAlias0
01:56:38.106 [main] DEBUG org.hibernate.hql.internal.ast.QueryTranslatorImpl - --- HQL AST ---
 \-[QUERY] Node: 'query'
    \-[SELECT_FROM] Node: 'SELECT_FROM'
       +-[FROM] Node: 'from'
       |  \-[RANGE] Node: 'RANGE'
       |     +-[DOT] Node: '.'
       |     |  +-[DOT] Node: '.'
       |     |  |  +-[DOT] Node: '.'
       |     |  |  |  +-[DOT] Node: '.'
       |     |  |  |  |  +-[IDENT] Node: 'com'
       |     |  |  |  |  \-[IDENT] Node: 'bookstore'
       |     |  |  |  \-[IDENT] Node: 'datalayer'
       |     |  |  \-[IDENT] Node: 'entity'
       |     |  \-[IDENT] Node: 'Role'
       |     \-[ALIAS] Node: 'generatedAlias0'
       \-[SELECT] Node: 'select'
          \-[IDENT] Node: 'generatedAlias0'

01:56:38.106 [main] DEBUG org.hibernate.hql.internal.ast.ErrorCounter - throwQueryException() : no errors
01:56:38.106 [main] DEBUG org.hibernate.hql.internal.antlr.HqlSqlBaseWalker - select << begin [level=1, statement=select]
01:56:38.106 [main] DEBUG org.hibernate.hql.internal.ast.tree.FromElement - FromClause{level=1} : com.bookstore.datalayer.entity.Role (generatedAlias0) -> role0_
01:56:38.107 [main] DEBUG org.hibernate.hql.internal.ast.tree.FromReferenceNode - Resolved : generatedAlias0 -> role0_.role_id
01:56:38.107 [main] DEBUG org.hibernate.hql.internal.antlr.HqlSqlBaseWalker - select : finishing up [level=1, statement=select]
01:56:38.107 [main] DEBUG org.hibernate.hql.internal.ast.HqlSqlWalker - processQuery() :  ( SELECT ( {select clause} role0_.role_id ) ( FromClause{level=1} role role0_ ) )
01:56:38.107 [main] DEBUG org.hibernate.hql.internal.ast.util.JoinProcessor - Using FROM fragment [role role0_]
01:56:38.107 [main] DEBUG org.hibernate.hql.internal.antlr.HqlSqlBaseWalker - select >> end [level=1, statement=select]
01:56:38.107 [main] DEBUG org.hibernate.hql.internal.ast.QueryTranslatorImpl - --- SQL AST ---
 \-[SELECT] QueryNode: 'SELECT'  querySpaces (role)
    +-[SELECT_CLAUSE] SelectClause: '{select clause}'
    |  +-[ALIAS_REF] IdentNode: 'role0_.role_id as role_id1_2_' {alias=generatedAlias0, className=com.bookstore.datalayer.entity.Role, tableAlias=role0_}
    |  \-[SQL_TOKEN] SqlFragment: 'role0_.name as name2_2_'
    \-[FROM] FromClause: 'from' FromClause{level=1, fromElementCounter=1, fromElements=1, fromElementByClassAlias=[generatedAlias0], fromElementByTableAlias=[role0_], fromElementsByPath=[], collectionJoinFromElementsByPath=[], impliedElements=[]}
       \-[FROM_FRAGMENT] FromElement: 'role role0_' FromElement{explicit,not a collection join,not a fetch join,fetch non-lazy properties,classAlias=generatedAlias0,role=null,tableName=role,tableAlias=role0_,origin=null,columns={,className=com.bookstore.datalayer.entity.Role}}

01:56:38.107 [main] DEBUG org.hibernate.hql.internal.ast.ErrorCounter - throwQueryException() : no errors
01:56:38.108 [main] DEBUG org.hibernate.hql.internal.ast.QueryTranslatorImpl - HQL: select generatedAlias0 from com.bookstore.datalayer.entity.Role as generatedAlias0
01:56:38.108 [main] DEBUG org.hibernate.hql.internal.ast.QueryTranslatorImpl - SQL: select role0_.role_id as role_id1_2_, role0_.name as name2_2_ from role role0_
01:56:38.108 [main] DEBUG org.hibernate.hql.internal.ast.ErrorCounter - throwQueryException() : no errors
01:56:38.109 [main] DEBUG org.hibernate.SQL - select role0_.role_id as role_id1_2_, role0_.name as name2_2_ from role role0_
Hibernate: select role0_.role_id as role_id1_2_, role0_.name as name2_2_ from role role0_
01:56:38.245 [main] DEBUG org.springframework.orm.jpa.JpaTransactionManager - Initiating transaction rollback
01:56:38.245 [main] DEBUG org.springframework.orm.jpa.JpaTransactionManager - Rolling back JPA transaction on EntityManager [org.hibernate.jpa.internal.EntityManagerImpl@4877919f]
01:56:38.245 [main] DEBUG org.hibernate.engine.transaction.internal.TransactionImpl - rolling back
01:56:38.508 [main] DEBUG org.springframework.orm.jpa.JpaTransactionManager - Closing JPA EntityManager [org.hibernate.jpa.internal.EntityManagerImpl@4877919f] after transaction
01:56:38.508 [main] DEBUG org.springframework.orm.jpa.EntityManagerFactoryUtils - Closing JPA EntityManager
01:56:38.509 [main] INFO org.springframework.test.context.transaction.TransactionContext - Rolled back transaction for test context [DefaultTestContext@2ce03e86 testClass = RoleUnitTest, testInstance = com.bookstore.test.user.RoleUnitTest@9b47400, testMethod = selectRoleList@RoleUnitTest, testException = java.lang.AssertionError, mergedContextConfiguration = [WebMergedContextConfiguration@1c628f6a testClass = RoleUnitTest, locations = '{}', classes = '{class com.bookstore.datalayer.config.RepositorySpringConfiguration}', contextInitializerClasses = '[]', activeProfiles = '{}', propertySourceLocations = '{}', propertySourceProperties = '{}', contextCustomizers = set[org.springframework.test.context.web.socket.MockServerContainerContextCustomizer@4b4523f8], resourceBasePath = 'src/main/webapp', contextLoader = 'org.springframework.test.context.web.WebDelegatingSmartContextLoader', parent = [null]]].
01:56:38.509 [main] DEBUG org.springframework.test.context.support.AbstractDirtiesContextTestExecutionListener - After test method: context [DefaultTestContext@2ce03e86 testClass = RoleUnitTest, testInstance = com.bookstore.test.user.RoleUnitTest@9b47400, testMethod = selectRoleList@RoleUnitTest, testException = java.lang.AssertionError, mergedContextConfiguration = [WebMergedContextConfiguration@1c628f6a testClass = RoleUnitTest, locations = '{}', classes = '{class com.bookstore.datalayer.config.RepositorySpringConfiguration}', contextInitializerClasses = '[]', activeProfiles = '{}', propertySourceLocations = '{}', propertySourceProperties = '{}', contextCustomizers = set[org.springframework.test.context.web.socket.MockServerContainerContextCustomizer@4b4523f8], resourceBasePath = 'src/main/webapp', contextLoader = 'org.springframework.test.context.web.WebDelegatingSmartContextLoader', parent = [null]]], class annotated with @DirtiesContext [false] with mode [null], method annotated with @DirtiesContext [false] with mode [null].
01:56:38.509 [main] DEBUG org.springframework.test.context.web.ServletTestExecutionListener - Resetting RequestContextHolder for test context [DefaultTestContext@2ce03e86 testClass = RoleUnitTest, testInstance = com.bookstore.test.user.RoleUnitTest@9b47400, testMethod = selectRoleList@RoleUnitTest, testException = java.lang.AssertionError, mergedContextConfiguration = [WebMergedContextConfiguration@1c628f6a testClass = RoleUnitTest, locations = '{}', classes = '{class com.bookstore.datalayer.config.RepositorySpringConfiguration}', contextInitializerClasses = '[]', activeProfiles = '{}', propertySourceLocations = '{}', propertySourceProperties = '{}', contextCustomizers = set[org.springframework.test.context.web.socket.MockServerContainerContextCustomizer@4b4523f8], resourceBasePath = 'src/main/webapp', contextLoader = 'org.springframework.test.context.web.WebDelegatingSmartContextLoader', parent = [null]]].
]]></system-out>
  </testcase>
</testsuite>